<?xml version="1.0" encoding="utf-8"?><testsuites><testsuite errors="0" failures="0" hostname="fv-az191" name="pytest" skipped="0" tests="762" time="4.862" timestamp="2020-02-25T19:02:19.797333"><testcase classname="zdevelop.tests.test_docstrings.TestClassDocstring" file="zdevelop/tests/test_docstrings.py" line="6" name="test_regular" time="0.014"></testcase><testcase classname="zdevelop.tests.test_docstrings.TestClassDocstring" file="zdevelop/tests/test_docstrings.py" line="19" name="test_from_class_regular" time="0.003"></testcase><testcase classname="zdevelop.tests.test_docstrings.TestClassDocstring" file="zdevelop/tests/test_docstrings.py" line="32" name="test_schema_priority" time="0.003"></testcase><testcase classname="zdevelop.tests.test_docstrings.TestAttrDocstringDescriptions" file="zdevelop/tests/test_docstrings.py" line="47" name="test_single" time="0.003"></testcase><testcase classname="zdevelop.tests.test_docstrings.TestAttrDocstringDescriptions" file="zdevelop/tests/test_docstrings.py" line="58" name="test_single_newlined" time="0.003"></testcase><testcase classname="zdevelop.tests.test_docstrings.TestAttrDocstringDescriptions" file="zdevelop/tests/test_docstrings.py" line="71" name="test_single_multiline" time="0.003"></testcase><testcase classname="zdevelop.tests.test_docstrings.TestAttrDocstringDescriptions" file="zdevelop/tests/test_docstrings.py" line="88" name="test_double" time="0.003"></testcase><testcase classname="zdevelop.tests.test_docstrings.TestAttrDocstringDescriptions" file="zdevelop/tests/test_docstrings.py" line="103" name="test_inheritance" time="0.004"></testcase><testcase classname="zdevelop.tests.test_docstrings.TestAttrDocstringDescriptions" file="zdevelop/tests/test_docstrings.py" line="120" name="test_inheritance_override" time="0.004"></testcase><testcase classname="zdevelop.tests.test_docstrings.TestAttrDocstringDescriptions" file="zdevelop/tests/test_docstrings.py" line="140" name="test_missing_description" time="0.003"></testcase><testcase classname="zdevelop.tests.test_docstrings.TestAttrDocstringDescriptions" file="zdevelop/tests/test_docstrings.py" line="153" name="test_wacky" time="0.004"></testcase><testcase classname="zdevelop.tests.test_docstrings.TestAttrDocstringDescriptions" file="zdevelop/tests/test_docstrings.py" line="186" name="test_codegen" time="0.003"></testcase><testcase classname="zdevelop.tests.test_errors.TestSchemaGenErrors" file="zdevelop/tests/test_errors.py" line="20" name="test_simple_schema" time="0.002"></testcase><testcase classname="zdevelop.tests.test_errors.TestSchemaGenErrors" file="zdevelop/tests/test_errors.py" line="30" name="test_non_dataclass_raises" time="0.001"></testcase><testcase classname="zdevelop.tests.test_errors.TestSchemaGenErrors" file="zdevelop/tests/test_errors.py" line="37" name="test_dataclass_non_optional_raises" time="0.003"></testcase><testcase classname="zdevelop.tests.test_errors.TestSchemaGenErrors" file="zdevelop/tests/test_errors.py" line="47" name="test_dataclass_no_default_load_raises" time="0.003"></testcase><testcase classname="zdevelop.tests.test_errors.TestSchemaGenErrors" file="zdevelop/tests/test_errors.py" line="57" name="test_dataclass_nested_load_non_optional_raises" time="0.005"></testcase><testcase classname="zdevelop.tests.test_errors.TestSchemaGenErrors" file="zdevelop/tests/test_errors.py" line="75" name="test_true_union_raises" time="0.002"></testcase><testcase classname="zdevelop.tests.test_errors.TestSchemaGenErrors" file="zdevelop/tests/test_errors.py" line="83" name="test_any_raises" time="0.002"></testcase><testcase classname="zdevelop.tests.test_errors.TestSchemaGenErrors" file="zdevelop/tests/test_errors.py" line="91" name="test_any_list_raises" time="0.002"></testcase><testcase classname="zdevelop.tests.test_errors.TestSchemaGenErrors" file="zdevelop/tests/test_errors.py" line="99" name="test_any_dict_raises" time="0.002"></testcase><testcase classname="zdevelop.tests.test_errors.TestSchemaGenErrors" file="zdevelop/tests/test_errors.py" line="107" name="test_base_list_raises" time="0.002"></testcase><testcase classname="zdevelop.tests.test_errors.TestSchemaGenErrors" file="zdevelop/tests/test_errors.py" line="115" name="test_base_unknown_type_raises" time="0.002"></testcase><testcase classname="zdevelop.tests.test_errors.TestSchemaGenErrors" file="zdevelop/tests/test_errors.py" line="123" name="test_union_optional_type_raises" time="0.002"></testcase><testcase classname="zdevelop.tests.test_errors.TestSchemaGenErrors" file="zdevelop/tests/test_errors.py" line="131" name="test_unresolved_typevar_raises" time="0.002"></testcase><testcase classname="zdevelop.tests.test_errors.TestSchemaGenErrors" file="zdevelop/tests/test_errors.py" line="136" name="test_typevar_wrong_type_raises" time="0.003"></testcase><testcase classname="zdevelop.tests.test_errors.TestSchemaGenErrors" file="zdevelop/tests/test_errors.py" line="142" name="test_invalid_email_raises" time="0.002"></testcase><testcase classname="zdevelop.tests.test_errors.TestSchemaGenErrors" file="zdevelop/tests/test_errors.py" line="147" name="test_invalid_url_raises" time="0.008"></testcase><testcase classname="zdevelop.tests.test_errors.TestSchemaGenErrors" file="zdevelop/tests/test_errors.py" line="162" name="test_invalid_datetime_raises" time="0.002"></testcase><testcase classname="zdevelop.tests.test_schema.TestLoadDump" file="zdevelop/tests/test_schema.py" line="340" name="test_load_dump[False-False-False-load-data_obj0-data_dict0-None-None]" time="0.003"><system-out>DATA DICT: {&apos;text&apos;: &apos;value&apos;}
DATA OBJ: Simple(text=&apos;value&apos;)
</system-out></testcase><testcase classname="zdevelop.tests.test_schema.TestLoadDump" file="zdevelop/tests/test_schema.py" line="340" name="test_load_dump[False-False-False-load-data_obj1-data_dict1-None-None]" time="0.003"><system-out>DATA DICT: {&apos;text&apos;: &apos;value&apos;}
DATA OBJ: SimpleOptional(text=&apos;value&apos;)
</system-out></testcase><testcase classname="zdevelop.tests.test_schema.TestLoadDump" file="zdevelop/tests/test_schema.py" line="340" name="test_load_dump[False-False-False-load-data_obj2-data_dict2-None-None]" time="0.003"><system-out>DATA DICT: {&apos;text&apos;: None}
DATA OBJ: SimpleOptional(text=None)
</system-out></testcase><testcase classname="zdevelop.tests.test_schema.TestLoadDump" file="zdevelop/tests/test_schema.py" line="340" name="test_load_dump[False-False-False-load-data_obj3-data_dict3-None-dict_answer3]" time="0.003"><system-out>DATA DICT: {}
DATA OBJ: SimpleDefault(text=&apos;value&apos;)
</system-out></testcase><testcase classname="zdevelop.tests.test_schema.TestLoadDump" file="zdevelop/tests/test_schema.py" line="340" name="test_load_dump[False-False-False-load-data_obj4-data_dict4-None-None]" time="0.003"><system-out>DATA DICT: {&apos;text_list&apos;: [&apos;value1&apos;, &apos;value2&apos;]}
DATA OBJ: HasList(text_list=[&apos;value1&apos;, &apos;value2&apos;])
</system-out></testcase><testcase classname="zdevelop.tests.test_schema.TestLoadDump" file="zdevelop/tests/test_schema.py" line="340" name="test_load_dump[False-False-False-load-data_obj5-data_dict5-None-dict_answer5]" time="0.003"><system-out>DATA DICT: {}
DATA OBJ: HasListDefault(text_list=[])
</system-out></testcase><testcase classname="zdevelop.tests.test_schema.TestLoadDump" file="zdevelop/tests/test_schema.py" line="340" name="test_load_dump[False-False-False-load-data_obj6-data_dict6-None-None]" time="0.003"><system-out>DATA DICT: {&apos;int_mapping&apos;: {&apos;one&apos;: 1, &apos;two&apos;: 2}}
DATA OBJ: HasDict(int_mapping={&apos;one&apos;: 1, &apos;two&apos;: 2})
</system-out></testcase><testcase classname="zdevelop.tests.test_schema.TestLoadDump" file="zdevelop/tests/test_schema.py" line="340" name="test_load_dump[False-False-False-load-data_obj7-data_dict7-None-None]" time="0.003"><system-out>DATA DICT: {&apos;int_mapping&apos;: {&apos;one&apos;: 1, &apos;two&apos;: 2}}
DATA OBJ: HasBaseDict(int_mapping={&apos;one&apos;: 1, &apos;two&apos;: 2})
</system-out></testcase><testcase classname="zdevelop.tests.test_schema.TestLoadDump" file="zdevelop/tests/test_schema.py" line="340" name="test_load_dump[False-False-False-load-data_obj8-data_dict8-None-None]" time="0.005"><system-out>DATA DICT: {&apos;nested&apos;: {&apos;text&apos;: &apos;value&apos;}}
DATA OBJ: SimpleRoot(nested=SimpleNested(text=&apos;value&apos;))
</system-out></testcase><testcase classname="zdevelop.tests.test_schema.TestLoadDump" file="zdevelop/tests/test_schema.py" line="340" name="test_load_dump[False-False-False-load-data_obj9-data_dict9-None-None]" time="0.005"><system-out>DATA DICT: {&apos;nested&apos;: {&apos;text&apos;: &apos;value&apos;}}
DATA OBJ: OptionalRoot(nested=OptionalNested(text=&apos;value&apos;))
</system-out></testcase><testcase classname="zdevelop.tests.test_schema.TestLoadDump" file="zdevelop/tests/test_schema.py" line="340" name="test_load_dump[False-False-False-load-data_obj10-data_dict10-None-None]" time="0.009"><system-out>DATA DICT: {&apos;nested&apos;: {&apos;text&apos;: None}}
DATA OBJ: OptionalRoot(nested=OptionalNested(text=None))
</system-out></testcase><testcase classname="zdevelop.tests.test_schema.TestLoadDump" file="zdevelop/tests/test_schema.py" line="340" name="test_load_dump[False-False-False-load-data_obj11-data_dict11-None-None]" time="0.007"><system-out>DATA DICT: {&apos;nested&apos;: [{&apos;text&apos;: &apos;value1&apos;}, {&apos;text&apos;: &apos;value2&apos;}]}
DATA OBJ: ListRoot(nested=[ListNested(text=&apos;value1&apos;), ListNested(text=&apos;value2&apos;)])
</system-out></testcase><testcase classname="zdevelop.tests.test_schema.TestLoadDump" file="zdevelop/tests/test_schema.py" line="340" name="test_load_dump[False-False-False-load-data_obj12-data_dict12-None-None]" time="0.004"><system-out>DATA DICT: {&apos;value&apos;: &apos;answer&apos;}
DATA OBJ: ConcreteTypeVar(value=&apos;answer&apos;)
</system-out></testcase><testcase classname="zdevelop.tests.test_schema.TestLoadDump" file="zdevelop/tests/test_schema.py" line="340" name="test_load_dump[False-False-False-load-data_obj13-data_dict13-None-None]" time="0.004"><system-out>DATA DICT: {&apos;value&apos;: &apos;answer&apos;}
DATA OBJ: OptionalConcrete(value=&apos;answer&apos;)
</system-out></testcase><testcase classname="zdevelop.tests.test_schema.TestLoadDump" file="zdevelop/tests/test_schema.py" line="340" name="test_load_dump[False-False-False-load-data_obj14-data_dict14-None-None]" time="0.004"><system-out>DATA DICT: {&apos;value&apos;: None}
DATA OBJ: OptionalConcrete(value=None)
</system-out></testcase><testcase classname="zdevelop.tests.test_schema.TestLoadDump" file="zdevelop/tests/test_schema.py" line="340" name="test_load_dump[False-False-False-load-data_obj15-data_dict15-None-None]" time="0.003"><system-out>DATA DICT: {&apos;value&apos;: &apos;someone@gmail.com&apos;}
DATA OBJ: HasEmail(value=&apos;someone@gmail.com&apos;)
</system-out></testcase><testcase classname="zdevelop.tests.test_schema.TestLoadDump" file="zdevelop/tests/test_schema.py" line="340" name="test_load_dump[False-False-False-load-data_obj16-data_dict16-None-None]" time="0.004"><system-out>DATA DICT: {&apos;value&apos;: &apos;https://www.google.com&apos;}
DATA OBJ: HasURL(value=&apos;https://www.google.com&apos;)
</system-out></testcase><testcase classname="zdevelop.tests.test_schema.TestLoadDump" file="zdevelop/tests/test_schema.py" line="340" name="test_load_dump[False-False-False-load-data_obj17-data_dict17-None-None]" time="0.004"><system-out>DATA DICT: {&apos;value&apos;: &apos;05281639-498a-40db-a2c9-629b10f9cc52&apos;}
DATA OBJ: HasUUID(value=UUID(&apos;05281639-498a-40db-a2c9-629b10f9cc52&apos;))
</system-out></testcase><testcase classname="zdevelop.tests.test_schema.TestLoadDump" file="zdevelop/tests/test_schema.py" line="340" name="test_load_dump[False-False-False-load-data_obj18-data_dict18-None-None]" time="0.003"><system-out>DATA DICT: {&apos;value&apos;: &apos;2020-02-25T19:02:20.115180+00:00&apos;}
DATA OBJ: HasDateTime(value=datetime.datetime(2020, 2, 25, 19, 2, 20, 115180, tzinfo=&lt;UTC&gt;))
</system-out></testcase><testcase classname="zdevelop.tests.test_schema.TestLoadDump" file="zdevelop/tests/test_schema.py" line="340" name="test_load_dump[False-False-False-load-data_obj19-data_dict19-None-None]" time="0.003"><system-out>DATA DICT: {&apos;value&apos;: &apos;2020-02-25&apos;}
DATA OBJ: HasDate(value=datetime.date(2020, 2, 25))
</system-out></testcase><testcase classname="zdevelop.tests.test_schema.TestLoadDump" file="zdevelop/tests/test_schema.py" line="340" name="test_load_dump[False-False-False-load-data_obj20-data_dict20-None-None]" time="0.003"><system-out>DATA DICT: {&apos;value&apos;: &apos;12:00:00&apos;}
DATA OBJ: HasTime(value=datetime.time(12, 0))
</system-out></testcase><testcase classname="zdevelop.tests.test_schema.TestLoadDump" file="zdevelop/tests/test_schema.py" line="340" name="test_load_dump[False-False-False-load-data_obj21-data_dict21-None-None]" time="0.003"><system-out>DATA DICT: {&apos;value&apos;: True}
DATA OBJ: HasBool(value=True)
</system-out></testcase><testcase classname="zdevelop.tests.test_schema.TestLoadDump" file="zdevelop/tests/test_schema.py" line="340" name="test_load_dump[False-False-False-load-data_obj22-data_dict22-None-None]" time="0.003"><system-out>DATA DICT: {&apos;value&apos;: False}
DATA OBJ: HasBool(value=False)
</system-out></testcase><testcase classname="zdevelop.tests.test_schema.TestLoadDump" file="zdevelop/tests/test_schema.py" line="340" name="test_load_dump[False-False-False-load-data_obj23-data_dict23-None-None]" time="0.005"><system-out>DATA DICT: {&apos;simple_list&apos;: [{&apos;text&apos;: &apos;value&apos;}, None]}
DATA OBJ: HasOptionalListItems(simple_list=[Simple(text=&apos;value&apos;), None])
</system-out></testcase><testcase classname="zdevelop.tests.test_schema.TestLoadDump" file="zdevelop/tests/test_schema.py" line="340" name="test_load_dump[False-False-False-load-data_obj24-data_dict24-None-None]" time="0.005"><system-out>DATA DICT: {&apos;simple_list&apos;: [None, {&apos;text&apos;: &apos;value&apos;}, None]}
DATA OBJ: HasOptionalListItems(simple_list=[None, Simple(text=&apos;value&apos;), None])
</system-out></testcase><testcase classname="zdevelop.tests.test_schema.TestLoadDump" file="zdevelop/tests/test_schema.py" line="340" name="test_load_dump[False-False-False-load-data_obj25-data_dict25-None-None]" time="0.005"><system-out>DATA DICT: {&apos;simple_list&apos;: [None, {&apos;text&apos;: &apos;value&apos;}]}
DATA OBJ: HasOptionalListItems(simple_list=[None, Simple(text=&apos;value&apos;)])
</system-out></testcase><testcase classname="zdevelop.tests.test_schema.TestLoadDump" file="zdevelop/tests/test_schema.py" line="340" name="test_load_dump[False-False-False-load-data_obj26-data_dict26-None-None]" time="0.005"><system-out>DATA DICT: {&apos;simple_list&apos;: [None, {&apos;text&apos;: &apos;value&apos;}, {&apos;text&apos;: &apos;value&apos;}, None, {&apos;text&apos;: &apos;value&apos;}]}
DATA OBJ: HasOptionalListItems(simple_list=[None, Simple(text=&apos;value&apos;), Simple(text=&apos;value&apos;), None, Simple(text=&apos;value&apos;)])
</system-out></testcase><testcase classname="zdevelop.tests.test_schema.TestLoadDump" file="zdevelop/tests/test_schema.py" line="340" name="test_load_dump[False-False-False-load-data_obj27-data_dict27-None-None]" time="0.005"><system-out>DATA DICT: {&apos;simple&apos;: None}
DATA OBJ: HasOptionalDataclass(simple=None)
</system-out></testcase><testcase classname="zdevelop.tests.test_schema.TestLoadDump" file="zdevelop/tests/test_schema.py" line="340" name="test_load_dump[False-False-False-load-data_obj28-data_dict28-None-None]" time="0.004"><system-out>DATA DICT: {&apos;key&apos;: &apos;value&apos;}
DATA OBJ: FrozenPostInit(key=&apos;value&apos;)
</system-out></testcase><testcase classname="zdevelop.tests.test_schema.TestLoadDump" file="zdevelop/tests/test_schema.py" line="340" name="test_load_dump[False-False-False-dump-data_obj0-data_dict0-None-None]" time="0.003"></testcase><testcase classname="zdevelop.tests.test_schema.TestLoadDump" file="zdevelop/tests/test_schema.py" line="340" name="test_load_dump[False-False-False-dump-data_obj1-data_dict1-None-None]" time="0.003"></testcase><testcase classname="zdevelop.tests.test_schema.TestLoadDump" file="zdevelop/tests/test_schema.py" line="340" name="test_load_dump[False-False-False-dump-data_obj2-data_dict2-None-None]" time="0.003"></testcase><testcase classname="zdevelop.tests.test_schema.TestLoadDump" file="zdevelop/tests/test_schema.py" line="340" name="test_load_dump[False-False-False-dump-data_obj3-data_dict3-None-dict_answer3]" time="0.003"></testcase><testcase classname="zdevelop.tests.test_schema.TestLoadDump" file="zdevelop/tests/test_schema.py" line="340" name="test_load_dump[False-False-False-dump-data_obj4-data_dict4-None-None]" time="0.003"></testcase><testcase classname="zdevelop.tests.test_schema.TestLoadDump" file="zdevelop/tests/test_schema.py" line="340" name="test_load_dump[False-False-False-dump-data_obj5-data_dict5-None-dict_answer5]" time="0.003"></testcase><testcase classname="zdevelop.tests.test_schema.TestLoadDump" file="zdevelop/tests/test_schema.py" line="340" name="test_load_dump[False-False-False-dump-data_obj6-data_dict6-None-None]" time="0.004"></testcase><testcase classname="zdevelop.tests.test_schema.TestLoadDump" file="zdevelop/tests/test_schema.py" line="340" name="test_load_dump[False-False-False-dump-data_obj7-data_dict7-None-None]" time="0.003"></testcase><testcase classname="zdevelop.tests.test_schema.TestLoadDump" file="zdevelop/tests/test_schema.py" line="340" name="test_load_dump[False-False-False-dump-data_obj8-data_dict8-None-None]" time="0.004"></testcase><testcase classname="zdevelop.tests.test_schema.TestLoadDump" file="zdevelop/tests/test_schema.py" line="340" name="test_load_dump[False-False-False-dump-data_obj9-data_dict9-None-None]" time="0.004"></testcase><testcase classname="zdevelop.tests.test_schema.TestLoadDump" file="zdevelop/tests/test_schema.py" line="340" name="test_load_dump[False-False-False-dump-data_obj10-data_dict10-None-None]" time="0.004"></testcase><testcase classname="zdevelop.tests.test_schema.TestLoadDump" file="zdevelop/tests/test_schema.py" line="340" name="test_load_dump[False-False-False-dump-data_obj11-data_dict11-None-None]" time="0.004"></testcase><testcase classname="zdevelop.tests.test_schema.TestLoadDump" file="zdevelop/tests/test_schema.py" line="340" name="test_load_dump[False-False-False-dump-data_obj12-data_dict12-None-None]" time="0.004"></testcase><testcase classname="zdevelop.tests.test_schema.TestLoadDump" file="zdevelop/tests/test_schema.py" line="340" name="test_load_dump[False-False-False-dump-data_obj13-data_dict13-None-None]" time="0.004"></testcase><testcase classname="zdevelop.tests.test_schema.TestLoadDump" file="zdevelop/tests/test_schema.py" line="340" name="test_load_dump[False-False-False-dump-data_obj14-data_dict14-None-None]" time="0.003"></testcase><testcase classname="zdevelop.tests.test_schema.TestLoadDump" file="zdevelop/tests/test_schema.py" line="340" name="test_load_dump[False-False-False-dump-data_obj15-data_dict15-None-None]" time="0.003"></testcase><testcase classname="zdevelop.tests.test_schema.TestLoadDump" file="zdevelop/tests/test_schema.py" line="340" name="test_load_dump[False-False-False-dump-data_obj16-data_dict16-None-None]" time="0.003"></testcase><testcase classname="zdevelop.tests.test_schema.TestLoadDump" file="zdevelop/tests/test_schema.py" line="340" name="test_load_dump[False-False-False-dump-data_obj17-data_dict17-None-None]" time="0.003"></testcase><testcase classname="zdevelop.tests.test_schema.TestLoadDump" file="zdevelop/tests/test_schema.py" line="340" name="test_load_dump[False-False-False-dump-data_obj18-data_dict18-None-None]" time="0.003"></testcase><testcase classname="zdevelop.tests.test_schema.TestLoadDump" file="zdevelop/tests/test_schema.py" line="340" name="test_load_dump[False-False-False-dump-data_obj19-data_dict19-None-None]" time="0.003"></testcase><testcase classname="zdevelop.tests.test_schema.TestLoadDump" file="zdevelop/tests/test_schema.py" line="340" name="test_load_dump[False-False-False-dump-data_obj20-data_dict20-None-None]" time="0.003"></testcase><testcase classname="zdevelop.tests.test_schema.TestLoadDump" file="zdevelop/tests/test_schema.py" line="340" name="test_load_dump[False-False-False-dump-data_obj21-data_dict21-None-None]" time="0.003"></testcase><testcase classname="zdevelop.tests.test_schema.TestLoadDump" file="zdevelop/tests/test_schema.py" line="340" name="test_load_dump[False-False-False-dump-data_obj22-data_dict22-None-None]" time="0.003"></testcase><testcase classname="zdevelop.tests.test_schema.TestLoadDump" file="zdevelop/tests/test_schema.py" line="340" name="test_load_dump[False-False-False-dump-data_obj23-data_dict23-None-None]" time="0.004"></testcase><testcase classname="zdevelop.tests.test_schema.TestLoadDump" file="zdevelop/tests/test_schema.py" line="340" name="test_load_dump[False-False-False-dump-data_obj24-data_dict24-None-None]" time="0.004"></testcase><testcase classname="zdevelop.tests.test_schema.TestLoadDump" file="zdevelop/tests/test_schema.py" line="340" name="test_load_dump[False-False-False-dump-data_obj25-data_dict25-None-None]" time="0.004"></testcase><testcase classname="zdevelop.tests.test_schema.TestLoadDump" file="zdevelop/tests/test_schema.py" line="340" name="test_load_dump[False-False-False-dump-data_obj26-data_dict26-None-None]" time="0.004"></testcase><testcase classname="zdevelop.tests.test_schema.TestLoadDump" file="zdevelop/tests/test_schema.py" line="340" name="test_load_dump[False-False-False-dump-data_obj27-data_dict27-None-None]" time="0.004"></testcase><testcase classname="zdevelop.tests.test_schema.TestLoadDump" file="zdevelop/tests/test_schema.py" line="340" name="test_load_dump[False-False-False-dump-data_obj28-data_dict28-None-None]" time="0.004"></testcase><testcase classname="zdevelop.tests.test_schema.TestLoadDump" file="zdevelop/tests/test_schema.py" line="340" name="test_load_dump[False-False-False-validate-data_obj0-data_dict0-None-None]" time="0.003"></testcase><testcase classname="zdevelop.tests.test_schema.TestLoadDump" file="zdevelop/tests/test_schema.py" line="340" name="test_load_dump[False-False-False-validate-data_obj1-data_dict1-None-None]" time="0.003"></testcase><testcase classname="zdevelop.tests.test_schema.TestLoadDump" file="zdevelop/tests/test_schema.py" line="340" name="test_load_dump[False-False-False-validate-data_obj2-data_dict2-None-None]" time="0.003"></testcase><testcase classname="zdevelop.tests.test_schema.TestLoadDump" file="zdevelop/tests/test_schema.py" line="340" name="test_load_dump[False-False-False-validate-data_obj3-data_dict3-None-dict_answer3]" time="0.003"></testcase><testcase classname="zdevelop.tests.test_schema.TestLoadDump" file="zdevelop/tests/test_schema.py" line="340" name="test_load_dump[False-False-False-validate-data_obj4-data_dict4-None-None]" time="0.003"></testcase><testcase classname="zdevelop.tests.test_schema.TestLoadDump" file="zdevelop/tests/test_schema.py" line="340" name="test_load_dump[False-False-False-validate-data_obj5-data_dict5-None-dict_answer5]" time="0.003"></testcase><testcase classname="zdevelop.tests.test_schema.TestLoadDump" file="zdevelop/tests/test_schema.py" line="340" name="test_load_dump[False-False-False-validate-data_obj6-data_dict6-None-None]" time="0.003"></testcase><testcase classname="zdevelop.tests.test_schema.TestLoadDump" file="zdevelop/tests/test_schema.py" line="340" name="test_load_dump[False-False-False-validate-data_obj7-data_dict7-None-None]" time="0.003"></testcase><testcase classname="zdevelop.tests.test_schema.TestLoadDump" file="zdevelop/tests/test_schema.py" line="340" name="test_load_dump[False-False-False-validate-data_obj8-data_dict8-None-None]" time="0.004"></testcase><testcase classname="zdevelop.tests.test_schema.TestLoadDump" file="zdevelop/tests/test_schema.py" line="340" name="test_load_dump[False-False-False-validate-data_obj9-data_dict9-None-None]" time="0.004"></testcase><testcase classname="zdevelop.tests.test_schema.TestLoadDump" file="zdevelop/tests/test_schema.py" line="340" name="test_load_dump[False-False-False-validate-data_obj10-data_dict10-None-None]" time="0.006"></testcase><testcase classname="zdevelop.tests.test_schema.TestLoadDump" file="zdevelop/tests/test_schema.py" line="340" name="test_load_dump[False-False-False-validate-data_obj11-data_dict11-None-None]" time="0.004"></testcase><testcase classname="zdevelop.tests.test_schema.TestLoadDump" file="zdevelop/tests/test_schema.py" line="340" name="test_load_dump[False-False-False-validate-data_obj12-data_dict12-None-None]" time="0.003"></testcase><testcase classname="zdevelop.tests.test_schema.TestLoadDump" file="zdevelop/tests/test_schema.py" line="340" name="test_load_dump[False-False-False-validate-data_obj13-data_dict13-None-None]" time="0.003"></testcase><testcase classname="zdevelop.tests.test_schema.TestLoadDump" file="zdevelop/tests/test_schema.py" line="340" name="test_load_dump[False-False-False-validate-data_obj14-data_dict14-None-None]" time="0.003"></testcase><testcase classname="zdevelop.tests.test_schema.TestLoadDump" file="zdevelop/tests/test_schema.py" line="340" name="test_load_dump[False-False-False-validate-data_obj15-data_dict15-None-None]" time="0.003"></testcase><testcase classname="zdevelop.tests.test_schema.TestLoadDump" file="zdevelop/tests/test_schema.py" line="340" name="test_load_dump[False-False-False-validate-data_obj16-data_dict16-None-None]" time="0.004"></testcase><testcase classname="zdevelop.tests.test_schema.TestLoadDump" file="zdevelop/tests/test_schema.py" line="340" name="test_load_dump[False-False-False-validate-data_obj17-data_dict17-None-None]" time="0.003"></testcase><testcase classname="zdevelop.tests.test_schema.TestLoadDump" file="zdevelop/tests/test_schema.py" line="340" name="test_load_dump[False-False-False-validate-data_obj18-data_dict18-None-None]" time="0.003"></testcase><testcase classname="zdevelop.tests.test_schema.TestLoadDump" file="zdevelop/tests/test_schema.py" line="340" name="test_load_dump[False-False-False-validate-data_obj19-data_dict19-None-None]" time="0.003"></testcase><testcase classname="zdevelop.tests.test_schema.TestLoadDump" file="zdevelop/tests/test_schema.py" line="340" name="test_load_dump[False-False-False-validate-data_obj20-data_dict20-None-None]" time="0.003"></testcase><testcase classname="zdevelop.tests.test_schema.TestLoadDump" file="zdevelop/tests/test_schema.py" line="340" name="test_load_dump[False-False-False-validate-data_obj21-data_dict21-None-None]" time="0.003"></testcase><testcase classname="zdevelop.tests.test_schema.TestLoadDump" file="zdevelop/tests/test_schema.py" line="340" name="test_load_dump[False-False-False-validate-data_obj22-data_dict22-None-None]" time="0.003"></testcase><testcase classname="zdevelop.tests.test_schema.TestLoadDump" file="zdevelop/tests/test_schema.py" line="340" name="test_load_dump[False-False-False-validate-data_obj23-data_dict23-None-None]" time="0.004"></testcase><testcase classname="zdevelop.tests.test_schema.TestLoadDump" file="zdevelop/tests/test_schema.py" line="340" name="test_load_dump[False-False-False-validate-data_obj24-data_dict24-None-None]" time="0.004"></testcase><testcase classname="zdevelop.tests.test_schema.TestLoadDump" file="zdevelop/tests/test_schema.py" line="340" name="test_load_dump[False-False-False-validate-data_obj25-data_dict25-None-None]" time="0.004"></testcase><testcase classname="zdevelop.tests.test_schema.TestLoadDump" file="zdevelop/tests/test_schema.py" line="340" name="test_load_dump[False-False-False-validate-data_obj26-data_dict26-None-None]" time="0.004"></testcase><testcase classname="zdevelop.tests.test_schema.TestLoadDump" file="zdevelop/tests/test_schema.py" line="340" name="test_load_dump[False-False-False-validate-data_obj27-data_dict27-None-None]" time="0.004"></testcase><testcase classname="zdevelop.tests.test_schema.TestLoadDump" file="zdevelop/tests/test_schema.py" line="340" name="test_load_dump[False-False-False-validate-data_obj28-data_dict28-None-None]" time="0.004"></testcase><testcase classname="zdevelop.tests.test_schema.TestLoadDump" file="zdevelop/tests/test_schema.py" line="340" name="test_load_dump[False-False-True-load-data_obj0-data_dict0-None-None]" time="0.003"><system-out>DATA DICT: {&apos;text&apos;: &apos;value&apos;}
DATA OBJ: Simple(text=&apos;value&apos;)
</system-out></testcase><testcase classname="zdevelop.tests.test_schema.TestLoadDump" file="zdevelop/tests/test_schema.py" line="340" name="test_load_dump[False-False-True-load-data_obj1-data_dict1-None-None]" time="0.003"><system-out>DATA DICT: {&apos;text&apos;: &apos;value&apos;}
DATA OBJ: SimpleOptional(text=&apos;value&apos;)
</system-out></testcase><testcase classname="zdevelop.tests.test_schema.TestLoadDump" file="zdevelop/tests/test_schema.py" line="340" name="test_load_dump[False-False-True-load-data_obj2-data_dict2-None-None]" time="0.003"><system-out>DATA DICT: {&apos;text&apos;: None}
DATA OBJ: SimpleOptional(text=None)
</system-out></testcase><testcase classname="zdevelop.tests.test_schema.TestLoadDump" file="zdevelop/tests/test_schema.py" line="340" name="test_load_dump[False-False-True-load-data_obj3-data_dict3-None-dict_answer3]" time="0.003"><system-out>DATA DICT: {}
DATA OBJ: SimpleDefault(text=&apos;value&apos;)
</system-out></testcase><testcase classname="zdevelop.tests.test_schema.TestLoadDump" file="zdevelop/tests/test_schema.py" line="340" name="test_load_dump[False-False-True-load-data_obj4-data_dict4-None-None]" time="0.004"><system-out>DATA DICT: {&apos;text_list&apos;: [&apos;value1&apos;, &apos;value2&apos;]}
DATA OBJ: HasList(text_list=[&apos;value1&apos;, &apos;value2&apos;])
</system-out></testcase><testcase classname="zdevelop.tests.test_schema.TestLoadDump" file="zdevelop/tests/test_schema.py" line="340" name="test_load_dump[False-False-True-load-data_obj5-data_dict5-None-dict_answer5]" time="0.003"><system-out>DATA DICT: {}
DATA OBJ: HasListDefault(text_list=[])
</system-out></testcase><testcase classname="zdevelop.tests.test_schema.TestLoadDump" file="zdevelop/tests/test_schema.py" line="340" name="test_load_dump[False-False-True-load-data_obj6-data_dict6-None-None]" time="0.004"><system-out>DATA DICT: {&apos;int_mapping&apos;: {&apos;one&apos;: 1, &apos;two&apos;: 2}}
DATA OBJ: HasDict(int_mapping={&apos;one&apos;: 1, &apos;two&apos;: 2})
</system-out></testcase><testcase classname="zdevelop.tests.test_schema.TestLoadDump" file="zdevelop/tests/test_schema.py" line="340" name="test_load_dump[False-False-True-load-data_obj7-data_dict7-None-None]" time="0.003"><system-out>DATA DICT: {&apos;int_mapping&apos;: {&apos;one&apos;: 1, &apos;two&apos;: 2}}
DATA OBJ: HasBaseDict(int_mapping={&apos;one&apos;: 1, &apos;two&apos;: 2})
</system-out></testcase><testcase classname="zdevelop.tests.test_schema.TestLoadDump" file="zdevelop/tests/test_schema.py" line="340" name="test_load_dump[False-False-True-load-data_obj8-data_dict8-None-None]" time="0.004"><system-out>DATA DICT: {&apos;nested&apos;: {&apos;text&apos;: &apos;value&apos;}}
DATA OBJ: SimpleRoot(nested=SimpleNested(text=&apos;value&apos;))
</system-out></testcase><testcase classname="zdevelop.tests.test_schema.TestLoadDump" file="zdevelop/tests/test_schema.py" line="340" name="test_load_dump[False-False-True-load-data_obj9-data_dict9-None-None]" time="0.005"><system-out>DATA DICT: {&apos;nested&apos;: {&apos;text&apos;: &apos;value&apos;}}
DATA OBJ: OptionalRoot(nested=OptionalNested(text=&apos;value&apos;))
</system-out></testcase><testcase classname="zdevelop.tests.test_schema.TestLoadDump" file="zdevelop/tests/test_schema.py" line="340" name="test_load_dump[False-False-True-load-data_obj10-data_dict10-None-None]" time="0.004"><system-out>DATA DICT: {&apos;nested&apos;: {&apos;text&apos;: None}}
DATA OBJ: OptionalRoot(nested=OptionalNested(text=None))
</system-out></testcase><testcase classname="zdevelop.tests.test_schema.TestLoadDump" file="zdevelop/tests/test_schema.py" line="340" name="test_load_dump[False-False-True-load-data_obj11-data_dict11-None-None]" time="0.005"><system-out>DATA DICT: {&apos;nested&apos;: [{&apos;text&apos;: &apos;value1&apos;}, {&apos;text&apos;: &apos;value2&apos;}]}
DATA OBJ: ListRoot(nested=[ListNested(text=&apos;value1&apos;), ListNested(text=&apos;value2&apos;)])
</system-out></testcase><testcase classname="zdevelop.tests.test_schema.TestLoadDump" file="zdevelop/tests/test_schema.py" line="340" name="test_load_dump[False-False-True-load-data_obj12-data_dict12-None-None]" time="0.004"><system-out>DATA DICT: {&apos;value&apos;: &apos;answer&apos;}
DATA OBJ: ConcreteTypeVar(value=&apos;answer&apos;)
</system-out></testcase><testcase classname="zdevelop.tests.test_schema.TestLoadDump" file="zdevelop/tests/test_schema.py" line="340" name="test_load_dump[False-False-True-load-data_obj13-data_dict13-None-None]" time="0.004"><system-out>DATA DICT: {&apos;value&apos;: &apos;answer&apos;}
DATA OBJ: OptionalConcrete(value=&apos;answer&apos;)
</system-out></testcase><testcase classname="zdevelop.tests.test_schema.TestLoadDump" file="zdevelop/tests/test_schema.py" line="340" name="test_load_dump[False-False-True-load-data_obj14-data_dict14-None-None]" time="0.004"><system-out>DATA DICT: {&apos;value&apos;: None}
DATA OBJ: OptionalConcrete(value=None)
</system-out></testcase><testcase classname="zdevelop.tests.test_schema.TestLoadDump" file="zdevelop/tests/test_schema.py" line="340" name="test_load_dump[False-False-True-load-data_obj15-data_dict15-None-None]" time="0.003"><system-out>DATA DICT: {&apos;value&apos;: &apos;someone@gmail.com&apos;}
DATA OBJ: HasEmail(value=&apos;someone@gmail.com&apos;)
</system-out></testcase><testcase classname="zdevelop.tests.test_schema.TestLoadDump" file="zdevelop/tests/test_schema.py" line="340" name="test_load_dump[False-False-True-load-data_obj16-data_dict16-None-None]" time="0.003"><system-out>DATA DICT: {&apos;value&apos;: &apos;https://www.google.com&apos;}
DATA OBJ: HasURL(value=&apos;https://www.google.com&apos;)
</system-out></testcase><testcase classname="zdevelop.tests.test_schema.TestLoadDump" file="zdevelop/tests/test_schema.py" line="340" name="test_load_dump[False-False-True-load-data_obj17-data_dict17-None-None]" time="0.003"><system-out>DATA DICT: {&apos;value&apos;: &apos;05281639-498a-40db-a2c9-629b10f9cc52&apos;}
DATA OBJ: HasUUID(value=UUID(&apos;05281639-498a-40db-a2c9-629b10f9cc52&apos;))
</system-out></testcase><testcase classname="zdevelop.tests.test_schema.TestLoadDump" file="zdevelop/tests/test_schema.py" line="340" name="test_load_dump[False-False-True-load-data_obj18-data_dict18-None-None]" time="0.004"><system-out>DATA DICT: {&apos;value&apos;: &apos;2020-02-25T19:02:20.115180+00:00&apos;}
DATA OBJ: HasDateTime(value=datetime.datetime(2020, 2, 25, 19, 2, 20, 115180, tzinfo=&lt;UTC&gt;))
</system-out></testcase><testcase classname="zdevelop.tests.test_schema.TestLoadDump" file="zdevelop/tests/test_schema.py" line="340" name="test_load_dump[False-False-True-load-data_obj19-data_dict19-None-None]" time="0.003"><system-out>DATA DICT: {&apos;value&apos;: &apos;2020-02-25&apos;}
DATA OBJ: HasDate(value=datetime.date(2020, 2, 25))
</system-out></testcase><testcase classname="zdevelop.tests.test_schema.TestLoadDump" file="zdevelop/tests/test_schema.py" line="340" name="test_load_dump[False-False-True-load-data_obj20-data_dict20-None-None]" time="0.003"><system-out>DATA DICT: {&apos;value&apos;: &apos;12:00:00&apos;}
DATA OBJ: HasTime(value=datetime.time(12, 0))
</system-out></testcase><testcase classname="zdevelop.tests.test_schema.TestLoadDump" file="zdevelop/tests/test_schema.py" line="340" name="test_load_dump[False-False-True-load-data_obj21-data_dict21-None-None]" time="0.003"><system-out>DATA DICT: {&apos;value&apos;: True}
DATA OBJ: HasBool(value=True)
</system-out></testcase><testcase classname="zdevelop.tests.test_schema.TestLoadDump" file="zdevelop/tests/test_schema.py" line="340" name="test_load_dump[False-False-True-load-data_obj22-data_dict22-None-None]" time="0.003"><system-out>DATA DICT: {&apos;value&apos;: False}
DATA OBJ: HasBool(value=False)
</system-out></testcase><testcase classname="zdevelop.tests.test_schema.TestLoadDump" file="zdevelop/tests/test_schema.py" line="340" name="test_load_dump[False-False-True-load-data_obj23-data_dict23-None-None]" time="0.005"><system-out>DATA DICT: {&apos;simple_list&apos;: [{&apos;text&apos;: &apos;value&apos;}, None]}
DATA OBJ: HasOptionalListItems(simple_list=[Simple(text=&apos;value&apos;), None])
</system-out></testcase><testcase classname="zdevelop.tests.test_schema.TestLoadDump" file="zdevelop/tests/test_schema.py" line="340" name="test_load_dump[False-False-True-load-data_obj24-data_dict24-None-None]" time="0.005"><system-out>DATA DICT: {&apos;simple_list&apos;: [None, {&apos;text&apos;: &apos;value&apos;}, None]}
DATA OBJ: HasOptionalListItems(simple_list=[None, Simple(text=&apos;value&apos;), None])
</system-out></testcase><testcase classname="zdevelop.tests.test_schema.TestLoadDump" file="zdevelop/tests/test_schema.py" line="340" name="test_load_dump[False-False-True-load-data_obj25-data_dict25-None-None]" time="0.005"><system-out>DATA DICT: {&apos;simple_list&apos;: [None, {&apos;text&apos;: &apos;value&apos;}]}
DATA OBJ: HasOptionalListItems(simple_list=[None, Simple(text=&apos;value&apos;)])
</system-out></testcase><testcase classname="zdevelop.tests.test_schema.TestLoadDump" file="zdevelop/tests/test_schema.py" line="340" name="test_load_dump[False-False-True-load-data_obj26-data_dict26-None-None]" time="0.005"><system-out>DATA DICT: {&apos;simple_list&apos;: [None, {&apos;text&apos;: &apos;value&apos;}, {&apos;text&apos;: &apos;value&apos;}, None, {&apos;text&apos;: &apos;value&apos;}]}
DATA OBJ: HasOptionalListItems(simple_list=[None, Simple(text=&apos;value&apos;), Simple(text=&apos;value&apos;), None, Simple(text=&apos;value&apos;)])
</system-out></testcase><testcase classname="zdevelop.tests.test_schema.TestLoadDump" file="zdevelop/tests/test_schema.py" line="340" name="test_load_dump[False-False-True-load-data_obj27-data_dict27-None-None]" time="0.004"><system-out>DATA DICT: {&apos;simple&apos;: None}
DATA OBJ: HasOptionalDataclass(simple=None)
</system-out></testcase><testcase classname="zdevelop.tests.test_schema.TestLoadDump" file="zdevelop/tests/test_schema.py" line="340" name="test_load_dump[False-False-True-load-data_obj28-data_dict28-None-None]" time="0.004"><system-out>DATA DICT: {&apos;key&apos;: &apos;value&apos;}
DATA OBJ: FrozenPostInit(key=&apos;value&apos;)
</system-out></testcase><testcase classname="zdevelop.tests.test_schema.TestLoadDump" file="zdevelop/tests/test_schema.py" line="340" name="test_load_dump[False-False-True-dump-data_obj0-data_dict0-None-None]" time="0.003"></testcase><testcase classname="zdevelop.tests.test_schema.TestLoadDump" file="zdevelop/tests/test_schema.py" line="340" name="test_load_dump[False-False-True-dump-data_obj1-data_dict1-None-None]" time="0.003"></testcase><testcase classname="zdevelop.tests.test_schema.TestLoadDump" file="zdevelop/tests/test_schema.py" line="340" name="test_load_dump[False-False-True-dump-data_obj2-data_dict2-None-None]" time="0.003"></testcase><testcase classname="zdevelop.tests.test_schema.TestLoadDump" file="zdevelop/tests/test_schema.py" line="340" name="test_load_dump[False-False-True-dump-data_obj3-data_dict3-None-dict_answer3]" time="0.003"></testcase><testcase classname="zdevelop.tests.test_schema.TestLoadDump" file="zdevelop/tests/test_schema.py" line="340" name="test_load_dump[False-False-True-dump-data_obj4-data_dict4-None-None]" time="0.003"></testcase><testcase classname="zdevelop.tests.test_schema.TestLoadDump" file="zdevelop/tests/test_schema.py" line="340" name="test_load_dump[False-False-True-dump-data_obj5-data_dict5-None-dict_answer5]" time="0.003"></testcase><testcase classname="zdevelop.tests.test_schema.TestLoadDump" file="zdevelop/tests/test_schema.py" line="340" name="test_load_dump[False-False-True-dump-data_obj6-data_dict6-None-None]" time="0.003"></testcase><testcase classname="zdevelop.tests.test_schema.TestLoadDump" file="zdevelop/tests/test_schema.py" line="340" name="test_load_dump[False-False-True-dump-data_obj7-data_dict7-None-None]" time="0.003"></testcase><testcase classname="zdevelop.tests.test_schema.TestLoadDump" file="zdevelop/tests/test_schema.py" line="340" name="test_load_dump[False-False-True-dump-data_obj8-data_dict8-None-None]" time="0.004"></testcase><testcase classname="zdevelop.tests.test_schema.TestLoadDump" file="zdevelop/tests/test_schema.py" line="340" name="test_load_dump[False-False-True-dump-data_obj9-data_dict9-None-None]" time="0.006"></testcase><testcase classname="zdevelop.tests.test_schema.TestLoadDump" file="zdevelop/tests/test_schema.py" line="340" name="test_load_dump[False-False-True-dump-data_obj10-data_dict10-None-None]" time="0.004"></testcase><testcase classname="zdevelop.tests.test_schema.TestLoadDump" file="zdevelop/tests/test_schema.py" line="340" name="test_load_dump[False-False-True-dump-data_obj11-data_dict11-None-None]" time="0.005"></testcase><testcase classname="zdevelop.tests.test_schema.TestLoadDump" file="zdevelop/tests/test_schema.py" line="340" name="test_load_dump[False-False-True-dump-data_obj12-data_dict12-None-None]" time="0.004"></testcase><testcase classname="zdevelop.tests.test_schema.TestLoadDump" file="zdevelop/tests/test_schema.py" line="340" name="test_load_dump[False-False-True-dump-data_obj13-data_dict13-None-None]" time="0.004"></testcase><testcase classname="zdevelop.tests.test_schema.TestLoadDump" file="zdevelop/tests/test_schema.py" line="340" name="test_load_dump[False-False-True-dump-data_obj14-data_dict14-None-None]" time="0.004"></testcase><testcase classname="zdevelop.tests.test_schema.TestLoadDump" file="zdevelop/tests/test_schema.py" line="340" name="test_load_dump[False-False-True-dump-data_obj15-data_dict15-None-None]" time="0.003"></testcase><testcase classname="zdevelop.tests.test_schema.TestLoadDump" file="zdevelop/tests/test_schema.py" line="340" name="test_load_dump[False-False-True-dump-data_obj16-data_dict16-None-None]" time="0.003"></testcase><testcase classname="zdevelop.tests.test_schema.TestLoadDump" file="zdevelop/tests/test_schema.py" line="340" name="test_load_dump[False-False-True-dump-data_obj17-data_dict17-None-None]" time="0.003"></testcase><testcase classname="zdevelop.tests.test_schema.TestLoadDump" file="zdevelop/tests/test_schema.py" line="340" name="test_load_dump[False-False-True-dump-data_obj18-data_dict18-None-None]" time="0.003"></testcase><testcase classname="zdevelop.tests.test_schema.TestLoadDump" file="zdevelop/tests/test_schema.py" line="340" name="test_load_dump[False-False-True-dump-data_obj19-data_dict19-None-None]" time="0.003"></testcase><testcase classname="zdevelop.tests.test_schema.TestLoadDump" file="zdevelop/tests/test_schema.py" line="340" name="test_load_dump[False-False-True-dump-data_obj20-data_dict20-None-None]" time="0.003"></testcase><testcase classname="zdevelop.tests.test_schema.TestLoadDump" file="zdevelop/tests/test_schema.py" line="340" name="test_load_dump[False-False-True-dump-data_obj21-data_dict21-None-None]" time="0.003"></testcase><testcase classname="zdevelop.tests.test_schema.TestLoadDump" file="zdevelop/tests/test_schema.py" line="340" name="test_load_dump[False-False-True-dump-data_obj22-data_dict22-None-None]" time="0.003"></testcase><testcase classname="zdevelop.tests.test_schema.TestLoadDump" file="zdevelop/tests/test_schema.py" line="340" name="test_load_dump[False-False-True-dump-data_obj23-data_dict23-None-None]" time="0.005"></testcase><testcase classname="zdevelop.tests.test_schema.TestLoadDump" file="zdevelop/tests/test_schema.py" line="340" name="test_load_dump[False-False-True-dump-data_obj24-data_dict24-None-None]" time="0.005"></testcase><testcase classname="zdevelop.tests.test_schema.TestLoadDump" file="zdevelop/tests/test_schema.py" line="340" name="test_load_dump[False-False-True-dump-data_obj25-data_dict25-None-None]" time="0.005"></testcase><testcase classname="zdevelop.tests.test_schema.TestLoadDump" file="zdevelop/tests/test_schema.py" line="340" name="test_load_dump[False-False-True-dump-data_obj26-data_dict26-None-None]" time="0.005"></testcase><testcase classname="zdevelop.tests.test_schema.TestLoadDump" file="zdevelop/tests/test_schema.py" line="340" name="test_load_dump[False-False-True-dump-data_obj27-data_dict27-None-None]" time="0.004"></testcase><testcase classname="zdevelop.tests.test_schema.TestLoadDump" file="zdevelop/tests/test_schema.py" line="340" name="test_load_dump[False-False-True-dump-data_obj28-data_dict28-None-None]" time="0.004"></testcase><testcase classname="zdevelop.tests.test_schema.TestLoadDump" file="zdevelop/tests/test_schema.py" line="340" name="test_load_dump[False-False-True-validate-data_obj0-data_dict0-None-None]" time="0.003"></testcase><testcase classname="zdevelop.tests.test_schema.TestLoadDump" file="zdevelop/tests/test_schema.py" line="340" name="test_load_dump[False-False-True-validate-data_obj1-data_dict1-None-None]" time="0.003"></testcase><testcase classname="zdevelop.tests.test_schema.TestLoadDump" file="zdevelop/tests/test_schema.py" line="340" name="test_load_dump[False-False-True-validate-data_obj2-data_dict2-None-None]" time="0.003"></testcase><testcase classname="zdevelop.tests.test_schema.TestLoadDump" file="zdevelop/tests/test_schema.py" line="340" name="test_load_dump[False-False-True-validate-data_obj3-data_dict3-None-dict_answer3]" time="0.003"></testcase><testcase classname="zdevelop.tests.test_schema.TestLoadDump" file="zdevelop/tests/test_schema.py" line="340" name="test_load_dump[False-False-True-validate-data_obj4-data_dict4-None-None]" time="0.003"></testcase><testcase classname="zdevelop.tests.test_schema.TestLoadDump" file="zdevelop/tests/test_schema.py" line="340" name="test_load_dump[False-False-True-validate-data_obj5-data_dict5-None-dict_answer5]" time="0.003"></testcase><testcase classname="zdevelop.tests.test_schema.TestLoadDump" file="zdevelop/tests/test_schema.py" line="340" name="test_load_dump[False-False-True-validate-data_obj6-data_dict6-None-None]" time="0.003"></testcase><testcase classname="zdevelop.tests.test_schema.TestLoadDump" file="zdevelop/tests/test_schema.py" line="340" name="test_load_dump[False-False-True-validate-data_obj7-data_dict7-None-None]" time="0.003"></testcase><testcase classname="zdevelop.tests.test_schema.TestLoadDump" file="zdevelop/tests/test_schema.py" line="340" name="test_load_dump[False-False-True-validate-data_obj8-data_dict8-None-None]" time="0.004"></testcase><testcase classname="zdevelop.tests.test_schema.TestLoadDump" file="zdevelop/tests/test_schema.py" line="340" name="test_load_dump[False-False-True-validate-data_obj9-data_dict9-None-None]" time="0.004"></testcase><testcase classname="zdevelop.tests.test_schema.TestLoadDump" file="zdevelop/tests/test_schema.py" line="340" name="test_load_dump[False-False-True-validate-data_obj10-data_dict10-None-None]" time="0.005"></testcase><testcase classname="zdevelop.tests.test_schema.TestLoadDump" file="zdevelop/tests/test_schema.py" line="340" name="test_load_dump[False-False-True-validate-data_obj11-data_dict11-None-None]" time="0.005"></testcase><testcase classname="zdevelop.tests.test_schema.TestLoadDump" file="zdevelop/tests/test_schema.py" line="340" name="test_load_dump[False-False-True-validate-data_obj12-data_dict12-None-None]" time="0.004"></testcase><testcase classname="zdevelop.tests.test_schema.TestLoadDump" file="zdevelop/tests/test_schema.py" line="340" name="test_load_dump[False-False-True-validate-data_obj13-data_dict13-None-None]" time="0.004"></testcase><testcase classname="zdevelop.tests.test_schema.TestLoadDump" file="zdevelop/tests/test_schema.py" line="340" name="test_load_dump[False-False-True-validate-data_obj14-data_dict14-None-None]" time="0.004"></testcase><testcase classname="zdevelop.tests.test_schema.TestLoadDump" file="zdevelop/tests/test_schema.py" line="340" name="test_load_dump[False-False-True-validate-data_obj15-data_dict15-None-None]" time="0.003"></testcase><testcase classname="zdevelop.tests.test_schema.TestLoadDump" file="zdevelop/tests/test_schema.py" line="340" name="test_load_dump[False-False-True-validate-data_obj16-data_dict16-None-None]" time="0.003"></testcase><testcase classname="zdevelop.tests.test_schema.TestLoadDump" file="zdevelop/tests/test_schema.py" line="340" name="test_load_dump[False-False-True-validate-data_obj17-data_dict17-None-None]" time="0.003"></testcase><testcase classname="zdevelop.tests.test_schema.TestLoadDump" file="zdevelop/tests/test_schema.py" line="340" name="test_load_dump[False-False-True-validate-data_obj18-data_dict18-None-None]" time="0.003"></testcase><testcase classname="zdevelop.tests.test_schema.TestLoadDump" file="zdevelop/tests/test_schema.py" line="340" name="test_load_dump[False-False-True-validate-data_obj19-data_dict19-None-None]" time="0.003"></testcase><testcase classname="zdevelop.tests.test_schema.TestLoadDump" file="zdevelop/tests/test_schema.py" line="340" name="test_load_dump[False-False-True-validate-data_obj20-data_dict20-None-None]" time="0.005"></testcase><testcase classname="zdevelop.tests.test_schema.TestLoadDump" file="zdevelop/tests/test_schema.py" line="340" name="test_load_dump[False-False-True-validate-data_obj21-data_dict21-None-None]" time="0.004"></testcase><testcase classname="zdevelop.tests.test_schema.TestLoadDump" file="zdevelop/tests/test_schema.py" line="340" name="test_load_dump[False-False-True-validate-data_obj22-data_dict22-None-None]" time="0.003"></testcase><testcase classname="zdevelop.tests.test_schema.TestLoadDump" file="zdevelop/tests/test_schema.py" line="340" name="test_load_dump[False-False-True-validate-data_obj23-data_dict23-None-None]" time="0.005"></testcase><testcase classname="zdevelop.tests.test_schema.TestLoadDump" file="zdevelop/tests/test_schema.py" line="340" name="test_load_dump[False-False-True-validate-data_obj24-data_dict24-None-None]" time="0.005"></testcase><testcase classname="zdevelop.tests.test_schema.TestLoadDump" file="zdevelop/tests/test_schema.py" line="340" name="test_load_dump[False-False-True-validate-data_obj25-data_dict25-None-None]" time="0.005"></testcase><testcase classname="zdevelop.tests.test_schema.TestLoadDump" file="zdevelop/tests/test_schema.py" line="340" name="test_load_dump[False-False-True-validate-data_obj26-data_dict26-None-None]" time="0.005"></testcase><testcase classname="zdevelop.tests.test_schema.TestLoadDump" file="zdevelop/tests/test_schema.py" line="340" name="test_load_dump[False-False-True-validate-data_obj27-data_dict27-None-None]" time="0.004"></testcase><testcase classname="zdevelop.tests.test_schema.TestLoadDump" file="zdevelop/tests/test_schema.py" line="340" name="test_load_dump[False-False-True-validate-data_obj28-data_dict28-None-None]" time="0.004"></testcase><testcase classname="zdevelop.tests.test_schema.TestLoadDump" file="zdevelop/tests/test_schema.py" line="340" name="test_load_dump[False-True-False-load-data_obj0-data_dict0-None-None]" time="0.003"><system-out>DATA DICT: {&apos;text&apos;: &apos;value&apos;}
DATA OBJ: Simple(text=&apos;value&apos;)
</system-out></testcase><testcase classname="zdevelop.tests.test_schema.TestLoadDump" file="zdevelop/tests/test_schema.py" line="340" name="test_load_dump[False-True-False-load-data_obj1-data_dict1-None-None]" time="0.003"><system-out>DATA DICT: {&apos;text&apos;: &apos;value&apos;}
DATA OBJ: SimpleOptional(text=&apos;value&apos;)
</system-out></testcase><testcase classname="zdevelop.tests.test_schema.TestLoadDump" file="zdevelop/tests/test_schema.py" line="340" name="test_load_dump[False-True-False-load-data_obj2-data_dict2-None-None]" time="0.003"><system-out>DATA DICT: {&apos;text&apos;: None}
DATA OBJ: SimpleOptional(text=None)
</system-out></testcase><testcase classname="zdevelop.tests.test_schema.TestLoadDump" file="zdevelop/tests/test_schema.py" line="340" name="test_load_dump[False-True-False-load-data_obj3-data_dict3-None-dict_answer3]" time="0.003"><system-out>DATA DICT: {}
DATA OBJ: SimpleDefault(text=&apos;value&apos;)
</system-out></testcase><testcase classname="zdevelop.tests.test_schema.TestLoadDump" file="zdevelop/tests/test_schema.py" line="340" name="test_load_dump[False-True-False-load-data_obj4-data_dict4-None-None]" time="0.003"><system-out>DATA DICT: {&apos;text_list&apos;: [&apos;value1&apos;, &apos;value2&apos;]}
DATA OBJ: HasList(text_list=[&apos;value1&apos;, &apos;value2&apos;])
</system-out></testcase><testcase classname="zdevelop.tests.test_schema.TestLoadDump" file="zdevelop/tests/test_schema.py" line="340" name="test_load_dump[False-True-False-load-data_obj5-data_dict5-None-dict_answer5]" time="0.003"><system-out>DATA DICT: {}
DATA OBJ: HasListDefault(text_list=[])
</system-out></testcase><testcase classname="zdevelop.tests.test_schema.TestLoadDump" file="zdevelop/tests/test_schema.py" line="340" name="test_load_dump[False-True-False-load-data_obj6-data_dict6-None-None]" time="0.003"><system-out>DATA DICT: {&apos;int_mapping&apos;: {&apos;one&apos;: 1, &apos;two&apos;: 2}}
DATA OBJ: HasDict(int_mapping={&apos;one&apos;: 1, &apos;two&apos;: 2})
</system-out></testcase><testcase classname="zdevelop.tests.test_schema.TestLoadDump" file="zdevelop/tests/test_schema.py" line="340" name="test_load_dump[False-True-False-load-data_obj7-data_dict7-None-None]" time="0.003"><system-out>DATA DICT: {&apos;int_mapping&apos;: {&apos;one&apos;: 1, &apos;two&apos;: 2}}
DATA OBJ: HasBaseDict(int_mapping={&apos;one&apos;: 1, &apos;two&apos;: 2})
</system-out></testcase><testcase classname="zdevelop.tests.test_schema.TestLoadDump" file="zdevelop/tests/test_schema.py" line="340" name="test_load_dump[False-True-False-load-data_obj8-data_dict8-None-None]" time="0.004"><system-out>DATA DICT: {&apos;nested&apos;: {&apos;text&apos;: &apos;value&apos;}}
DATA OBJ: SimpleRoot(nested=SimpleNested(text=&apos;value&apos;))
</system-out></testcase><testcase classname="zdevelop.tests.test_schema.TestLoadDump" file="zdevelop/tests/test_schema.py" line="340" name="test_load_dump[False-True-False-load-data_obj9-data_dict9-None-None]" time="0.004"><system-out>DATA DICT: {&apos;nested&apos;: {&apos;text&apos;: &apos;value&apos;}}
DATA OBJ: OptionalRoot(nested=OptionalNested(text=&apos;value&apos;))
</system-out></testcase><testcase classname="zdevelop.tests.test_schema.TestLoadDump" file="zdevelop/tests/test_schema.py" line="340" name="test_load_dump[False-True-False-load-data_obj10-data_dict10-None-None]" time="0.004"><system-out>DATA DICT: {&apos;nested&apos;: {&apos;text&apos;: None}}
DATA OBJ: OptionalRoot(nested=OptionalNested(text=None))
</system-out></testcase><testcase classname="zdevelop.tests.test_schema.TestLoadDump" file="zdevelop/tests/test_schema.py" line="340" name="test_load_dump[False-True-False-load-data_obj11-data_dict11-None-None]" time="0.004"><system-out>DATA DICT: {&apos;nested&apos;: [{&apos;text&apos;: &apos;value1&apos;}, {&apos;text&apos;: &apos;value2&apos;}]}
DATA OBJ: ListRoot(nested=[ListNested(text=&apos;value1&apos;), ListNested(text=&apos;value2&apos;)])
</system-out></testcase><testcase classname="zdevelop.tests.test_schema.TestLoadDump" file="zdevelop/tests/test_schema.py" line="340" name="test_load_dump[False-True-False-load-data_obj12-data_dict12-None-None]" time="0.003"><system-out>DATA DICT: {&apos;value&apos;: &apos;answer&apos;}
DATA OBJ: ConcreteTypeVar(value=&apos;answer&apos;)
</system-out></testcase><testcase classname="zdevelop.tests.test_schema.TestLoadDump" file="zdevelop/tests/test_schema.py" line="340" name="test_load_dump[False-True-False-load-data_obj13-data_dict13-None-None]" time="0.003"><system-out>DATA DICT: {&apos;value&apos;: &apos;answer&apos;}
DATA OBJ: OptionalConcrete(value=&apos;answer&apos;)
</system-out></testcase><testcase classname="zdevelop.tests.test_schema.TestLoadDump" file="zdevelop/tests/test_schema.py" line="340" name="test_load_dump[False-True-False-load-data_obj14-data_dict14-None-None]" time="0.003"><system-out>DATA DICT: {&apos;value&apos;: None}
DATA OBJ: OptionalConcrete(value=None)
</system-out></testcase><testcase classname="zdevelop.tests.test_schema.TestLoadDump" file="zdevelop/tests/test_schema.py" line="340" name="test_load_dump[False-True-False-load-data_obj15-data_dict15-None-None]" time="0.003"><system-out>DATA DICT: {&apos;value&apos;: &apos;someone@gmail.com&apos;}
DATA OBJ: HasEmail(value=&apos;someone@gmail.com&apos;)
</system-out></testcase><testcase classname="zdevelop.tests.test_schema.TestLoadDump" file="zdevelop/tests/test_schema.py" line="340" name="test_load_dump[False-True-False-load-data_obj16-data_dict16-None-None]" time="0.003"><system-out>DATA DICT: {&apos;value&apos;: &apos;https://www.google.com&apos;}
DATA OBJ: HasURL(value=&apos;https://www.google.com&apos;)
</system-out></testcase><testcase classname="zdevelop.tests.test_schema.TestLoadDump" file="zdevelop/tests/test_schema.py" line="340" name="test_load_dump[False-True-False-load-data_obj17-data_dict17-None-None]" time="0.003"><system-out>DATA DICT: {&apos;value&apos;: &apos;05281639-498a-40db-a2c9-629b10f9cc52&apos;}
DATA OBJ: HasUUID(value=UUID(&apos;05281639-498a-40db-a2c9-629b10f9cc52&apos;))
</system-out></testcase><testcase classname="zdevelop.tests.test_schema.TestLoadDump" file="zdevelop/tests/test_schema.py" line="340" name="test_load_dump[False-True-False-load-data_obj18-data_dict18-None-None]" time="0.003"><system-out>DATA DICT: {&apos;value&apos;: &apos;2020-02-25T19:02:20.115180+00:00&apos;}
DATA OBJ: HasDateTime(value=datetime.datetime(2020, 2, 25, 19, 2, 20, 115180, tzinfo=&lt;UTC&gt;))
</system-out></testcase><testcase classname="zdevelop.tests.test_schema.TestLoadDump" file="zdevelop/tests/test_schema.py" line="340" name="test_load_dump[False-True-False-load-data_obj19-data_dict19-None-None]" time="0.003"><system-out>DATA DICT: {&apos;value&apos;: &apos;2020-02-25&apos;}
DATA OBJ: HasDate(value=datetime.date(2020, 2, 25))
</system-out></testcase><testcase classname="zdevelop.tests.test_schema.TestLoadDump" file="zdevelop/tests/test_schema.py" line="340" name="test_load_dump[False-True-False-load-data_obj20-data_dict20-None-None]" time="0.003"><system-out>DATA DICT: {&apos;value&apos;: &apos;12:00:00&apos;}
DATA OBJ: HasTime(value=datetime.time(12, 0))
</system-out></testcase><testcase classname="zdevelop.tests.test_schema.TestLoadDump" file="zdevelop/tests/test_schema.py" line="340" name="test_load_dump[False-True-False-load-data_obj21-data_dict21-None-None]" time="0.003"><system-out>DATA DICT: {&apos;value&apos;: True}
DATA OBJ: HasBool(value=True)
</system-out></testcase><testcase classname="zdevelop.tests.test_schema.TestLoadDump" file="zdevelop/tests/test_schema.py" line="340" name="test_load_dump[False-True-False-load-data_obj22-data_dict22-None-None]" time="0.003"><system-out>DATA DICT: {&apos;value&apos;: False}
DATA OBJ: HasBool(value=False)
</system-out></testcase><testcase classname="zdevelop.tests.test_schema.TestLoadDump" file="zdevelop/tests/test_schema.py" line="340" name="test_load_dump[False-True-False-load-data_obj23-data_dict23-None-None]" time="0.004"><system-out>DATA DICT: {&apos;simple_list&apos;: [{&apos;text&apos;: &apos;value&apos;}, None]}
DATA OBJ: HasOptionalListItems(simple_list=[Simple(text=&apos;value&apos;), None])
</system-out></testcase><testcase classname="zdevelop.tests.test_schema.TestLoadDump" file="zdevelop/tests/test_schema.py" line="340" name="test_load_dump[False-True-False-load-data_obj24-data_dict24-None-None]" time="0.024"><system-out>DATA DICT: {&apos;simple_list&apos;: [None, {&apos;text&apos;: &apos;value&apos;}, None]}
DATA OBJ: HasOptionalListItems(simple_list=[None, Simple(text=&apos;value&apos;), None])
</system-out></testcase><testcase classname="zdevelop.tests.test_schema.TestLoadDump" file="zdevelop/tests/test_schema.py" line="340" name="test_load_dump[False-True-False-load-data_obj25-data_dict25-None-None]" time="0.004"><system-out>DATA DICT: {&apos;simple_list&apos;: [None, {&apos;text&apos;: &apos;value&apos;}]}
DATA OBJ: HasOptionalListItems(simple_list=[None, Simple(text=&apos;value&apos;)])
</system-out></testcase><testcase classname="zdevelop.tests.test_schema.TestLoadDump" file="zdevelop/tests/test_schema.py" line="340" name="test_load_dump[False-True-False-load-data_obj26-data_dict26-None-None]" time="0.005"><system-out>DATA DICT: {&apos;simple_list&apos;: [None, {&apos;text&apos;: &apos;value&apos;}, {&apos;text&apos;: &apos;value&apos;}, None, {&apos;text&apos;: &apos;value&apos;}]}
DATA OBJ: HasOptionalListItems(simple_list=[None, Simple(text=&apos;value&apos;), Simple(text=&apos;value&apos;), None, Simple(text=&apos;value&apos;)])
</system-out></testcase><testcase classname="zdevelop.tests.test_schema.TestLoadDump" file="zdevelop/tests/test_schema.py" line="340" name="test_load_dump[False-True-False-load-data_obj27-data_dict27-None-None]" time="0.004"><system-out>DATA DICT: {&apos;simple&apos;: None}
DATA OBJ: HasOptionalDataclass(simple=None)
</system-out></testcase><testcase classname="zdevelop.tests.test_schema.TestLoadDump" file="zdevelop/tests/test_schema.py" line="340" name="test_load_dump[False-True-False-load-data_obj28-data_dict28-None-None]" time="0.004"><system-out>DATA DICT: {&apos;key&apos;: &apos;value&apos;}
DATA OBJ: FrozenPostInit(key=&apos;value&apos;)
</system-out></testcase><testcase classname="zdevelop.tests.test_schema.TestLoadDump" file="zdevelop/tests/test_schema.py" line="340" name="test_load_dump[False-True-False-dump-data_obj0-data_dict0-None-None]" time="0.003"></testcase><testcase classname="zdevelop.tests.test_schema.TestLoadDump" file="zdevelop/tests/test_schema.py" line="340" name="test_load_dump[False-True-False-dump-data_obj1-data_dict1-None-None]" time="0.003"></testcase><testcase classname="zdevelop.tests.test_schema.TestLoadDump" file="zdevelop/tests/test_schema.py" line="340" name="test_load_dump[False-True-False-dump-data_obj2-data_dict2-None-None]" time="0.003"></testcase><testcase classname="zdevelop.tests.test_schema.TestLoadDump" file="zdevelop/tests/test_schema.py" line="340" name="test_load_dump[False-True-False-dump-data_obj3-data_dict3-None-dict_answer3]" time="0.003"></testcase><testcase classname="zdevelop.tests.test_schema.TestLoadDump" file="zdevelop/tests/test_schema.py" line="340" name="test_load_dump[False-True-False-dump-data_obj4-data_dict4-None-None]" time="0.003"></testcase><testcase classname="zdevelop.tests.test_schema.TestLoadDump" file="zdevelop/tests/test_schema.py" line="340" name="test_load_dump[False-True-False-dump-data_obj5-data_dict5-None-dict_answer5]" time="0.003"></testcase><testcase classname="zdevelop.tests.test_schema.TestLoadDump" file="zdevelop/tests/test_schema.py" line="340" name="test_load_dump[False-True-False-dump-data_obj6-data_dict6-None-None]" time="0.003"></testcase><testcase classname="zdevelop.tests.test_schema.TestLoadDump" file="zdevelop/tests/test_schema.py" line="340" name="test_load_dump[False-True-False-dump-data_obj7-data_dict7-None-None]" time="0.003"></testcase><testcase classname="zdevelop.tests.test_schema.TestLoadDump" file="zdevelop/tests/test_schema.py" line="340" name="test_load_dump[False-True-False-dump-data_obj8-data_dict8-None-None]" time="0.004"></testcase><testcase classname="zdevelop.tests.test_schema.TestLoadDump" file="zdevelop/tests/test_schema.py" line="340" name="test_load_dump[False-True-False-dump-data_obj9-data_dict9-None-None]" time="0.004"></testcase><testcase classname="zdevelop.tests.test_schema.TestLoadDump" file="zdevelop/tests/test_schema.py" line="340" name="test_load_dump[False-True-False-dump-data_obj10-data_dict10-None-None]" time="0.004"></testcase><testcase classname="zdevelop.tests.test_schema.TestLoadDump" file="zdevelop/tests/test_schema.py" line="340" name="test_load_dump[False-True-False-dump-data_obj11-data_dict11-None-None]" time="0.004"></testcase><testcase classname="zdevelop.tests.test_schema.TestLoadDump" file="zdevelop/tests/test_schema.py" line="340" name="test_load_dump[False-True-False-dump-data_obj12-data_dict12-None-None]" time="0.003"></testcase><testcase classname="zdevelop.tests.test_schema.TestLoadDump" file="zdevelop/tests/test_schema.py" line="340" name="test_load_dump[False-True-False-dump-data_obj13-data_dict13-None-None]" time="0.003"></testcase><testcase classname="zdevelop.tests.test_schema.TestLoadDump" file="zdevelop/tests/test_schema.py" line="340" name="test_load_dump[False-True-False-dump-data_obj14-data_dict14-None-None]" time="0.003"></testcase><testcase classname="zdevelop.tests.test_schema.TestLoadDump" file="zdevelop/tests/test_schema.py" line="340" name="test_load_dump[False-True-False-dump-data_obj15-data_dict15-None-None]" time="0.003"></testcase><testcase classname="zdevelop.tests.test_schema.TestLoadDump" file="zdevelop/tests/test_schema.py" line="340" name="test_load_dump[False-True-False-dump-data_obj16-data_dict16-None-None]" time="0.003"></testcase><testcase classname="zdevelop.tests.test_schema.TestLoadDump" file="zdevelop/tests/test_schema.py" line="340" name="test_load_dump[False-True-False-dump-data_obj17-data_dict17-None-None]" time="0.003"></testcase><testcase classname="zdevelop.tests.test_schema.TestLoadDump" file="zdevelop/tests/test_schema.py" line="340" name="test_load_dump[False-True-False-dump-data_obj18-data_dict18-None-None]" time="0.003"></testcase><testcase classname="zdevelop.tests.test_schema.TestLoadDump" file="zdevelop/tests/test_schema.py" line="340" name="test_load_dump[False-True-False-dump-data_obj19-data_dict19-None-None]" time="0.003"></testcase><testcase classname="zdevelop.tests.test_schema.TestLoadDump" file="zdevelop/tests/test_schema.py" line="340" name="test_load_dump[False-True-False-dump-data_obj20-data_dict20-None-None]" time="0.003"></testcase><testcase classname="zdevelop.tests.test_schema.TestLoadDump" file="zdevelop/tests/test_schema.py" line="340" name="test_load_dump[False-True-False-dump-data_obj21-data_dict21-None-None]" time="0.003"></testcase><testcase classname="zdevelop.tests.test_schema.TestLoadDump" file="zdevelop/tests/test_schema.py" line="340" name="test_load_dump[False-True-False-dump-data_obj22-data_dict22-None-None]" time="0.003"></testcase><testcase classname="zdevelop.tests.test_schema.TestLoadDump" file="zdevelop/tests/test_schema.py" line="340" name="test_load_dump[False-True-False-dump-data_obj23-data_dict23-None-None]" time="0.004"></testcase><testcase classname="zdevelop.tests.test_schema.TestLoadDump" file="zdevelop/tests/test_schema.py" line="340" name="test_load_dump[False-True-False-dump-data_obj24-data_dict24-None-None]" time="0.004"></testcase><testcase classname="zdevelop.tests.test_schema.TestLoadDump" file="zdevelop/tests/test_schema.py" line="340" name="test_load_dump[False-True-False-dump-data_obj25-data_dict25-None-None]" time="0.004"></testcase><testcase classname="zdevelop.tests.test_schema.TestLoadDump" file="zdevelop/tests/test_schema.py" line="340" name="test_load_dump[False-True-False-dump-data_obj26-data_dict26-None-None]" time="0.004"></testcase><testcase classname="zdevelop.tests.test_schema.TestLoadDump" file="zdevelop/tests/test_schema.py" line="340" name="test_load_dump[False-True-False-dump-data_obj27-data_dict27-None-None]" time="0.004"></testcase><testcase classname="zdevelop.tests.test_schema.TestLoadDump" file="zdevelop/tests/test_schema.py" line="340" name="test_load_dump[False-True-False-dump-data_obj28-data_dict28-None-None]" time="0.004"></testcase><testcase classname="zdevelop.tests.test_schema.TestLoadDump" file="zdevelop/tests/test_schema.py" line="340" name="test_load_dump[False-True-False-validate-data_obj0-data_dict0-None-None]" time="0.003"></testcase><testcase classname="zdevelop.tests.test_schema.TestLoadDump" file="zdevelop/tests/test_schema.py" line="340" name="test_load_dump[False-True-False-validate-data_obj1-data_dict1-None-None]" time="0.003"></testcase><testcase classname="zdevelop.tests.test_schema.TestLoadDump" file="zdevelop/tests/test_schema.py" line="340" name="test_load_dump[False-True-False-validate-data_obj2-data_dict2-None-None]" time="0.003"></testcase><testcase classname="zdevelop.tests.test_schema.TestLoadDump" file="zdevelop/tests/test_schema.py" line="340" name="test_load_dump[False-True-False-validate-data_obj3-data_dict3-None-dict_answer3]" time="0.003"></testcase><testcase classname="zdevelop.tests.test_schema.TestLoadDump" file="zdevelop/tests/test_schema.py" line="340" name="test_load_dump[False-True-False-validate-data_obj4-data_dict4-None-None]" time="0.003"></testcase><testcase classname="zdevelop.tests.test_schema.TestLoadDump" file="zdevelop/tests/test_schema.py" line="340" name="test_load_dump[False-True-False-validate-data_obj5-data_dict5-None-dict_answer5]" time="0.004"></testcase><testcase classname="zdevelop.tests.test_schema.TestLoadDump" file="zdevelop/tests/test_schema.py" line="340" name="test_load_dump[False-True-False-validate-data_obj6-data_dict6-None-None]" time="0.003"></testcase><testcase classname="zdevelop.tests.test_schema.TestLoadDump" file="zdevelop/tests/test_schema.py" line="340" name="test_load_dump[False-True-False-validate-data_obj7-data_dict7-None-None]" time="0.003"></testcase><testcase classname="zdevelop.tests.test_schema.TestLoadDump" file="zdevelop/tests/test_schema.py" line="340" name="test_load_dump[False-True-False-validate-data_obj8-data_dict8-None-None]" time="0.004"></testcase><testcase classname="zdevelop.tests.test_schema.TestLoadDump" file="zdevelop/tests/test_schema.py" line="340" name="test_load_dump[False-True-False-validate-data_obj9-data_dict9-None-None]" time="0.004"></testcase><testcase classname="zdevelop.tests.test_schema.TestLoadDump" file="zdevelop/tests/test_schema.py" line="340" name="test_load_dump[False-True-False-validate-data_obj10-data_dict10-None-None]" time="0.004"></testcase><testcase classname="zdevelop.tests.test_schema.TestLoadDump" file="zdevelop/tests/test_schema.py" line="340" name="test_load_dump[False-True-False-validate-data_obj11-data_dict11-None-None]" time="0.004"></testcase><testcase classname="zdevelop.tests.test_schema.TestLoadDump" file="zdevelop/tests/test_schema.py" line="340" name="test_load_dump[False-True-False-validate-data_obj12-data_dict12-None-None]" time="0.003"></testcase><testcase classname="zdevelop.tests.test_schema.TestLoadDump" file="zdevelop/tests/test_schema.py" line="340" name="test_load_dump[False-True-False-validate-data_obj13-data_dict13-None-None]" time="0.003"></testcase><testcase classname="zdevelop.tests.test_schema.TestLoadDump" file="zdevelop/tests/test_schema.py" line="340" name="test_load_dump[False-True-False-validate-data_obj14-data_dict14-None-None]" time="0.003"></testcase><testcase classname="zdevelop.tests.test_schema.TestLoadDump" file="zdevelop/tests/test_schema.py" line="340" name="test_load_dump[False-True-False-validate-data_obj15-data_dict15-None-None]" time="0.003"></testcase><testcase classname="zdevelop.tests.test_schema.TestLoadDump" file="zdevelop/tests/test_schema.py" line="340" name="test_load_dump[False-True-False-validate-data_obj16-data_dict16-None-None]" time="0.003"></testcase><testcase classname="zdevelop.tests.test_schema.TestLoadDump" file="zdevelop/tests/test_schema.py" line="340" name="test_load_dump[False-True-False-validate-data_obj17-data_dict17-None-None]" time="0.003"></testcase><testcase classname="zdevelop.tests.test_schema.TestLoadDump" file="zdevelop/tests/test_schema.py" line="340" name="test_load_dump[False-True-False-validate-data_obj18-data_dict18-None-None]" time="0.003"></testcase><testcase classname="zdevelop.tests.test_schema.TestLoadDump" file="zdevelop/tests/test_schema.py" line="340" name="test_load_dump[False-True-False-validate-data_obj19-data_dict19-None-None]" time="0.003"></testcase><testcase classname="zdevelop.tests.test_schema.TestLoadDump" file="zdevelop/tests/test_schema.py" line="340" name="test_load_dump[False-True-False-validate-data_obj20-data_dict20-None-None]" time="0.003"></testcase><testcase classname="zdevelop.tests.test_schema.TestLoadDump" file="zdevelop/tests/test_schema.py" line="340" name="test_load_dump[False-True-False-validate-data_obj21-data_dict21-None-None]" time="0.003"></testcase><testcase classname="zdevelop.tests.test_schema.TestLoadDump" file="zdevelop/tests/test_schema.py" line="340" name="test_load_dump[False-True-False-validate-data_obj22-data_dict22-None-None]" time="0.003"></testcase><testcase classname="zdevelop.tests.test_schema.TestLoadDump" file="zdevelop/tests/test_schema.py" line="340" name="test_load_dump[False-True-False-validate-data_obj23-data_dict23-None-None]" time="0.004"></testcase><testcase classname="zdevelop.tests.test_schema.TestLoadDump" file="zdevelop/tests/test_schema.py" line="340" name="test_load_dump[False-True-False-validate-data_obj24-data_dict24-None-None]" time="0.004"></testcase><testcase classname="zdevelop.tests.test_schema.TestLoadDump" file="zdevelop/tests/test_schema.py" line="340" name="test_load_dump[False-True-False-validate-data_obj25-data_dict25-None-None]" time="0.004"></testcase><testcase classname="zdevelop.tests.test_schema.TestLoadDump" file="zdevelop/tests/test_schema.py" line="340" name="test_load_dump[False-True-False-validate-data_obj26-data_dict26-None-None]" time="0.004"></testcase><testcase classname="zdevelop.tests.test_schema.TestLoadDump" file="zdevelop/tests/test_schema.py" line="340" name="test_load_dump[False-True-False-validate-data_obj27-data_dict27-None-None]" time="0.004"></testcase><testcase classname="zdevelop.tests.test_schema.TestLoadDump" file="zdevelop/tests/test_schema.py" line="340" name="test_load_dump[False-True-False-validate-data_obj28-data_dict28-None-None]" time="0.003"></testcase><testcase classname="zdevelop.tests.test_schema.TestLoadDump" file="zdevelop/tests/test_schema.py" line="340" name="test_load_dump[False-True-True-load-data_obj0-data_dict0-None-None]" time="0.003"><system-out>DATA DICT: {&apos;text&apos;: &apos;value&apos;}
DATA OBJ: Simple(text=&apos;value&apos;)
</system-out></testcase><testcase classname="zdevelop.tests.test_schema.TestLoadDump" file="zdevelop/tests/test_schema.py" line="340" name="test_load_dump[False-True-True-load-data_obj1-data_dict1-None-None]" time="0.003"><system-out>DATA DICT: {&apos;text&apos;: &apos;value&apos;}
DATA OBJ: SimpleOptional(text=&apos;value&apos;)
</system-out></testcase><testcase classname="zdevelop.tests.test_schema.TestLoadDump" file="zdevelop/tests/test_schema.py" line="340" name="test_load_dump[False-True-True-load-data_obj2-data_dict2-None-None]" time="0.003"><system-out>DATA DICT: {&apos;text&apos;: None}
DATA OBJ: SimpleOptional(text=None)
</system-out></testcase><testcase classname="zdevelop.tests.test_schema.TestLoadDump" file="zdevelop/tests/test_schema.py" line="340" name="test_load_dump[False-True-True-load-data_obj3-data_dict3-None-dict_answer3]" time="0.003"><system-out>DATA DICT: {}
DATA OBJ: SimpleDefault(text=&apos;value&apos;)
</system-out></testcase><testcase classname="zdevelop.tests.test_schema.TestLoadDump" file="zdevelop/tests/test_schema.py" line="340" name="test_load_dump[False-True-True-load-data_obj4-data_dict4-None-None]" time="0.003"><system-out>DATA DICT: {&apos;text_list&apos;: [&apos;value1&apos;, &apos;value2&apos;]}
DATA OBJ: HasList(text_list=[&apos;value1&apos;, &apos;value2&apos;])
</system-out></testcase><testcase classname="zdevelop.tests.test_schema.TestLoadDump" file="zdevelop/tests/test_schema.py" line="340" name="test_load_dump[False-True-True-load-data_obj5-data_dict5-None-dict_answer5]" time="0.003"><system-out>DATA DICT: {}
DATA OBJ: HasListDefault(text_list=[])
</system-out></testcase><testcase classname="zdevelop.tests.test_schema.TestLoadDump" file="zdevelop/tests/test_schema.py" line="340" name="test_load_dump[False-True-True-load-data_obj6-data_dict6-None-None]" time="0.004"><system-out>DATA DICT: {&apos;int_mapping&apos;: {&apos;one&apos;: 1, &apos;two&apos;: 2}}
DATA OBJ: HasDict(int_mapping={&apos;one&apos;: 1, &apos;two&apos;: 2})
</system-out></testcase><testcase classname="zdevelop.tests.test_schema.TestLoadDump" file="zdevelop/tests/test_schema.py" line="340" name="test_load_dump[False-True-True-load-data_obj7-data_dict7-None-None]" time="0.003"><system-out>DATA DICT: {&apos;int_mapping&apos;: {&apos;one&apos;: 1, &apos;two&apos;: 2}}
DATA OBJ: HasBaseDict(int_mapping={&apos;one&apos;: 1, &apos;two&apos;: 2})
</system-out></testcase><testcase classname="zdevelop.tests.test_schema.TestLoadDump" file="zdevelop/tests/test_schema.py" line="340" name="test_load_dump[False-True-True-load-data_obj8-data_dict8-None-None]" time="0.004"><system-out>DATA DICT: {&apos;nested&apos;: {&apos;text&apos;: &apos;value&apos;}}
DATA OBJ: SimpleRoot(nested=SimpleNested(text=&apos;value&apos;))
</system-out></testcase><testcase classname="zdevelop.tests.test_schema.TestLoadDump" file="zdevelop/tests/test_schema.py" line="340" name="test_load_dump[False-True-True-load-data_obj9-data_dict9-None-None]" time="0.005"><system-out>DATA DICT: {&apos;nested&apos;: {&apos;text&apos;: &apos;value&apos;}}
DATA OBJ: OptionalRoot(nested=OptionalNested(text=&apos;value&apos;))
</system-out></testcase><testcase classname="zdevelop.tests.test_schema.TestLoadDump" file="zdevelop/tests/test_schema.py" line="340" name="test_load_dump[False-True-True-load-data_obj10-data_dict10-None-None]" time="0.005"><system-out>DATA DICT: {&apos;nested&apos;: {&apos;text&apos;: None}}
DATA OBJ: OptionalRoot(nested=OptionalNested(text=None))
</system-out></testcase><testcase classname="zdevelop.tests.test_schema.TestLoadDump" file="zdevelop/tests/test_schema.py" line="340" name="test_load_dump[False-True-True-load-data_obj11-data_dict11-None-None]" time="0.005"><system-out>DATA DICT: {&apos;nested&apos;: [{&apos;text&apos;: &apos;value1&apos;}, {&apos;text&apos;: &apos;value2&apos;}]}
DATA OBJ: ListRoot(nested=[ListNested(text=&apos;value1&apos;), ListNested(text=&apos;value2&apos;)])
</system-out></testcase><testcase classname="zdevelop.tests.test_schema.TestLoadDump" file="zdevelop/tests/test_schema.py" line="340" name="test_load_dump[False-True-True-load-data_obj12-data_dict12-None-None]" time="0.004"><system-out>DATA DICT: {&apos;value&apos;: &apos;answer&apos;}
DATA OBJ: ConcreteTypeVar(value=&apos;answer&apos;)
</system-out></testcase><testcase classname="zdevelop.tests.test_schema.TestLoadDump" file="zdevelop/tests/test_schema.py" line="340" name="test_load_dump[False-True-True-load-data_obj13-data_dict13-None-None]" time="0.004"><system-out>DATA DICT: {&apos;value&apos;: &apos;answer&apos;}
DATA OBJ: OptionalConcrete(value=&apos;answer&apos;)
</system-out></testcase><testcase classname="zdevelop.tests.test_schema.TestLoadDump" file="zdevelop/tests/test_schema.py" line="340" name="test_load_dump[False-True-True-load-data_obj14-data_dict14-None-None]" time="0.004"><system-out>DATA DICT: {&apos;value&apos;: None}
DATA OBJ: OptionalConcrete(value=None)
</system-out></testcase><testcase classname="zdevelop.tests.test_schema.TestLoadDump" file="zdevelop/tests/test_schema.py" line="340" name="test_load_dump[False-True-True-load-data_obj15-data_dict15-None-None]" time="0.003"><system-out>DATA DICT: {&apos;value&apos;: &apos;someone@gmail.com&apos;}
DATA OBJ: HasEmail(value=&apos;someone@gmail.com&apos;)
</system-out></testcase><testcase classname="zdevelop.tests.test_schema.TestLoadDump" file="zdevelop/tests/test_schema.py" line="340" name="test_load_dump[False-True-True-load-data_obj16-data_dict16-None-None]" time="0.003"><system-out>DATA DICT: {&apos;value&apos;: &apos;https://www.google.com&apos;}
DATA OBJ: HasURL(value=&apos;https://www.google.com&apos;)
</system-out></testcase><testcase classname="zdevelop.tests.test_schema.TestLoadDump" file="zdevelop/tests/test_schema.py" line="340" name="test_load_dump[False-True-True-load-data_obj17-data_dict17-None-None]" time="0.003"><system-out>DATA DICT: {&apos;value&apos;: &apos;05281639-498a-40db-a2c9-629b10f9cc52&apos;}
DATA OBJ: HasUUID(value=UUID(&apos;05281639-498a-40db-a2c9-629b10f9cc52&apos;))
</system-out></testcase><testcase classname="zdevelop.tests.test_schema.TestLoadDump" file="zdevelop/tests/test_schema.py" line="340" name="test_load_dump[False-True-True-load-data_obj18-data_dict18-None-None]" time="0.003"><system-out>DATA DICT: {&apos;value&apos;: &apos;2020-02-25T19:02:20.115180+00:00&apos;}
DATA OBJ: HasDateTime(value=datetime.datetime(2020, 2, 25, 19, 2, 20, 115180, tzinfo=&lt;UTC&gt;))
</system-out></testcase><testcase classname="zdevelop.tests.test_schema.TestLoadDump" file="zdevelop/tests/test_schema.py" line="340" name="test_load_dump[False-True-True-load-data_obj19-data_dict19-None-None]" time="0.003"><system-out>DATA DICT: {&apos;value&apos;: &apos;2020-02-25&apos;}
DATA OBJ: HasDate(value=datetime.date(2020, 2, 25))
</system-out></testcase><testcase classname="zdevelop.tests.test_schema.TestLoadDump" file="zdevelop/tests/test_schema.py" line="340" name="test_load_dump[False-True-True-load-data_obj20-data_dict20-None-None]" time="0.003"><system-out>DATA DICT: {&apos;value&apos;: &apos;12:00:00&apos;}
DATA OBJ: HasTime(value=datetime.time(12, 0))
</system-out></testcase><testcase classname="zdevelop.tests.test_schema.TestLoadDump" file="zdevelop/tests/test_schema.py" line="340" name="test_load_dump[False-True-True-load-data_obj21-data_dict21-None-None]" time="0.003"><system-out>DATA DICT: {&apos;value&apos;: True}
DATA OBJ: HasBool(value=True)
</system-out></testcase><testcase classname="zdevelop.tests.test_schema.TestLoadDump" file="zdevelop/tests/test_schema.py" line="340" name="test_load_dump[False-True-True-load-data_obj22-data_dict22-None-None]" time="0.003"><system-out>DATA DICT: {&apos;value&apos;: False}
DATA OBJ: HasBool(value=False)
</system-out></testcase><testcase classname="zdevelop.tests.test_schema.TestLoadDump" file="zdevelop/tests/test_schema.py" line="340" name="test_load_dump[False-True-True-load-data_obj23-data_dict23-None-None]" time="0.005"><system-out>DATA DICT: {&apos;simple_list&apos;: [{&apos;text&apos;: &apos;value&apos;}, None]}
DATA OBJ: HasOptionalListItems(simple_list=[Simple(text=&apos;value&apos;), None])
</system-out></testcase><testcase classname="zdevelop.tests.test_schema.TestLoadDump" file="zdevelop/tests/test_schema.py" line="340" name="test_load_dump[False-True-True-load-data_obj24-data_dict24-None-None]" time="0.005"><system-out>DATA DICT: {&apos;simple_list&apos;: [None, {&apos;text&apos;: &apos;value&apos;}, None]}
DATA OBJ: HasOptionalListItems(simple_list=[None, Simple(text=&apos;value&apos;), None])
</system-out></testcase><testcase classname="zdevelop.tests.test_schema.TestLoadDump" file="zdevelop/tests/test_schema.py" line="340" name="test_load_dump[False-True-True-load-data_obj25-data_dict25-None-None]" time="0.005"><system-out>DATA DICT: {&apos;simple_list&apos;: [None, {&apos;text&apos;: &apos;value&apos;}]}
DATA OBJ: HasOptionalListItems(simple_list=[None, Simple(text=&apos;value&apos;)])
</system-out></testcase><testcase classname="zdevelop.tests.test_schema.TestLoadDump" file="zdevelop/tests/test_schema.py" line="340" name="test_load_dump[False-True-True-load-data_obj26-data_dict26-None-None]" time="0.005"><system-out>DATA DICT: {&apos;simple_list&apos;: [None, {&apos;text&apos;: &apos;value&apos;}, {&apos;text&apos;: &apos;value&apos;}, None, {&apos;text&apos;: &apos;value&apos;}]}
DATA OBJ: HasOptionalListItems(simple_list=[None, Simple(text=&apos;value&apos;), Simple(text=&apos;value&apos;), None, Simple(text=&apos;value&apos;)])
</system-out></testcase><testcase classname="zdevelop.tests.test_schema.TestLoadDump" file="zdevelop/tests/test_schema.py" line="340" name="test_load_dump[False-True-True-load-data_obj27-data_dict27-None-None]" time="0.004"><system-out>DATA DICT: {&apos;simple&apos;: None}
DATA OBJ: HasOptionalDataclass(simple=None)
</system-out></testcase><testcase classname="zdevelop.tests.test_schema.TestLoadDump" file="zdevelop/tests/test_schema.py" line="340" name="test_load_dump[False-True-True-load-data_obj28-data_dict28-None-None]" time="0.004"><system-out>DATA DICT: {&apos;key&apos;: &apos;value&apos;}
DATA OBJ: FrozenPostInit(key=&apos;value&apos;)
</system-out></testcase><testcase classname="zdevelop.tests.test_schema.TestLoadDump" file="zdevelop/tests/test_schema.py" line="340" name="test_load_dump[False-True-True-dump-data_obj0-data_dict0-None-None]" time="0.003"></testcase><testcase classname="zdevelop.tests.test_schema.TestLoadDump" file="zdevelop/tests/test_schema.py" line="340" name="test_load_dump[False-True-True-dump-data_obj1-data_dict1-None-None]" time="0.003"></testcase><testcase classname="zdevelop.tests.test_schema.TestLoadDump" file="zdevelop/tests/test_schema.py" line="340" name="test_load_dump[False-True-True-dump-data_obj2-data_dict2-None-None]" time="0.003"></testcase><testcase classname="zdevelop.tests.test_schema.TestLoadDump" file="zdevelop/tests/test_schema.py" line="340" name="test_load_dump[False-True-True-dump-data_obj3-data_dict3-None-dict_answer3]" time="0.003"></testcase><testcase classname="zdevelop.tests.test_schema.TestLoadDump" file="zdevelop/tests/test_schema.py" line="340" name="test_load_dump[False-True-True-dump-data_obj4-data_dict4-None-None]" time="0.003"></testcase><testcase classname="zdevelop.tests.test_schema.TestLoadDump" file="zdevelop/tests/test_schema.py" line="340" name="test_load_dump[False-True-True-dump-data_obj5-data_dict5-None-dict_answer5]" time="0.004"></testcase><testcase classname="zdevelop.tests.test_schema.TestLoadDump" file="zdevelop/tests/test_schema.py" line="340" name="test_load_dump[False-True-True-dump-data_obj6-data_dict6-None-None]" time="0.003"></testcase><testcase classname="zdevelop.tests.test_schema.TestLoadDump" file="zdevelop/tests/test_schema.py" line="340" name="test_load_dump[False-True-True-dump-data_obj7-data_dict7-None-None]" time="0.003"></testcase><testcase classname="zdevelop.tests.test_schema.TestLoadDump" file="zdevelop/tests/test_schema.py" line="340" name="test_load_dump[False-True-True-dump-data_obj8-data_dict8-None-None]" time="0.004"></testcase><testcase classname="zdevelop.tests.test_schema.TestLoadDump" file="zdevelop/tests/test_schema.py" line="340" name="test_load_dump[False-True-True-dump-data_obj9-data_dict9-None-None]" time="0.004"></testcase><testcase classname="zdevelop.tests.test_schema.TestLoadDump" file="zdevelop/tests/test_schema.py" line="340" name="test_load_dump[False-True-True-dump-data_obj10-data_dict10-None-None]" time="0.004"></testcase><testcase classname="zdevelop.tests.test_schema.TestLoadDump" file="zdevelop/tests/test_schema.py" line="340" name="test_load_dump[False-True-True-dump-data_obj11-data_dict11-None-None]" time="0.004"></testcase><testcase classname="zdevelop.tests.test_schema.TestLoadDump" file="zdevelop/tests/test_schema.py" line="340" name="test_load_dump[False-True-True-dump-data_obj12-data_dict12-None-None]" time="0.004"></testcase><testcase classname="zdevelop.tests.test_schema.TestLoadDump" file="zdevelop/tests/test_schema.py" line="340" name="test_load_dump[False-True-True-dump-data_obj13-data_dict13-None-None]" time="0.004"></testcase><testcase classname="zdevelop.tests.test_schema.TestLoadDump" file="zdevelop/tests/test_schema.py" line="340" name="test_load_dump[False-True-True-dump-data_obj14-data_dict14-None-None]" time="0.004"></testcase><testcase classname="zdevelop.tests.test_schema.TestLoadDump" file="zdevelop/tests/test_schema.py" line="340" name="test_load_dump[False-True-True-dump-data_obj15-data_dict15-None-None]" time="0.003"></testcase><testcase classname="zdevelop.tests.test_schema.TestLoadDump" file="zdevelop/tests/test_schema.py" line="340" name="test_load_dump[False-True-True-dump-data_obj16-data_dict16-None-None]" time="0.003"></testcase><testcase classname="zdevelop.tests.test_schema.TestLoadDump" file="zdevelop/tests/test_schema.py" line="340" name="test_load_dump[False-True-True-dump-data_obj17-data_dict17-None-None]" time="0.003"></testcase><testcase classname="zdevelop.tests.test_schema.TestLoadDump" file="zdevelop/tests/test_schema.py" line="340" name="test_load_dump[False-True-True-dump-data_obj18-data_dict18-None-None]" time="0.004"></testcase><testcase classname="zdevelop.tests.test_schema.TestLoadDump" file="zdevelop/tests/test_schema.py" line="340" name="test_load_dump[False-True-True-dump-data_obj19-data_dict19-None-None]" time="0.003"></testcase><testcase classname="zdevelop.tests.test_schema.TestLoadDump" file="zdevelop/tests/test_schema.py" line="340" name="test_load_dump[False-True-True-dump-data_obj20-data_dict20-None-None]" time="0.003"></testcase><testcase classname="zdevelop.tests.test_schema.TestLoadDump" file="zdevelop/tests/test_schema.py" line="340" name="test_load_dump[False-True-True-dump-data_obj21-data_dict21-None-None]" time="0.003"></testcase><testcase classname="zdevelop.tests.test_schema.TestLoadDump" file="zdevelop/tests/test_schema.py" line="340" name="test_load_dump[False-True-True-dump-data_obj22-data_dict22-None-None]" time="0.003"></testcase><testcase classname="zdevelop.tests.test_schema.TestLoadDump" file="zdevelop/tests/test_schema.py" line="340" name="test_load_dump[False-True-True-dump-data_obj23-data_dict23-None-None]" time="0.005"></testcase><testcase classname="zdevelop.tests.test_schema.TestLoadDump" file="zdevelop/tests/test_schema.py" line="340" name="test_load_dump[False-True-True-dump-data_obj24-data_dict24-None-None]" time="0.004"></testcase><testcase classname="zdevelop.tests.test_schema.TestLoadDump" file="zdevelop/tests/test_schema.py" line="340" name="test_load_dump[False-True-True-dump-data_obj25-data_dict25-None-None]" time="0.004"></testcase><testcase classname="zdevelop.tests.test_schema.TestLoadDump" file="zdevelop/tests/test_schema.py" line="340" name="test_load_dump[False-True-True-dump-data_obj26-data_dict26-None-None]" time="0.004"></testcase><testcase classname="zdevelop.tests.test_schema.TestLoadDump" file="zdevelop/tests/test_schema.py" line="340" name="test_load_dump[False-True-True-dump-data_obj27-data_dict27-None-None]" time="0.004"></testcase><testcase classname="zdevelop.tests.test_schema.TestLoadDump" file="zdevelop/tests/test_schema.py" line="340" name="test_load_dump[False-True-True-dump-data_obj28-data_dict28-None-None]" time="0.004"></testcase><testcase classname="zdevelop.tests.test_schema.TestLoadDump" file="zdevelop/tests/test_schema.py" line="340" name="test_load_dump[False-True-True-validate-data_obj0-data_dict0-None-None]" time="0.003"></testcase><testcase classname="zdevelop.tests.test_schema.TestLoadDump" file="zdevelop/tests/test_schema.py" line="340" name="test_load_dump[False-True-True-validate-data_obj1-data_dict1-None-None]" time="0.003"></testcase><testcase classname="zdevelop.tests.test_schema.TestLoadDump" file="zdevelop/tests/test_schema.py" line="340" name="test_load_dump[False-True-True-validate-data_obj2-data_dict2-None-None]" time="0.003"></testcase><testcase classname="zdevelop.tests.test_schema.TestLoadDump" file="zdevelop/tests/test_schema.py" line="340" name="test_load_dump[False-True-True-validate-data_obj3-data_dict3-None-dict_answer3]" time="0.003"></testcase><testcase classname="zdevelop.tests.test_schema.TestLoadDump" file="zdevelop/tests/test_schema.py" line="340" name="test_load_dump[False-True-True-validate-data_obj4-data_dict4-None-None]" time="0.004"></testcase><testcase classname="zdevelop.tests.test_schema.TestLoadDump" file="zdevelop/tests/test_schema.py" line="340" name="test_load_dump[False-True-True-validate-data_obj5-data_dict5-None-dict_answer5]" time="0.003"></testcase><testcase classname="zdevelop.tests.test_schema.TestLoadDump" file="zdevelop/tests/test_schema.py" line="340" name="test_load_dump[False-True-True-validate-data_obj6-data_dict6-None-None]" time="0.003"></testcase><testcase classname="zdevelop.tests.test_schema.TestLoadDump" file="zdevelop/tests/test_schema.py" line="340" name="test_load_dump[False-True-True-validate-data_obj7-data_dict7-None-None]" time="0.004"></testcase><testcase classname="zdevelop.tests.test_schema.TestLoadDump" file="zdevelop/tests/test_schema.py" line="340" name="test_load_dump[False-True-True-validate-data_obj8-data_dict8-None-None]" time="0.004"></testcase><testcase classname="zdevelop.tests.test_schema.TestLoadDump" file="zdevelop/tests/test_schema.py" line="340" name="test_load_dump[False-True-True-validate-data_obj9-data_dict9-None-None]" time="0.005"></testcase><testcase classname="zdevelop.tests.test_schema.TestLoadDump" file="zdevelop/tests/test_schema.py" line="340" name="test_load_dump[False-True-True-validate-data_obj10-data_dict10-None-None]" time="0.005"></testcase><testcase classname="zdevelop.tests.test_schema.TestLoadDump" file="zdevelop/tests/test_schema.py" line="340" name="test_load_dump[False-True-True-validate-data_obj11-data_dict11-None-None]" time="0.005"></testcase><testcase classname="zdevelop.tests.test_schema.TestLoadDump" file="zdevelop/tests/test_schema.py" line="340" name="test_load_dump[False-True-True-validate-data_obj12-data_dict12-None-None]" time="0.005"></testcase><testcase classname="zdevelop.tests.test_schema.TestLoadDump" file="zdevelop/tests/test_schema.py" line="340" name="test_load_dump[False-True-True-validate-data_obj13-data_dict13-None-None]" time="0.004"></testcase><testcase classname="zdevelop.tests.test_schema.TestLoadDump" file="zdevelop/tests/test_schema.py" line="340" name="test_load_dump[False-True-True-validate-data_obj14-data_dict14-None-None]" time="0.004"></testcase><testcase classname="zdevelop.tests.test_schema.TestLoadDump" file="zdevelop/tests/test_schema.py" line="340" name="test_load_dump[False-True-True-validate-data_obj15-data_dict15-None-None]" time="0.003"></testcase><testcase classname="zdevelop.tests.test_schema.TestLoadDump" file="zdevelop/tests/test_schema.py" line="340" name="test_load_dump[False-True-True-validate-data_obj16-data_dict16-None-None]" time="0.003"></testcase><testcase classname="zdevelop.tests.test_schema.TestLoadDump" file="zdevelop/tests/test_schema.py" line="340" name="test_load_dump[False-True-True-validate-data_obj17-data_dict17-None-None]" time="0.003"></testcase><testcase classname="zdevelop.tests.test_schema.TestLoadDump" file="zdevelop/tests/test_schema.py" line="340" name="test_load_dump[False-True-True-validate-data_obj18-data_dict18-None-None]" time="0.003"></testcase><testcase classname="zdevelop.tests.test_schema.TestLoadDump" file="zdevelop/tests/test_schema.py" line="340" name="test_load_dump[False-True-True-validate-data_obj19-data_dict19-None-None]" time="0.003"></testcase><testcase classname="zdevelop.tests.test_schema.TestLoadDump" file="zdevelop/tests/test_schema.py" line="340" name="test_load_dump[False-True-True-validate-data_obj20-data_dict20-None-None]" time="0.003"></testcase><testcase classname="zdevelop.tests.test_schema.TestLoadDump" file="zdevelop/tests/test_schema.py" line="340" name="test_load_dump[False-True-True-validate-data_obj21-data_dict21-None-None]" time="0.003"></testcase><testcase classname="zdevelop.tests.test_schema.TestLoadDump" file="zdevelop/tests/test_schema.py" line="340" name="test_load_dump[False-True-True-validate-data_obj22-data_dict22-None-None]" time="0.003"></testcase><testcase classname="zdevelop.tests.test_schema.TestLoadDump" file="zdevelop/tests/test_schema.py" line="340" name="test_load_dump[False-True-True-validate-data_obj23-data_dict23-None-None]" time="0.005"></testcase><testcase classname="zdevelop.tests.test_schema.TestLoadDump" file="zdevelop/tests/test_schema.py" line="340" name="test_load_dump[False-True-True-validate-data_obj24-data_dict24-None-None]" time="0.005"></testcase><testcase classname="zdevelop.tests.test_schema.TestLoadDump" file="zdevelop/tests/test_schema.py" line="340" name="test_load_dump[False-True-True-validate-data_obj25-data_dict25-None-None]" time="0.007"></testcase><testcase classname="zdevelop.tests.test_schema.TestLoadDump" file="zdevelop/tests/test_schema.py" line="340" name="test_load_dump[False-True-True-validate-data_obj26-data_dict26-None-None]" time="0.005"></testcase><testcase classname="zdevelop.tests.test_schema.TestLoadDump" file="zdevelop/tests/test_schema.py" line="340" name="test_load_dump[False-True-True-validate-data_obj27-data_dict27-None-None]" time="0.006"></testcase><testcase classname="zdevelop.tests.test_schema.TestLoadDump" file="zdevelop/tests/test_schema.py" line="340" name="test_load_dump[False-True-True-validate-data_obj28-data_dict28-None-None]" time="0.004"></testcase><testcase classname="zdevelop.tests.test_schema.TestLoadDump" file="zdevelop/tests/test_schema.py" line="340" name="test_load_dump[True-False-False-load-data_obj0-data_dict0-None-None]" time="0.003"><system-out>DATA DICT: {&apos;text&apos;: &apos;value&apos;}
DATA OBJ: Simple(text=&apos;value&apos;)
</system-out></testcase><testcase classname="zdevelop.tests.test_schema.TestLoadDump" file="zdevelop/tests/test_schema.py" line="340" name="test_load_dump[True-False-False-load-data_obj1-data_dict1-None-None]" time="0.003"><system-out>DATA DICT: {&apos;text&apos;: &apos;value&apos;}
DATA OBJ: SimpleOptional(text=&apos;value&apos;)
</system-out></testcase><testcase classname="zdevelop.tests.test_schema.TestLoadDump" file="zdevelop/tests/test_schema.py" line="340" name="test_load_dump[True-False-False-load-data_obj2-data_dict2-None-None]" time="0.003"><system-out>DATA DICT: {&apos;text&apos;: None}
DATA OBJ: SimpleOptional(text=None)
</system-out></testcase><testcase classname="zdevelop.tests.test_schema.TestLoadDump" file="zdevelop/tests/test_schema.py" line="340" name="test_load_dump[True-False-False-load-data_obj3-data_dict3-None-dict_answer3]" time="0.003"><system-out>DATA DICT: {}
DATA OBJ: SimpleDefault(text=&apos;value&apos;)
</system-out></testcase><testcase classname="zdevelop.tests.test_schema.TestLoadDump" file="zdevelop/tests/test_schema.py" line="340" name="test_load_dump[True-False-False-load-data_obj4-data_dict4-None-None]" time="0.003"><system-out>DATA DICT: {&apos;text_list&apos;: [&apos;value1&apos;, &apos;value2&apos;]}
DATA OBJ: HasList(text_list=[&apos;value1&apos;, &apos;value2&apos;])
</system-out></testcase><testcase classname="zdevelop.tests.test_schema.TestLoadDump" file="zdevelop/tests/test_schema.py" line="340" name="test_load_dump[True-False-False-load-data_obj5-data_dict5-None-dict_answer5]" time="0.003"><system-out>DATA DICT: {}
DATA OBJ: HasListDefault(text_list=[])
</system-out></testcase><testcase classname="zdevelop.tests.test_schema.TestLoadDump" file="zdevelop/tests/test_schema.py" line="340" name="test_load_dump[True-False-False-load-data_obj6-data_dict6-None-None]" time="0.003"><system-out>DATA DICT: {&apos;int_mapping&apos;: {&apos;one&apos;: 1, &apos;two&apos;: 2}}
DATA OBJ: HasDict(int_mapping={&apos;one&apos;: 1, &apos;two&apos;: 2})
</system-out></testcase><testcase classname="zdevelop.tests.test_schema.TestLoadDump" file="zdevelop/tests/test_schema.py" line="340" name="test_load_dump[True-False-False-load-data_obj7-data_dict7-None-None]" time="0.003"><system-out>DATA DICT: {&apos;int_mapping&apos;: {&apos;one&apos;: 1, &apos;two&apos;: 2}}
DATA OBJ: HasBaseDict(int_mapping={&apos;one&apos;: 1, &apos;two&apos;: 2})
</system-out></testcase><testcase classname="zdevelop.tests.test_schema.TestLoadDump" file="zdevelop/tests/test_schema.py" line="340" name="test_load_dump[True-False-False-load-data_obj8-data_dict8-None-None]" time="0.004"><system-out>DATA DICT: {&apos;nested&apos;: {&apos;text&apos;: &apos;value&apos;}}
DATA OBJ: SimpleRoot(nested=SimpleNested(text=&apos;value&apos;))
</system-out></testcase><testcase classname="zdevelop.tests.test_schema.TestLoadDump" file="zdevelop/tests/test_schema.py" line="340" name="test_load_dump[True-False-False-load-data_obj9-data_dict9-None-None]" time="0.004"><system-out>DATA DICT: {&apos;nested&apos;: {&apos;text&apos;: &apos;value&apos;}}
DATA OBJ: OptionalRoot(nested=OptionalNested(text=&apos;value&apos;))
</system-out></testcase><testcase classname="zdevelop.tests.test_schema.TestLoadDump" file="zdevelop/tests/test_schema.py" line="340" name="test_load_dump[True-False-False-load-data_obj10-data_dict10-None-None]" time="0.004"><system-out>DATA DICT: {&apos;nested&apos;: {&apos;text&apos;: None}}
DATA OBJ: OptionalRoot(nested=OptionalNested(text=None))
</system-out></testcase><testcase classname="zdevelop.tests.test_schema.TestLoadDump" file="zdevelop/tests/test_schema.py" line="340" name="test_load_dump[True-False-False-load-data_obj11-data_dict11-None-None]" time="0.004"><system-out>DATA DICT: {&apos;nested&apos;: [{&apos;text&apos;: &apos;value1&apos;}, {&apos;text&apos;: &apos;value2&apos;}]}
DATA OBJ: ListRoot(nested=[ListNested(text=&apos;value1&apos;), ListNested(text=&apos;value2&apos;)])
</system-out></testcase><testcase classname="zdevelop.tests.test_schema.TestLoadDump" file="zdevelop/tests/test_schema.py" line="340" name="test_load_dump[True-False-False-load-data_obj12-data_dict12-None-None]" time="0.003"><system-out>DATA DICT: {&apos;value&apos;: &apos;answer&apos;}
DATA OBJ: ConcreteTypeVar(value=&apos;answer&apos;)
</system-out></testcase><testcase classname="zdevelop.tests.test_schema.TestLoadDump" file="zdevelop/tests/test_schema.py" line="340" name="test_load_dump[True-False-False-load-data_obj13-data_dict13-None-None]" time="0.004"><system-out>DATA DICT: {&apos;value&apos;: &apos;answer&apos;}
DATA OBJ: OptionalConcrete(value=&apos;answer&apos;)
</system-out></testcase><testcase classname="zdevelop.tests.test_schema.TestLoadDump" file="zdevelop/tests/test_schema.py" line="340" name="test_load_dump[True-False-False-load-data_obj14-data_dict14-None-None]" time="0.003"><system-out>DATA DICT: {&apos;value&apos;: None}
DATA OBJ: OptionalConcrete(value=None)
</system-out></testcase><testcase classname="zdevelop.tests.test_schema.TestLoadDump" file="zdevelop/tests/test_schema.py" line="340" name="test_load_dump[True-False-False-load-data_obj15-data_dict15-None-None]" time="0.003"><system-out>DATA DICT: {&apos;value&apos;: &apos;someone@gmail.com&apos;}
DATA OBJ: HasEmail(value=&apos;someone@gmail.com&apos;)
</system-out></testcase><testcase classname="zdevelop.tests.test_schema.TestLoadDump" file="zdevelop/tests/test_schema.py" line="340" name="test_load_dump[True-False-False-load-data_obj16-data_dict16-None-None]" time="0.003"><system-out>DATA DICT: {&apos;value&apos;: &apos;https://www.google.com&apos;}
DATA OBJ: HasURL(value=&apos;https://www.google.com&apos;)
</system-out></testcase><testcase classname="zdevelop.tests.test_schema.TestLoadDump" file="zdevelop/tests/test_schema.py" line="340" name="test_load_dump[True-False-False-load-data_obj17-data_dict17-None-None]" time="0.003"><system-out>DATA DICT: {&apos;value&apos;: &apos;05281639-498a-40db-a2c9-629b10f9cc52&apos;}
DATA OBJ: HasUUID(value=UUID(&apos;05281639-498a-40db-a2c9-629b10f9cc52&apos;))
</system-out></testcase><testcase classname="zdevelop.tests.test_schema.TestLoadDump" file="zdevelop/tests/test_schema.py" line="340" name="test_load_dump[True-False-False-load-data_obj18-data_dict18-None-None]" time="0.003"><system-out>DATA DICT: {&apos;value&apos;: &apos;2020-02-25T19:02:20.115180+00:00&apos;}
DATA OBJ: HasDateTime(value=datetime.datetime(2020, 2, 25, 19, 2, 20, 115180, tzinfo=&lt;UTC&gt;))
</system-out></testcase><testcase classname="zdevelop.tests.test_schema.TestLoadDump" file="zdevelop/tests/test_schema.py" line="340" name="test_load_dump[True-False-False-load-data_obj19-data_dict19-None-None]" time="0.003"><system-out>DATA DICT: {&apos;value&apos;: &apos;2020-02-25&apos;}
DATA OBJ: HasDate(value=datetime.date(2020, 2, 25))
</system-out></testcase><testcase classname="zdevelop.tests.test_schema.TestLoadDump" file="zdevelop/tests/test_schema.py" line="340" name="test_load_dump[True-False-False-load-data_obj20-data_dict20-None-None]" time="0.003"><system-out>DATA DICT: {&apos;value&apos;: &apos;12:00:00&apos;}
DATA OBJ: HasTime(value=datetime.time(12, 0))
</system-out></testcase><testcase classname="zdevelop.tests.test_schema.TestLoadDump" file="zdevelop/tests/test_schema.py" line="340" name="test_load_dump[True-False-False-load-data_obj21-data_dict21-None-None]" time="0.003"><system-out>DATA DICT: {&apos;value&apos;: True}
DATA OBJ: HasBool(value=True)
</system-out></testcase><testcase classname="zdevelop.tests.test_schema.TestLoadDump" file="zdevelop/tests/test_schema.py" line="340" name="test_load_dump[True-False-False-load-data_obj22-data_dict22-None-None]" time="0.003"><system-out>DATA DICT: {&apos;value&apos;: False}
DATA OBJ: HasBool(value=False)
</system-out></testcase><testcase classname="zdevelop.tests.test_schema.TestLoadDump" file="zdevelop/tests/test_schema.py" line="340" name="test_load_dump[True-False-False-load-data_obj23-data_dict23-None-None]" time="0.004"><system-out>DATA DICT: {&apos;simple_list&apos;: [{&apos;text&apos;: &apos;value&apos;}, None]}
DATA OBJ: HasOptionalListItems(simple_list=[Simple(text=&apos;value&apos;), None])
</system-out></testcase><testcase classname="zdevelop.tests.test_schema.TestLoadDump" file="zdevelop/tests/test_schema.py" line="340" name="test_load_dump[True-False-False-load-data_obj24-data_dict24-None-None]" time="0.004"><system-out>DATA DICT: {&apos;simple_list&apos;: [None, {&apos;text&apos;: &apos;value&apos;}, None]}
DATA OBJ: HasOptionalListItems(simple_list=[None, Simple(text=&apos;value&apos;), None])
</system-out></testcase><testcase classname="zdevelop.tests.test_schema.TestLoadDump" file="zdevelop/tests/test_schema.py" line="340" name="test_load_dump[True-False-False-load-data_obj25-data_dict25-None-None]" time="0.005"><system-out>DATA DICT: {&apos;simple_list&apos;: [None, {&apos;text&apos;: &apos;value&apos;}]}
DATA OBJ: HasOptionalListItems(simple_list=[None, Simple(text=&apos;value&apos;)])
</system-out></testcase><testcase classname="zdevelop.tests.test_schema.TestLoadDump" file="zdevelop/tests/test_schema.py" line="340" name="test_load_dump[True-False-False-load-data_obj26-data_dict26-None-None]" time="0.005"><system-out>DATA DICT: {&apos;simple_list&apos;: [None, {&apos;text&apos;: &apos;value&apos;}, {&apos;text&apos;: &apos;value&apos;}, None, {&apos;text&apos;: &apos;value&apos;}]}
DATA OBJ: HasOptionalListItems(simple_list=[None, Simple(text=&apos;value&apos;), Simple(text=&apos;value&apos;), None, Simple(text=&apos;value&apos;)])
</system-out></testcase><testcase classname="zdevelop.tests.test_schema.TestLoadDump" file="zdevelop/tests/test_schema.py" line="340" name="test_load_dump[True-False-False-load-data_obj27-data_dict27-None-None]" time="0.004"><system-out>DATA DICT: {&apos;simple&apos;: None}
DATA OBJ: HasOptionalDataclass(simple=None)
</system-out></testcase><testcase classname="zdevelop.tests.test_schema.TestLoadDump" file="zdevelop/tests/test_schema.py" line="340" name="test_load_dump[True-False-False-load-data_obj28-data_dict28-None-None]" time="0.004"><system-out>DATA DICT: {&apos;key&apos;: &apos;value&apos;}
DATA OBJ: FrozenPostInit(key=&apos;value&apos;)
</system-out></testcase><testcase classname="zdevelop.tests.test_schema.TestLoadDump" file="zdevelop/tests/test_schema.py" line="340" name="test_load_dump[True-False-False-dump-data_obj0-data_dict0-None-None]" time="0.003"></testcase><testcase classname="zdevelop.tests.test_schema.TestLoadDump" file="zdevelop/tests/test_schema.py" line="340" name="test_load_dump[True-False-False-dump-data_obj1-data_dict1-None-None]" time="0.003"></testcase><testcase classname="zdevelop.tests.test_schema.TestLoadDump" file="zdevelop/tests/test_schema.py" line="340" name="test_load_dump[True-False-False-dump-data_obj2-data_dict2-None-None]" time="0.003"></testcase><testcase classname="zdevelop.tests.test_schema.TestLoadDump" file="zdevelop/tests/test_schema.py" line="340" name="test_load_dump[True-False-False-dump-data_obj3-data_dict3-None-dict_answer3]" time="0.003"></testcase><testcase classname="zdevelop.tests.test_schema.TestLoadDump" file="zdevelop/tests/test_schema.py" line="340" name="test_load_dump[True-False-False-dump-data_obj4-data_dict4-None-None]" time="0.004"></testcase><testcase classname="zdevelop.tests.test_schema.TestLoadDump" file="zdevelop/tests/test_schema.py" line="340" name="test_load_dump[True-False-False-dump-data_obj5-data_dict5-None-dict_answer5]" time="0.003"></testcase><testcase classname="zdevelop.tests.test_schema.TestLoadDump" file="zdevelop/tests/test_schema.py" line="340" name="test_load_dump[True-False-False-dump-data_obj6-data_dict6-None-None]" time="0.003"></testcase><testcase classname="zdevelop.tests.test_schema.TestLoadDump" file="zdevelop/tests/test_schema.py" line="340" name="test_load_dump[True-False-False-dump-data_obj7-data_dict7-None-None]" time="0.003"></testcase><testcase classname="zdevelop.tests.test_schema.TestLoadDump" file="zdevelop/tests/test_schema.py" line="340" name="test_load_dump[True-False-False-dump-data_obj8-data_dict8-None-None]" time="0.004"></testcase><testcase classname="zdevelop.tests.test_schema.TestLoadDump" file="zdevelop/tests/test_schema.py" line="340" name="test_load_dump[True-False-False-dump-data_obj9-data_dict9-None-None]" time="0.004"></testcase><testcase classname="zdevelop.tests.test_schema.TestLoadDump" file="zdevelop/tests/test_schema.py" line="340" name="test_load_dump[True-False-False-dump-data_obj10-data_dict10-None-None]" time="0.004"></testcase><testcase classname="zdevelop.tests.test_schema.TestLoadDump" file="zdevelop/tests/test_schema.py" line="340" name="test_load_dump[True-False-False-dump-data_obj11-data_dict11-None-None]" time="0.004"></testcase><testcase classname="zdevelop.tests.test_schema.TestLoadDump" file="zdevelop/tests/test_schema.py" line="340" name="test_load_dump[True-False-False-dump-data_obj12-data_dict12-None-None]" time="0.003"></testcase><testcase classname="zdevelop.tests.test_schema.TestLoadDump" file="zdevelop/tests/test_schema.py" line="340" name="test_load_dump[True-False-False-dump-data_obj13-data_dict13-None-None]" time="0.003"></testcase><testcase classname="zdevelop.tests.test_schema.TestLoadDump" file="zdevelop/tests/test_schema.py" line="340" name="test_load_dump[True-False-False-dump-data_obj14-data_dict14-None-None]" time="0.003"></testcase><testcase classname="zdevelop.tests.test_schema.TestLoadDump" file="zdevelop/tests/test_schema.py" line="340" name="test_load_dump[True-False-False-dump-data_obj15-data_dict15-None-None]" time="0.003"></testcase><testcase classname="zdevelop.tests.test_schema.TestLoadDump" file="zdevelop/tests/test_schema.py" line="340" name="test_load_dump[True-False-False-dump-data_obj16-data_dict16-None-None]" time="0.003"></testcase><testcase classname="zdevelop.tests.test_schema.TestLoadDump" file="zdevelop/tests/test_schema.py" line="340" name="test_load_dump[True-False-False-dump-data_obj17-data_dict17-None-None]" time="0.003"></testcase><testcase classname="zdevelop.tests.test_schema.TestLoadDump" file="zdevelop/tests/test_schema.py" line="340" name="test_load_dump[True-False-False-dump-data_obj18-data_dict18-None-None]" time="0.003"></testcase><testcase classname="zdevelop.tests.test_schema.TestLoadDump" file="zdevelop/tests/test_schema.py" line="340" name="test_load_dump[True-False-False-dump-data_obj19-data_dict19-None-None]" time="0.003"></testcase><testcase classname="zdevelop.tests.test_schema.TestLoadDump" file="zdevelop/tests/test_schema.py" line="340" name="test_load_dump[True-False-False-dump-data_obj20-data_dict20-None-None]" time="0.003"></testcase><testcase classname="zdevelop.tests.test_schema.TestLoadDump" file="zdevelop/tests/test_schema.py" line="340" name="test_load_dump[True-False-False-dump-data_obj21-data_dict21-None-None]" time="0.003"></testcase><testcase classname="zdevelop.tests.test_schema.TestLoadDump" file="zdevelop/tests/test_schema.py" line="340" name="test_load_dump[True-False-False-dump-data_obj22-data_dict22-None-None]" time="0.003"></testcase><testcase classname="zdevelop.tests.test_schema.TestLoadDump" file="zdevelop/tests/test_schema.py" line="340" name="test_load_dump[True-False-False-dump-data_obj23-data_dict23-None-None]" time="0.004"></testcase><testcase classname="zdevelop.tests.test_schema.TestLoadDump" file="zdevelop/tests/test_schema.py" line="340" name="test_load_dump[True-False-False-dump-data_obj24-data_dict24-None-None]" time="0.004"></testcase><testcase classname="zdevelop.tests.test_schema.TestLoadDump" file="zdevelop/tests/test_schema.py" line="340" name="test_load_dump[True-False-False-dump-data_obj25-data_dict25-None-None]" time="0.005"></testcase><testcase classname="zdevelop.tests.test_schema.TestLoadDump" file="zdevelop/tests/test_schema.py" line="340" name="test_load_dump[True-False-False-dump-data_obj26-data_dict26-None-None]" time="0.004"></testcase><testcase classname="zdevelop.tests.test_schema.TestLoadDump" file="zdevelop/tests/test_schema.py" line="340" name="test_load_dump[True-False-False-dump-data_obj27-data_dict27-None-None]" time="0.004"></testcase><testcase classname="zdevelop.tests.test_schema.TestLoadDump" file="zdevelop/tests/test_schema.py" line="340" name="test_load_dump[True-False-False-dump-data_obj28-data_dict28-None-None]" time="0.004"></testcase><testcase classname="zdevelop.tests.test_schema.TestLoadDump" file="zdevelop/tests/test_schema.py" line="340" name="test_load_dump[True-False-False-validate-data_obj0-data_dict0-None-None]" time="0.003"></testcase><testcase classname="zdevelop.tests.test_schema.TestLoadDump" file="zdevelop/tests/test_schema.py" line="340" name="test_load_dump[True-False-False-validate-data_obj1-data_dict1-None-None]" time="0.003"></testcase><testcase classname="zdevelop.tests.test_schema.TestLoadDump" file="zdevelop/tests/test_schema.py" line="340" name="test_load_dump[True-False-False-validate-data_obj2-data_dict2-None-None]" time="0.003"></testcase><testcase classname="zdevelop.tests.test_schema.TestLoadDump" file="zdevelop/tests/test_schema.py" line="340" name="test_load_dump[True-False-False-validate-data_obj3-data_dict3-None-dict_answer3]" time="0.003"></testcase><testcase classname="zdevelop.tests.test_schema.TestLoadDump" file="zdevelop/tests/test_schema.py" line="340" name="test_load_dump[True-False-False-validate-data_obj4-data_dict4-None-None]" time="0.003"></testcase><testcase classname="zdevelop.tests.test_schema.TestLoadDump" file="zdevelop/tests/test_schema.py" line="340" name="test_load_dump[True-False-False-validate-data_obj5-data_dict5-None-dict_answer5]" time="0.003"></testcase><testcase classname="zdevelop.tests.test_schema.TestLoadDump" file="zdevelop/tests/test_schema.py" line="340" name="test_load_dump[True-False-False-validate-data_obj6-data_dict6-None-None]" time="0.003"></testcase><testcase classname="zdevelop.tests.test_schema.TestLoadDump" file="zdevelop/tests/test_schema.py" line="340" name="test_load_dump[True-False-False-validate-data_obj7-data_dict7-None-None]" time="0.003"></testcase><testcase classname="zdevelop.tests.test_schema.TestLoadDump" file="zdevelop/tests/test_schema.py" line="340" name="test_load_dump[True-False-False-validate-data_obj8-data_dict8-None-None]" time="0.004"></testcase><testcase classname="zdevelop.tests.test_schema.TestLoadDump" file="zdevelop/tests/test_schema.py" line="340" name="test_load_dump[True-False-False-validate-data_obj9-data_dict9-None-None]" time="0.004"></testcase><testcase classname="zdevelop.tests.test_schema.TestLoadDump" file="zdevelop/tests/test_schema.py" line="340" name="test_load_dump[True-False-False-validate-data_obj10-data_dict10-None-None]" time="0.004"></testcase><testcase classname="zdevelop.tests.test_schema.TestLoadDump" file="zdevelop/tests/test_schema.py" line="340" name="test_load_dump[True-False-False-validate-data_obj11-data_dict11-None-None]" time="0.004"></testcase><testcase classname="zdevelop.tests.test_schema.TestLoadDump" file="zdevelop/tests/test_schema.py" line="340" name="test_load_dump[True-False-False-validate-data_obj12-data_dict12-None-None]" time="0.003"></testcase><testcase classname="zdevelop.tests.test_schema.TestLoadDump" file="zdevelop/tests/test_schema.py" line="340" name="test_load_dump[True-False-False-validate-data_obj13-data_dict13-None-None]" time="0.003"></testcase><testcase classname="zdevelop.tests.test_schema.TestLoadDump" file="zdevelop/tests/test_schema.py" line="340" name="test_load_dump[True-False-False-validate-data_obj14-data_dict14-None-None]" time="0.003"></testcase><testcase classname="zdevelop.tests.test_schema.TestLoadDump" file="zdevelop/tests/test_schema.py" line="340" name="test_load_dump[True-False-False-validate-data_obj15-data_dict15-None-None]" time="0.003"></testcase><testcase classname="zdevelop.tests.test_schema.TestLoadDump" file="zdevelop/tests/test_schema.py" line="340" name="test_load_dump[True-False-False-validate-data_obj16-data_dict16-None-None]" time="0.003"></testcase><testcase classname="zdevelop.tests.test_schema.TestLoadDump" file="zdevelop/tests/test_schema.py" line="340" name="test_load_dump[True-False-False-validate-data_obj17-data_dict17-None-None]" time="0.003"></testcase><testcase classname="zdevelop.tests.test_schema.TestLoadDump" file="zdevelop/tests/test_schema.py" line="340" name="test_load_dump[True-False-False-validate-data_obj18-data_dict18-None-None]" time="0.003"></testcase><testcase classname="zdevelop.tests.test_schema.TestLoadDump" file="zdevelop/tests/test_schema.py" line="340" name="test_load_dump[True-False-False-validate-data_obj19-data_dict19-None-None]" time="0.003"></testcase><testcase classname="zdevelop.tests.test_schema.TestLoadDump" file="zdevelop/tests/test_schema.py" line="340" name="test_load_dump[True-False-False-validate-data_obj20-data_dict20-None-None]" time="0.003"></testcase><testcase classname="zdevelop.tests.test_schema.TestLoadDump" file="zdevelop/tests/test_schema.py" line="340" name="test_load_dump[True-False-False-validate-data_obj21-data_dict21-None-None]" time="0.003"></testcase><testcase classname="zdevelop.tests.test_schema.TestLoadDump" file="zdevelop/tests/test_schema.py" line="340" name="test_load_dump[True-False-False-validate-data_obj22-data_dict22-None-None]" time="0.003"></testcase><testcase classname="zdevelop.tests.test_schema.TestLoadDump" file="zdevelop/tests/test_schema.py" line="340" name="test_load_dump[True-False-False-validate-data_obj23-data_dict23-None-None]" time="0.005"></testcase><testcase classname="zdevelop.tests.test_schema.TestLoadDump" file="zdevelop/tests/test_schema.py" line="340" name="test_load_dump[True-False-False-validate-data_obj24-data_dict24-None-None]" time="0.004"></testcase><testcase classname="zdevelop.tests.test_schema.TestLoadDump" file="zdevelop/tests/test_schema.py" line="340" name="test_load_dump[True-False-False-validate-data_obj25-data_dict25-None-None]" time="0.004"></testcase><testcase classname="zdevelop.tests.test_schema.TestLoadDump" file="zdevelop/tests/test_schema.py" line="340" name="test_load_dump[True-False-False-validate-data_obj26-data_dict26-None-None]" time="0.004"></testcase><testcase classname="zdevelop.tests.test_schema.TestLoadDump" file="zdevelop/tests/test_schema.py" line="340" name="test_load_dump[True-False-False-validate-data_obj27-data_dict27-None-None]" time="0.004"></testcase><testcase classname="zdevelop.tests.test_schema.TestLoadDump" file="zdevelop/tests/test_schema.py" line="340" name="test_load_dump[True-False-False-validate-data_obj28-data_dict28-None-None]" time="0.004"></testcase><testcase classname="zdevelop.tests.test_schema.TestLoadDump" file="zdevelop/tests/test_schema.py" line="340" name="test_load_dump[True-False-True-load-data_obj0-data_dict0-None-None]" time="0.003"><system-out>DATA DICT: {&apos;text&apos;: &apos;value&apos;}
DATA OBJ: Simple(text=&apos;value&apos;)
</system-out></testcase><testcase classname="zdevelop.tests.test_schema.TestLoadDump" file="zdevelop/tests/test_schema.py" line="340" name="test_load_dump[True-False-True-load-data_obj1-data_dict1-None-None]" time="0.003"><system-out>DATA DICT: {&apos;text&apos;: &apos;value&apos;}
DATA OBJ: SimpleOptional(text=&apos;value&apos;)
</system-out></testcase><testcase classname="zdevelop.tests.test_schema.TestLoadDump" file="zdevelop/tests/test_schema.py" line="340" name="test_load_dump[True-False-True-load-data_obj2-data_dict2-None-None]" time="0.003"><system-out>DATA DICT: {&apos;text&apos;: None}
DATA OBJ: SimpleOptional(text=None)
</system-out></testcase><testcase classname="zdevelop.tests.test_schema.TestLoadDump" file="zdevelop/tests/test_schema.py" line="340" name="test_load_dump[True-False-True-load-data_obj3-data_dict3-None-dict_answer3]" time="0.003"><system-out>DATA DICT: {}
DATA OBJ: SimpleDefault(text=&apos;value&apos;)
</system-out></testcase><testcase classname="zdevelop.tests.test_schema.TestLoadDump" file="zdevelop/tests/test_schema.py" line="340" name="test_load_dump[True-False-True-load-data_obj4-data_dict4-None-None]" time="0.003"><system-out>DATA DICT: {&apos;text_list&apos;: [&apos;value1&apos;, &apos;value2&apos;]}
DATA OBJ: HasList(text_list=[&apos;value1&apos;, &apos;value2&apos;])
</system-out></testcase><testcase classname="zdevelop.tests.test_schema.TestLoadDump" file="zdevelop/tests/test_schema.py" line="340" name="test_load_dump[True-False-True-load-data_obj5-data_dict5-None-dict_answer5]" time="0.003"><system-out>DATA DICT: {}
DATA OBJ: HasListDefault(text_list=[])
</system-out></testcase><testcase classname="zdevelop.tests.test_schema.TestLoadDump" file="zdevelop/tests/test_schema.py" line="340" name="test_load_dump[True-False-True-load-data_obj6-data_dict6-None-None]" time="0.003"><system-out>DATA DICT: {&apos;int_mapping&apos;: {&apos;one&apos;: 1, &apos;two&apos;: 2}}
DATA OBJ: HasDict(int_mapping={&apos;one&apos;: 1, &apos;two&apos;: 2})
</system-out></testcase><testcase classname="zdevelop.tests.test_schema.TestLoadDump" file="zdevelop/tests/test_schema.py" line="340" name="test_load_dump[True-False-True-load-data_obj7-data_dict7-None-None]" time="0.003"><system-out>DATA DICT: {&apos;int_mapping&apos;: {&apos;one&apos;: 1, &apos;two&apos;: 2}}
DATA OBJ: HasBaseDict(int_mapping={&apos;one&apos;: 1, &apos;two&apos;: 2})
</system-out></testcase><testcase classname="zdevelop.tests.test_schema.TestLoadDump" file="zdevelop/tests/test_schema.py" line="340" name="test_load_dump[True-False-True-load-data_obj8-data_dict8-None-None]" time="0.006"><system-out>DATA DICT: {&apos;nested&apos;: {&apos;text&apos;: &apos;value&apos;}}
DATA OBJ: SimpleRoot(nested=SimpleNested(text=&apos;value&apos;))
</system-out></testcase><testcase classname="zdevelop.tests.test_schema.TestLoadDump" file="zdevelop/tests/test_schema.py" line="340" name="test_load_dump[True-False-True-load-data_obj9-data_dict9-None-None]" time="0.005"><system-out>DATA DICT: {&apos;nested&apos;: {&apos;text&apos;: &apos;value&apos;}}
DATA OBJ: OptionalRoot(nested=OptionalNested(text=&apos;value&apos;))
</system-out></testcase><testcase classname="zdevelop.tests.test_schema.TestLoadDump" file="zdevelop/tests/test_schema.py" line="340" name="test_load_dump[True-False-True-load-data_obj10-data_dict10-None-None]" time="0.005"><system-out>DATA DICT: {&apos;nested&apos;: {&apos;text&apos;: None}}
DATA OBJ: OptionalRoot(nested=OptionalNested(text=None))
</system-out></testcase><testcase classname="zdevelop.tests.test_schema.TestLoadDump" file="zdevelop/tests/test_schema.py" line="340" name="test_load_dump[True-False-True-load-data_obj11-data_dict11-None-None]" time="0.005"><system-out>DATA DICT: {&apos;nested&apos;: [{&apos;text&apos;: &apos;value1&apos;}, {&apos;text&apos;: &apos;value2&apos;}]}
DATA OBJ: ListRoot(nested=[ListNested(text=&apos;value1&apos;), ListNested(text=&apos;value2&apos;)])
</system-out></testcase><testcase classname="zdevelop.tests.test_schema.TestLoadDump" file="zdevelop/tests/test_schema.py" line="340" name="test_load_dump[True-False-True-load-data_obj12-data_dict12-None-None]" time="0.004"><system-out>DATA DICT: {&apos;value&apos;: &apos;answer&apos;}
DATA OBJ: ConcreteTypeVar(value=&apos;answer&apos;)
</system-out></testcase><testcase classname="zdevelop.tests.test_schema.TestLoadDump" file="zdevelop/tests/test_schema.py" line="340" name="test_load_dump[True-False-True-load-data_obj13-data_dict13-None-None]" time="0.004"><system-out>DATA DICT: {&apos;value&apos;: &apos;answer&apos;}
DATA OBJ: OptionalConcrete(value=&apos;answer&apos;)
</system-out></testcase><testcase classname="zdevelop.tests.test_schema.TestLoadDump" file="zdevelop/tests/test_schema.py" line="340" name="test_load_dump[True-False-True-load-data_obj14-data_dict14-None-None]" time="0.004"><system-out>DATA DICT: {&apos;value&apos;: None}
DATA OBJ: OptionalConcrete(value=None)
</system-out></testcase><testcase classname="zdevelop.tests.test_schema.TestLoadDump" file="zdevelop/tests/test_schema.py" line="340" name="test_load_dump[True-False-True-load-data_obj15-data_dict15-None-None]" time="0.003"><system-out>DATA DICT: {&apos;value&apos;: &apos;someone@gmail.com&apos;}
DATA OBJ: HasEmail(value=&apos;someone@gmail.com&apos;)
</system-out></testcase><testcase classname="zdevelop.tests.test_schema.TestLoadDump" file="zdevelop/tests/test_schema.py" line="340" name="test_load_dump[True-False-True-load-data_obj16-data_dict16-None-None]" time="0.003"><system-out>DATA DICT: {&apos;value&apos;: &apos;https://www.google.com&apos;}
DATA OBJ: HasURL(value=&apos;https://www.google.com&apos;)
</system-out></testcase><testcase classname="zdevelop.tests.test_schema.TestLoadDump" file="zdevelop/tests/test_schema.py" line="340" name="test_load_dump[True-False-True-load-data_obj17-data_dict17-None-None]" time="0.003"><system-out>DATA DICT: {&apos;value&apos;: &apos;05281639-498a-40db-a2c9-629b10f9cc52&apos;}
DATA OBJ: HasUUID(value=UUID(&apos;05281639-498a-40db-a2c9-629b10f9cc52&apos;))
</system-out></testcase><testcase classname="zdevelop.tests.test_schema.TestLoadDump" file="zdevelop/tests/test_schema.py" line="340" name="test_load_dump[True-False-True-load-data_obj18-data_dict18-None-None]" time="0.003"><system-out>DATA DICT: {&apos;value&apos;: &apos;2020-02-25T19:02:20.115180+00:00&apos;}
DATA OBJ: HasDateTime(value=datetime.datetime(2020, 2, 25, 19, 2, 20, 115180, tzinfo=&lt;UTC&gt;))
</system-out></testcase><testcase classname="zdevelop.tests.test_schema.TestLoadDump" file="zdevelop/tests/test_schema.py" line="340" name="test_load_dump[True-False-True-load-data_obj19-data_dict19-None-None]" time="0.003"><system-out>DATA DICT: {&apos;value&apos;: &apos;2020-02-25&apos;}
DATA OBJ: HasDate(value=datetime.date(2020, 2, 25))
</system-out></testcase><testcase classname="zdevelop.tests.test_schema.TestLoadDump" file="zdevelop/tests/test_schema.py" line="340" name="test_load_dump[True-False-True-load-data_obj20-data_dict20-None-None]" time="0.003"><system-out>DATA DICT: {&apos;value&apos;: &apos;12:00:00&apos;}
DATA OBJ: HasTime(value=datetime.time(12, 0))
</system-out></testcase><testcase classname="zdevelop.tests.test_schema.TestLoadDump" file="zdevelop/tests/test_schema.py" line="340" name="test_load_dump[True-False-True-load-data_obj21-data_dict21-None-None]" time="0.003"><system-out>DATA DICT: {&apos;value&apos;: True}
DATA OBJ: HasBool(value=True)
</system-out></testcase><testcase classname="zdevelop.tests.test_schema.TestLoadDump" file="zdevelop/tests/test_schema.py" line="340" name="test_load_dump[True-False-True-load-data_obj22-data_dict22-None-None]" time="0.003"><system-out>DATA DICT: {&apos;value&apos;: False}
DATA OBJ: HasBool(value=False)
</system-out></testcase><testcase classname="zdevelop.tests.test_schema.TestLoadDump" file="zdevelop/tests/test_schema.py" line="340" name="test_load_dump[True-False-True-load-data_obj23-data_dict23-None-None]" time="0.005"><system-out>DATA DICT: {&apos;simple_list&apos;: [{&apos;text&apos;: &apos;value&apos;}, None]}
DATA OBJ: HasOptionalListItems(simple_list=[Simple(text=&apos;value&apos;), None])
</system-out></testcase><testcase classname="zdevelop.tests.test_schema.TestLoadDump" file="zdevelop/tests/test_schema.py" line="340" name="test_load_dump[True-False-True-load-data_obj24-data_dict24-None-None]" time="0.005"><system-out>DATA DICT: {&apos;simple_list&apos;: [None, {&apos;text&apos;: &apos;value&apos;}, None]}
DATA OBJ: HasOptionalListItems(simple_list=[None, Simple(text=&apos;value&apos;), None])
</system-out></testcase><testcase classname="zdevelop.tests.test_schema.TestLoadDump" file="zdevelop/tests/test_schema.py" line="340" name="test_load_dump[True-False-True-load-data_obj25-data_dict25-None-None]" time="0.005"><system-out>DATA DICT: {&apos;simple_list&apos;: [None, {&apos;text&apos;: &apos;value&apos;}]}
DATA OBJ: HasOptionalListItems(simple_list=[None, Simple(text=&apos;value&apos;)])
</system-out></testcase><testcase classname="zdevelop.tests.test_schema.TestLoadDump" file="zdevelop/tests/test_schema.py" line="340" name="test_load_dump[True-False-True-load-data_obj26-data_dict26-None-None]" time="0.005"><system-out>DATA DICT: {&apos;simple_list&apos;: [None, {&apos;text&apos;: &apos;value&apos;}, {&apos;text&apos;: &apos;value&apos;}, None, {&apos;text&apos;: &apos;value&apos;}]}
DATA OBJ: HasOptionalListItems(simple_list=[None, Simple(text=&apos;value&apos;), Simple(text=&apos;value&apos;), None, Simple(text=&apos;value&apos;)])
</system-out></testcase><testcase classname="zdevelop.tests.test_schema.TestLoadDump" file="zdevelop/tests/test_schema.py" line="340" name="test_load_dump[True-False-True-load-data_obj27-data_dict27-None-None]" time="0.004"><system-out>DATA DICT: {&apos;simple&apos;: None}
DATA OBJ: HasOptionalDataclass(simple=None)
</system-out></testcase><testcase classname="zdevelop.tests.test_schema.TestLoadDump" file="zdevelop/tests/test_schema.py" line="340" name="test_load_dump[True-False-True-load-data_obj28-data_dict28-None-None]" time="0.004"><system-out>DATA DICT: {&apos;key&apos;: &apos;value&apos;}
DATA OBJ: FrozenPostInit(key=&apos;value&apos;)
</system-out></testcase><testcase classname="zdevelop.tests.test_schema.TestLoadDump" file="zdevelop/tests/test_schema.py" line="340" name="test_load_dump[True-False-True-dump-data_obj0-data_dict0-None-None]" time="0.003"></testcase><testcase classname="zdevelop.tests.test_schema.TestLoadDump" file="zdevelop/tests/test_schema.py" line="340" name="test_load_dump[True-False-True-dump-data_obj1-data_dict1-None-None]" time="0.003"></testcase><testcase classname="zdevelop.tests.test_schema.TestLoadDump" file="zdevelop/tests/test_schema.py" line="340" name="test_load_dump[True-False-True-dump-data_obj2-data_dict2-None-None]" time="0.003"></testcase><testcase classname="zdevelop.tests.test_schema.TestLoadDump" file="zdevelop/tests/test_schema.py" line="340" name="test_load_dump[True-False-True-dump-data_obj3-data_dict3-None-dict_answer3]" time="0.003"></testcase><testcase classname="zdevelop.tests.test_schema.TestLoadDump" file="zdevelop/tests/test_schema.py" line="340" name="test_load_dump[True-False-True-dump-data_obj4-data_dict4-None-None]" time="0.003"></testcase><testcase classname="zdevelop.tests.test_schema.TestLoadDump" file="zdevelop/tests/test_schema.py" line="340" name="test_load_dump[True-False-True-dump-data_obj5-data_dict5-None-dict_answer5]" time="0.004"></testcase><testcase classname="zdevelop.tests.test_schema.TestLoadDump" file="zdevelop/tests/test_schema.py" line="340" name="test_load_dump[True-False-True-dump-data_obj6-data_dict6-None-None]" time="0.004"></testcase><testcase classname="zdevelop.tests.test_schema.TestLoadDump" file="zdevelop/tests/test_schema.py" line="340" name="test_load_dump[True-False-True-dump-data_obj7-data_dict7-None-None]" time="0.003"></testcase><testcase classname="zdevelop.tests.test_schema.TestLoadDump" file="zdevelop/tests/test_schema.py" line="340" name="test_load_dump[True-False-True-dump-data_obj8-data_dict8-None-None]" time="0.004"></testcase><testcase classname="zdevelop.tests.test_schema.TestLoadDump" file="zdevelop/tests/test_schema.py" line="340" name="test_load_dump[True-False-True-dump-data_obj9-data_dict9-None-None]" time="0.004"></testcase><testcase classname="zdevelop.tests.test_schema.TestLoadDump" file="zdevelop/tests/test_schema.py" line="340" name="test_load_dump[True-False-True-dump-data_obj10-data_dict10-None-None]" time="0.004"></testcase><testcase classname="zdevelop.tests.test_schema.TestLoadDump" file="zdevelop/tests/test_schema.py" line="340" name="test_load_dump[True-False-True-dump-data_obj11-data_dict11-None-None]" time="0.005"></testcase><testcase classname="zdevelop.tests.test_schema.TestLoadDump" file="zdevelop/tests/test_schema.py" line="340" name="test_load_dump[True-False-True-dump-data_obj12-data_dict12-None-None]" time="0.004"></testcase><testcase classname="zdevelop.tests.test_schema.TestLoadDump" file="zdevelop/tests/test_schema.py" line="340" name="test_load_dump[True-False-True-dump-data_obj13-data_dict13-None-None]" time="0.004"></testcase><testcase classname="zdevelop.tests.test_schema.TestLoadDump" file="zdevelop/tests/test_schema.py" line="340" name="test_load_dump[True-False-True-dump-data_obj14-data_dict14-None-None]" time="0.004"></testcase><testcase classname="zdevelop.tests.test_schema.TestLoadDump" file="zdevelop/tests/test_schema.py" line="340" name="test_load_dump[True-False-True-dump-data_obj15-data_dict15-None-None]" time="0.003"></testcase><testcase classname="zdevelop.tests.test_schema.TestLoadDump" file="zdevelop/tests/test_schema.py" line="340" name="test_load_dump[True-False-True-dump-data_obj16-data_dict16-None-None]" time="0.003"></testcase><testcase classname="zdevelop.tests.test_schema.TestLoadDump" file="zdevelop/tests/test_schema.py" line="340" name="test_load_dump[True-False-True-dump-data_obj17-data_dict17-None-None]" time="0.003"></testcase><testcase classname="zdevelop.tests.test_schema.TestLoadDump" file="zdevelop/tests/test_schema.py" line="340" name="test_load_dump[True-False-True-dump-data_obj18-data_dict18-None-None]" time="0.004"></testcase><testcase classname="zdevelop.tests.test_schema.TestLoadDump" file="zdevelop/tests/test_schema.py" line="340" name="test_load_dump[True-False-True-dump-data_obj19-data_dict19-None-None]" time="0.003"></testcase><testcase classname="zdevelop.tests.test_schema.TestLoadDump" file="zdevelop/tests/test_schema.py" line="340" name="test_load_dump[True-False-True-dump-data_obj20-data_dict20-None-None]" time="0.003"></testcase><testcase classname="zdevelop.tests.test_schema.TestLoadDump" file="zdevelop/tests/test_schema.py" line="340" name="test_load_dump[True-False-True-dump-data_obj21-data_dict21-None-None]" time="0.003"></testcase><testcase classname="zdevelop.tests.test_schema.TestLoadDump" file="zdevelop/tests/test_schema.py" line="340" name="test_load_dump[True-False-True-dump-data_obj22-data_dict22-None-None]" time="0.003"></testcase><testcase classname="zdevelop.tests.test_schema.TestLoadDump" file="zdevelop/tests/test_schema.py" line="340" name="test_load_dump[True-False-True-dump-data_obj23-data_dict23-None-None]" time="0.005"></testcase><testcase classname="zdevelop.tests.test_schema.TestLoadDump" file="zdevelop/tests/test_schema.py" line="340" name="test_load_dump[True-False-True-dump-data_obj24-data_dict24-None-None]" time="0.005"></testcase><testcase classname="zdevelop.tests.test_schema.TestLoadDump" file="zdevelop/tests/test_schema.py" line="340" name="test_load_dump[True-False-True-dump-data_obj25-data_dict25-None-None]" time="0.005"></testcase><testcase classname="zdevelop.tests.test_schema.TestLoadDump" file="zdevelop/tests/test_schema.py" line="340" name="test_load_dump[True-False-True-dump-data_obj26-data_dict26-None-None]" time="0.005"></testcase><testcase classname="zdevelop.tests.test_schema.TestLoadDump" file="zdevelop/tests/test_schema.py" line="340" name="test_load_dump[True-False-True-dump-data_obj27-data_dict27-None-None]" time="0.005"></testcase><testcase classname="zdevelop.tests.test_schema.TestLoadDump" file="zdevelop/tests/test_schema.py" line="340" name="test_load_dump[True-False-True-dump-data_obj28-data_dict28-None-None]" time="0.004"></testcase><testcase classname="zdevelop.tests.test_schema.TestLoadDump" file="zdevelop/tests/test_schema.py" line="340" name="test_load_dump[True-False-True-validate-data_obj0-data_dict0-None-None]" time="0.003"></testcase><testcase classname="zdevelop.tests.test_schema.TestLoadDump" file="zdevelop/tests/test_schema.py" line="340" name="test_load_dump[True-False-True-validate-data_obj1-data_dict1-None-None]" time="0.003"></testcase><testcase classname="zdevelop.tests.test_schema.TestLoadDump" file="zdevelop/tests/test_schema.py" line="340" name="test_load_dump[True-False-True-validate-data_obj2-data_dict2-None-None]" time="0.003"></testcase><testcase classname="zdevelop.tests.test_schema.TestLoadDump" file="zdevelop/tests/test_schema.py" line="340" name="test_load_dump[True-False-True-validate-data_obj3-data_dict3-None-dict_answer3]" time="0.003"></testcase><testcase classname="zdevelop.tests.test_schema.TestLoadDump" file="zdevelop/tests/test_schema.py" line="340" name="test_load_dump[True-False-True-validate-data_obj4-data_dict4-None-None]" time="0.004"></testcase><testcase classname="zdevelop.tests.test_schema.TestLoadDump" file="zdevelop/tests/test_schema.py" line="340" name="test_load_dump[True-False-True-validate-data_obj5-data_dict5-None-dict_answer5]" time="0.003"></testcase><testcase classname="zdevelop.tests.test_schema.TestLoadDump" file="zdevelop/tests/test_schema.py" line="340" name="test_load_dump[True-False-True-validate-data_obj6-data_dict6-None-None]" time="0.003"></testcase><testcase classname="zdevelop.tests.test_schema.TestLoadDump" file="zdevelop/tests/test_schema.py" line="340" name="test_load_dump[True-False-True-validate-data_obj7-data_dict7-None-None]" time="0.003"></testcase><testcase classname="zdevelop.tests.test_schema.TestLoadDump" file="zdevelop/tests/test_schema.py" line="340" name="test_load_dump[True-False-True-validate-data_obj8-data_dict8-None-None]" time="0.005"></testcase><testcase classname="zdevelop.tests.test_schema.TestLoadDump" file="zdevelop/tests/test_schema.py" line="340" name="test_load_dump[True-False-True-validate-data_obj9-data_dict9-None-None]" time="0.006"></testcase><testcase classname="zdevelop.tests.test_schema.TestLoadDump" file="zdevelop/tests/test_schema.py" line="340" name="test_load_dump[True-False-True-validate-data_obj10-data_dict10-None-None]" time="0.005"></testcase><testcase classname="zdevelop.tests.test_schema.TestLoadDump" file="zdevelop/tests/test_schema.py" line="340" name="test_load_dump[True-False-True-validate-data_obj11-data_dict11-None-None]" time="0.005"></testcase><testcase classname="zdevelop.tests.test_schema.TestLoadDump" file="zdevelop/tests/test_schema.py" line="340" name="test_load_dump[True-False-True-validate-data_obj12-data_dict12-None-None]" time="0.004"></testcase><testcase classname="zdevelop.tests.test_schema.TestLoadDump" file="zdevelop/tests/test_schema.py" line="340" name="test_load_dump[True-False-True-validate-data_obj13-data_dict13-None-None]" time="0.004"></testcase><testcase classname="zdevelop.tests.test_schema.TestLoadDump" file="zdevelop/tests/test_schema.py" line="340" name="test_load_dump[True-False-True-validate-data_obj14-data_dict14-None-None]" time="0.004"></testcase><testcase classname="zdevelop.tests.test_schema.TestLoadDump" file="zdevelop/tests/test_schema.py" line="340" name="test_load_dump[True-False-True-validate-data_obj15-data_dict15-None-None]" time="0.003"></testcase><testcase classname="zdevelop.tests.test_schema.TestLoadDump" file="zdevelop/tests/test_schema.py" line="340" name="test_load_dump[True-False-True-validate-data_obj16-data_dict16-None-None]" time="0.003"></testcase><testcase classname="zdevelop.tests.test_schema.TestLoadDump" file="zdevelop/tests/test_schema.py" line="340" name="test_load_dump[True-False-True-validate-data_obj17-data_dict17-None-None]" time="0.003"></testcase><testcase classname="zdevelop.tests.test_schema.TestLoadDump" file="zdevelop/tests/test_schema.py" line="340" name="test_load_dump[True-False-True-validate-data_obj18-data_dict18-None-None]" time="0.003"></testcase><testcase classname="zdevelop.tests.test_schema.TestLoadDump" file="zdevelop/tests/test_schema.py" line="340" name="test_load_dump[True-False-True-validate-data_obj19-data_dict19-None-None]" time="0.003"></testcase><testcase classname="zdevelop.tests.test_schema.TestLoadDump" file="zdevelop/tests/test_schema.py" line="340" name="test_load_dump[True-False-True-validate-data_obj20-data_dict20-None-None]" time="0.003"></testcase><testcase classname="zdevelop.tests.test_schema.TestLoadDump" file="zdevelop/tests/test_schema.py" line="340" name="test_load_dump[True-False-True-validate-data_obj21-data_dict21-None-None]" time="0.003"></testcase><testcase classname="zdevelop.tests.test_schema.TestLoadDump" file="zdevelop/tests/test_schema.py" line="340" name="test_load_dump[True-False-True-validate-data_obj22-data_dict22-None-None]" time="0.003"></testcase><testcase classname="zdevelop.tests.test_schema.TestLoadDump" file="zdevelop/tests/test_schema.py" line="340" name="test_load_dump[True-False-True-validate-data_obj23-data_dict23-None-None]" time="0.005"></testcase><testcase classname="zdevelop.tests.test_schema.TestLoadDump" file="zdevelop/tests/test_schema.py" line="340" name="test_load_dump[True-False-True-validate-data_obj24-data_dict24-None-None]" time="0.005"></testcase><testcase classname="zdevelop.tests.test_schema.TestLoadDump" file="zdevelop/tests/test_schema.py" line="340" name="test_load_dump[True-False-True-validate-data_obj25-data_dict25-None-None]" time="0.005"></testcase><testcase classname="zdevelop.tests.test_schema.TestLoadDump" file="zdevelop/tests/test_schema.py" line="340" name="test_load_dump[True-False-True-validate-data_obj26-data_dict26-None-None]" time="0.005"></testcase><testcase classname="zdevelop.tests.test_schema.TestLoadDump" file="zdevelop/tests/test_schema.py" line="340" name="test_load_dump[True-False-True-validate-data_obj27-data_dict27-None-None]" time="0.004"></testcase><testcase classname="zdevelop.tests.test_schema.TestLoadDump" file="zdevelop/tests/test_schema.py" line="340" name="test_load_dump[True-False-True-validate-data_obj28-data_dict28-None-None]" time="0.004"></testcase><testcase classname="zdevelop.tests.test_schema.TestLoadDump" file="zdevelop/tests/test_schema.py" line="340" name="test_load_dump[True-True-False-load-data_obj0-data_dict0-None-None]" time="0.003"><system-out>DATA DICT: {&apos;text&apos;: &apos;value&apos;}
DATA OBJ: Simple(text=&apos;value&apos;)
</system-out></testcase><testcase classname="zdevelop.tests.test_schema.TestLoadDump" file="zdevelop/tests/test_schema.py" line="340" name="test_load_dump[True-True-False-load-data_obj1-data_dict1-None-None]" time="0.003"><system-out>DATA DICT: {&apos;text&apos;: &apos;value&apos;}
DATA OBJ: SimpleOptional(text=&apos;value&apos;)
</system-out></testcase><testcase classname="zdevelop.tests.test_schema.TestLoadDump" file="zdevelop/tests/test_schema.py" line="340" name="test_load_dump[True-True-False-load-data_obj2-data_dict2-None-None]" time="0.003"><system-out>DATA DICT: {&apos;text&apos;: None}
DATA OBJ: SimpleOptional(text=None)
</system-out></testcase><testcase classname="zdevelop.tests.test_schema.TestLoadDump" file="zdevelop/tests/test_schema.py" line="340" name="test_load_dump[True-True-False-load-data_obj3-data_dict3-None-dict_answer3]" time="0.003"><system-out>DATA DICT: {}
DATA OBJ: SimpleDefault(text=&apos;value&apos;)
</system-out></testcase><testcase classname="zdevelop.tests.test_schema.TestLoadDump" file="zdevelop/tests/test_schema.py" line="340" name="test_load_dump[True-True-False-load-data_obj4-data_dict4-None-None]" time="0.003"><system-out>DATA DICT: {&apos;text_list&apos;: [&apos;value1&apos;, &apos;value2&apos;]}
DATA OBJ: HasList(text_list=[&apos;value1&apos;, &apos;value2&apos;])
</system-out></testcase><testcase classname="zdevelop.tests.test_schema.TestLoadDump" file="zdevelop/tests/test_schema.py" line="340" name="test_load_dump[True-True-False-load-data_obj5-data_dict5-None-dict_answer5]" time="0.003"><system-out>DATA DICT: {}
DATA OBJ: HasListDefault(text_list=[])
</system-out></testcase><testcase classname="zdevelop.tests.test_schema.TestLoadDump" file="zdevelop/tests/test_schema.py" line="340" name="test_load_dump[True-True-False-load-data_obj6-data_dict6-None-None]" time="0.003"><system-out>DATA DICT: {&apos;int_mapping&apos;: {&apos;one&apos;: 1, &apos;two&apos;: 2}}
DATA OBJ: HasDict(int_mapping={&apos;one&apos;: 1, &apos;two&apos;: 2})
</system-out></testcase><testcase classname="zdevelop.tests.test_schema.TestLoadDump" file="zdevelop/tests/test_schema.py" line="340" name="test_load_dump[True-True-False-load-data_obj7-data_dict7-None-None]" time="0.003"><system-out>DATA DICT: {&apos;int_mapping&apos;: {&apos;one&apos;: 1, &apos;two&apos;: 2}}
DATA OBJ: HasBaseDict(int_mapping={&apos;one&apos;: 1, &apos;two&apos;: 2})
</system-out></testcase><testcase classname="zdevelop.tests.test_schema.TestLoadDump" file="zdevelop/tests/test_schema.py" line="340" name="test_load_dump[True-True-False-load-data_obj8-data_dict8-None-None]" time="0.004"><system-out>DATA DICT: {&apos;nested&apos;: {&apos;text&apos;: &apos;value&apos;}}
DATA OBJ: SimpleRoot(nested=SimpleNested(text=&apos;value&apos;))
</system-out></testcase><testcase classname="zdevelop.tests.test_schema.TestLoadDump" file="zdevelop/tests/test_schema.py" line="340" name="test_load_dump[True-True-False-load-data_obj9-data_dict9-None-None]" time="0.004"><system-out>DATA DICT: {&apos;nested&apos;: {&apos;text&apos;: &apos;value&apos;}}
DATA OBJ: OptionalRoot(nested=OptionalNested(text=&apos;value&apos;))
</system-out></testcase><testcase classname="zdevelop.tests.test_schema.TestLoadDump" file="zdevelop/tests/test_schema.py" line="340" name="test_load_dump[True-True-False-load-data_obj10-data_dict10-None-None]" time="0.004"><system-out>DATA DICT: {&apos;nested&apos;: {&apos;text&apos;: None}}
DATA OBJ: OptionalRoot(nested=OptionalNested(text=None))
</system-out></testcase><testcase classname="zdevelop.tests.test_schema.TestLoadDump" file="zdevelop/tests/test_schema.py" line="340" name="test_load_dump[True-True-False-load-data_obj11-data_dict11-None-None]" time="0.004"><system-out>DATA DICT: {&apos;nested&apos;: [{&apos;text&apos;: &apos;value1&apos;}, {&apos;text&apos;: &apos;value2&apos;}]}
DATA OBJ: ListRoot(nested=[ListNested(text=&apos;value1&apos;), ListNested(text=&apos;value2&apos;)])
</system-out></testcase><testcase classname="zdevelop.tests.test_schema.TestLoadDump" file="zdevelop/tests/test_schema.py" line="340" name="test_load_dump[True-True-False-load-data_obj12-data_dict12-None-None]" time="0.003"><system-out>DATA DICT: {&apos;value&apos;: &apos;answer&apos;}
DATA OBJ: ConcreteTypeVar(value=&apos;answer&apos;)
</system-out></testcase><testcase classname="zdevelop.tests.test_schema.TestLoadDump" file="zdevelop/tests/test_schema.py" line="340" name="test_load_dump[True-True-False-load-data_obj13-data_dict13-None-None]" time="0.004"><system-out>DATA DICT: {&apos;value&apos;: &apos;answer&apos;}
DATA OBJ: OptionalConcrete(value=&apos;answer&apos;)
</system-out></testcase><testcase classname="zdevelop.tests.test_schema.TestLoadDump" file="zdevelop/tests/test_schema.py" line="340" name="test_load_dump[True-True-False-load-data_obj14-data_dict14-None-None]" time="0.003"><system-out>DATA DICT: {&apos;value&apos;: None}
DATA OBJ: OptionalConcrete(value=None)
</system-out></testcase><testcase classname="zdevelop.tests.test_schema.TestLoadDump" file="zdevelop/tests/test_schema.py" line="340" name="test_load_dump[True-True-False-load-data_obj15-data_dict15-None-None]" time="0.003"><system-out>DATA DICT: {&apos;value&apos;: &apos;someone@gmail.com&apos;}
DATA OBJ: HasEmail(value=&apos;someone@gmail.com&apos;)
</system-out></testcase><testcase classname="zdevelop.tests.test_schema.TestLoadDump" file="zdevelop/tests/test_schema.py" line="340" name="test_load_dump[True-True-False-load-data_obj16-data_dict16-None-None]" time="0.003"><system-out>DATA DICT: {&apos;value&apos;: &apos;https://www.google.com&apos;}
DATA OBJ: HasURL(value=&apos;https://www.google.com&apos;)
</system-out></testcase><testcase classname="zdevelop.tests.test_schema.TestLoadDump" file="zdevelop/tests/test_schema.py" line="340" name="test_load_dump[True-True-False-load-data_obj17-data_dict17-None-None]" time="0.003"><system-out>DATA DICT: {&apos;value&apos;: &apos;05281639-498a-40db-a2c9-629b10f9cc52&apos;}
DATA OBJ: HasUUID(value=UUID(&apos;05281639-498a-40db-a2c9-629b10f9cc52&apos;))
</system-out></testcase><testcase classname="zdevelop.tests.test_schema.TestLoadDump" file="zdevelop/tests/test_schema.py" line="340" name="test_load_dump[True-True-False-load-data_obj18-data_dict18-None-None]" time="0.003"><system-out>DATA DICT: {&apos;value&apos;: &apos;2020-02-25T19:02:20.115180+00:00&apos;}
DATA OBJ: HasDateTime(value=datetime.datetime(2020, 2, 25, 19, 2, 20, 115180, tzinfo=&lt;UTC&gt;))
</system-out></testcase><testcase classname="zdevelop.tests.test_schema.TestLoadDump" file="zdevelop/tests/test_schema.py" line="340" name="test_load_dump[True-True-False-load-data_obj19-data_dict19-None-None]" time="0.003"><system-out>DATA DICT: {&apos;value&apos;: &apos;2020-02-25&apos;}
DATA OBJ: HasDate(value=datetime.date(2020, 2, 25))
</system-out></testcase><testcase classname="zdevelop.tests.test_schema.TestLoadDump" file="zdevelop/tests/test_schema.py" line="340" name="test_load_dump[True-True-False-load-data_obj20-data_dict20-None-None]" time="0.003"><system-out>DATA DICT: {&apos;value&apos;: &apos;12:00:00&apos;}
DATA OBJ: HasTime(value=datetime.time(12, 0))
</system-out></testcase><testcase classname="zdevelop.tests.test_schema.TestLoadDump" file="zdevelop/tests/test_schema.py" line="340" name="test_load_dump[True-True-False-load-data_obj21-data_dict21-None-None]" time="0.003"><system-out>DATA DICT: {&apos;value&apos;: True}
DATA OBJ: HasBool(value=True)
</system-out></testcase><testcase classname="zdevelop.tests.test_schema.TestLoadDump" file="zdevelop/tests/test_schema.py" line="340" name="test_load_dump[True-True-False-load-data_obj22-data_dict22-None-None]" time="0.003"><system-out>DATA DICT: {&apos;value&apos;: False}
DATA OBJ: HasBool(value=False)
</system-out></testcase><testcase classname="zdevelop.tests.test_schema.TestLoadDump" file="zdevelop/tests/test_schema.py" line="340" name="test_load_dump[True-True-False-load-data_obj23-data_dict23-None-None]" time="0.004"><system-out>DATA DICT: {&apos;simple_list&apos;: [{&apos;text&apos;: &apos;value&apos;}, None]}
DATA OBJ: HasOptionalListItems(simple_list=[Simple(text=&apos;value&apos;), None])
</system-out></testcase><testcase classname="zdevelop.tests.test_schema.TestLoadDump" file="zdevelop/tests/test_schema.py" line="340" name="test_load_dump[True-True-False-load-data_obj24-data_dict24-None-None]" time="0.004"><system-out>DATA DICT: {&apos;simple_list&apos;: [None, {&apos;text&apos;: &apos;value&apos;}, None]}
DATA OBJ: HasOptionalListItems(simple_list=[None, Simple(text=&apos;value&apos;), None])
</system-out></testcase><testcase classname="zdevelop.tests.test_schema.TestLoadDump" file="zdevelop/tests/test_schema.py" line="340" name="test_load_dump[True-True-False-load-data_obj25-data_dict25-None-None]" time="0.004"><system-out>DATA DICT: {&apos;simple_list&apos;: [None, {&apos;text&apos;: &apos;value&apos;}]}
DATA OBJ: HasOptionalListItems(simple_list=[None, Simple(text=&apos;value&apos;)])
</system-out></testcase><testcase classname="zdevelop.tests.test_schema.TestLoadDump" file="zdevelop/tests/test_schema.py" line="340" name="test_load_dump[True-True-False-load-data_obj26-data_dict26-None-None]" time="0.005"><system-out>DATA DICT: {&apos;simple_list&apos;: [None, {&apos;text&apos;: &apos;value&apos;}, {&apos;text&apos;: &apos;value&apos;}, None, {&apos;text&apos;: &apos;value&apos;}]}
DATA OBJ: HasOptionalListItems(simple_list=[None, Simple(text=&apos;value&apos;), Simple(text=&apos;value&apos;), None, Simple(text=&apos;value&apos;)])
</system-out></testcase><testcase classname="zdevelop.tests.test_schema.TestLoadDump" file="zdevelop/tests/test_schema.py" line="340" name="test_load_dump[True-True-False-load-data_obj27-data_dict27-None-None]" time="0.004"><system-out>DATA DICT: {&apos;simple&apos;: None}
DATA OBJ: HasOptionalDataclass(simple=None)
</system-out></testcase><testcase classname="zdevelop.tests.test_schema.TestLoadDump" file="zdevelop/tests/test_schema.py" line="340" name="test_load_dump[True-True-False-load-data_obj28-data_dict28-None-None]" time="0.004"><system-out>DATA DICT: {&apos;key&apos;: &apos;value&apos;}
DATA OBJ: FrozenPostInit(key=&apos;value&apos;)
</system-out></testcase><testcase classname="zdevelop.tests.test_schema.TestLoadDump" file="zdevelop/tests/test_schema.py" line="340" name="test_load_dump[True-True-False-dump-data_obj0-data_dict0-None-None]" time="0.003"></testcase><testcase classname="zdevelop.tests.test_schema.TestLoadDump" file="zdevelop/tests/test_schema.py" line="340" name="test_load_dump[True-True-False-dump-data_obj1-data_dict1-None-None]" time="0.003"></testcase><testcase classname="zdevelop.tests.test_schema.TestLoadDump" file="zdevelop/tests/test_schema.py" line="340" name="test_load_dump[True-True-False-dump-data_obj2-data_dict2-None-None]" time="0.003"></testcase><testcase classname="zdevelop.tests.test_schema.TestLoadDump" file="zdevelop/tests/test_schema.py" line="340" name="test_load_dump[True-True-False-dump-data_obj3-data_dict3-None-dict_answer3]" time="0.003"></testcase><testcase classname="zdevelop.tests.test_schema.TestLoadDump" file="zdevelop/tests/test_schema.py" line="340" name="test_load_dump[True-True-False-dump-data_obj4-data_dict4-None-None]" time="0.003"></testcase><testcase classname="zdevelop.tests.test_schema.TestLoadDump" file="zdevelop/tests/test_schema.py" line="340" name="test_load_dump[True-True-False-dump-data_obj5-data_dict5-None-dict_answer5]" time="0.003"></testcase><testcase classname="zdevelop.tests.test_schema.TestLoadDump" file="zdevelop/tests/test_schema.py" line="340" name="test_load_dump[True-True-False-dump-data_obj6-data_dict6-None-None]" time="0.003"></testcase><testcase classname="zdevelop.tests.test_schema.TestLoadDump" file="zdevelop/tests/test_schema.py" line="340" name="test_load_dump[True-True-False-dump-data_obj7-data_dict7-None-None]" time="0.003"></testcase><testcase classname="zdevelop.tests.test_schema.TestLoadDump" file="zdevelop/tests/test_schema.py" line="340" name="test_load_dump[True-True-False-dump-data_obj8-data_dict8-None-None]" time="0.004"></testcase><testcase classname="zdevelop.tests.test_schema.TestLoadDump" file="zdevelop/tests/test_schema.py" line="340" name="test_load_dump[True-True-False-dump-data_obj9-data_dict9-None-None]" time="0.004"></testcase><testcase classname="zdevelop.tests.test_schema.TestLoadDump" file="zdevelop/tests/test_schema.py" line="340" name="test_load_dump[True-True-False-dump-data_obj10-data_dict10-None-None]" time="0.005"></testcase><testcase classname="zdevelop.tests.test_schema.TestLoadDump" file="zdevelop/tests/test_schema.py" line="340" name="test_load_dump[True-True-False-dump-data_obj11-data_dict11-None-None]" time="0.004"></testcase><testcase classname="zdevelop.tests.test_schema.TestLoadDump" file="zdevelop/tests/test_schema.py" line="340" name="test_load_dump[True-True-False-dump-data_obj12-data_dict12-None-None]" time="0.003"></testcase><testcase classname="zdevelop.tests.test_schema.TestLoadDump" file="zdevelop/tests/test_schema.py" line="340" name="test_load_dump[True-True-False-dump-data_obj13-data_dict13-None-None]" time="0.003"></testcase><testcase classname="zdevelop.tests.test_schema.TestLoadDump" file="zdevelop/tests/test_schema.py" line="340" name="test_load_dump[True-True-False-dump-data_obj14-data_dict14-None-None]" time="0.003"></testcase><testcase classname="zdevelop.tests.test_schema.TestLoadDump" file="zdevelop/tests/test_schema.py" line="340" name="test_load_dump[True-True-False-dump-data_obj15-data_dict15-None-None]" time="0.003"></testcase><testcase classname="zdevelop.tests.test_schema.TestLoadDump" file="zdevelop/tests/test_schema.py" line="340" name="test_load_dump[True-True-False-dump-data_obj16-data_dict16-None-None]" time="0.003"></testcase><testcase classname="zdevelop.tests.test_schema.TestLoadDump" file="zdevelop/tests/test_schema.py" line="340" name="test_load_dump[True-True-False-dump-data_obj17-data_dict17-None-None]" time="0.003"></testcase><testcase classname="zdevelop.tests.test_schema.TestLoadDump" file="zdevelop/tests/test_schema.py" line="340" name="test_load_dump[True-True-False-dump-data_obj18-data_dict18-None-None]" time="0.003"></testcase><testcase classname="zdevelop.tests.test_schema.TestLoadDump" file="zdevelop/tests/test_schema.py" line="340" name="test_load_dump[True-True-False-dump-data_obj19-data_dict19-None-None]" time="0.003"></testcase><testcase classname="zdevelop.tests.test_schema.TestLoadDump" file="zdevelop/tests/test_schema.py" line="340" name="test_load_dump[True-True-False-dump-data_obj20-data_dict20-None-None]" time="0.003"></testcase><testcase classname="zdevelop.tests.test_schema.TestLoadDump" file="zdevelop/tests/test_schema.py" line="340" name="test_load_dump[True-True-False-dump-data_obj21-data_dict21-None-None]" time="0.003"></testcase><testcase classname="zdevelop.tests.test_schema.TestLoadDump" file="zdevelop/tests/test_schema.py" line="340" name="test_load_dump[True-True-False-dump-data_obj22-data_dict22-None-None]" time="0.003"></testcase><testcase classname="zdevelop.tests.test_schema.TestLoadDump" file="zdevelop/tests/test_schema.py" line="340" name="test_load_dump[True-True-False-dump-data_obj23-data_dict23-None-None]" time="0.004"></testcase><testcase classname="zdevelop.tests.test_schema.TestLoadDump" file="zdevelop/tests/test_schema.py" line="340" name="test_load_dump[True-True-False-dump-data_obj24-data_dict24-None-None]" time="0.004"></testcase><testcase classname="zdevelop.tests.test_schema.TestLoadDump" file="zdevelop/tests/test_schema.py" line="340" name="test_load_dump[True-True-False-dump-data_obj25-data_dict25-None-None]" time="0.004"></testcase><testcase classname="zdevelop.tests.test_schema.TestLoadDump" file="zdevelop/tests/test_schema.py" line="340" name="test_load_dump[True-True-False-dump-data_obj26-data_dict26-None-None]" time="0.004"></testcase><testcase classname="zdevelop.tests.test_schema.TestLoadDump" file="zdevelop/tests/test_schema.py" line="340" name="test_load_dump[True-True-False-dump-data_obj27-data_dict27-None-None]" time="0.004"></testcase><testcase classname="zdevelop.tests.test_schema.TestLoadDump" file="zdevelop/tests/test_schema.py" line="340" name="test_load_dump[True-True-False-dump-data_obj28-data_dict28-None-None]" time="0.004"></testcase><testcase classname="zdevelop.tests.test_schema.TestLoadDump" file="zdevelop/tests/test_schema.py" line="340" name="test_load_dump[True-True-False-validate-data_obj0-data_dict0-None-None]" time="0.003"></testcase><testcase classname="zdevelop.tests.test_schema.TestLoadDump" file="zdevelop/tests/test_schema.py" line="340" name="test_load_dump[True-True-False-validate-data_obj1-data_dict1-None-None]" time="0.003"></testcase><testcase classname="zdevelop.tests.test_schema.TestLoadDump" file="zdevelop/tests/test_schema.py" line="340" name="test_load_dump[True-True-False-validate-data_obj2-data_dict2-None-None]" time="0.003"></testcase><testcase classname="zdevelop.tests.test_schema.TestLoadDump" file="zdevelop/tests/test_schema.py" line="340" name="test_load_dump[True-True-False-validate-data_obj3-data_dict3-None-dict_answer3]" time="0.003"></testcase><testcase classname="zdevelop.tests.test_schema.TestLoadDump" file="zdevelop/tests/test_schema.py" line="340" name="test_load_dump[True-True-False-validate-data_obj4-data_dict4-None-None]" time="0.003"></testcase><testcase classname="zdevelop.tests.test_schema.TestLoadDump" file="zdevelop/tests/test_schema.py" line="340" name="test_load_dump[True-True-False-validate-data_obj5-data_dict5-None-dict_answer5]" time="0.003"></testcase><testcase classname="zdevelop.tests.test_schema.TestLoadDump" file="zdevelop/tests/test_schema.py" line="340" name="test_load_dump[True-True-False-validate-data_obj6-data_dict6-None-None]" time="0.003"></testcase><testcase classname="zdevelop.tests.test_schema.TestLoadDump" file="zdevelop/tests/test_schema.py" line="340" name="test_load_dump[True-True-False-validate-data_obj7-data_dict7-None-None]" time="0.003"></testcase><testcase classname="zdevelop.tests.test_schema.TestLoadDump" file="zdevelop/tests/test_schema.py" line="340" name="test_load_dump[True-True-False-validate-data_obj8-data_dict8-None-None]" time="0.004"></testcase><testcase classname="zdevelop.tests.test_schema.TestLoadDump" file="zdevelop/tests/test_schema.py" line="340" name="test_load_dump[True-True-False-validate-data_obj9-data_dict9-None-None]" time="0.004"></testcase><testcase classname="zdevelop.tests.test_schema.TestLoadDump" file="zdevelop/tests/test_schema.py" line="340" name="test_load_dump[True-True-False-validate-data_obj10-data_dict10-None-None]" time="0.004"></testcase><testcase classname="zdevelop.tests.test_schema.TestLoadDump" file="zdevelop/tests/test_schema.py" line="340" name="test_load_dump[True-True-False-validate-data_obj11-data_dict11-None-None]" time="0.004"></testcase><testcase classname="zdevelop.tests.test_schema.TestLoadDump" file="zdevelop/tests/test_schema.py" line="340" name="test_load_dump[True-True-False-validate-data_obj12-data_dict12-None-None]" time="0.003"></testcase><testcase classname="zdevelop.tests.test_schema.TestLoadDump" file="zdevelop/tests/test_schema.py" line="340" name="test_load_dump[True-True-False-validate-data_obj13-data_dict13-None-None]" time="0.003"></testcase><testcase classname="zdevelop.tests.test_schema.TestLoadDump" file="zdevelop/tests/test_schema.py" line="340" name="test_load_dump[True-True-False-validate-data_obj14-data_dict14-None-None]" time="0.003"></testcase><testcase classname="zdevelop.tests.test_schema.TestLoadDump" file="zdevelop/tests/test_schema.py" line="340" name="test_load_dump[True-True-False-validate-data_obj15-data_dict15-None-None]" time="0.003"></testcase><testcase classname="zdevelop.tests.test_schema.TestLoadDump" file="zdevelop/tests/test_schema.py" line="340" name="test_load_dump[True-True-False-validate-data_obj16-data_dict16-None-None]" time="0.003"></testcase><testcase classname="zdevelop.tests.test_schema.TestLoadDump" file="zdevelop/tests/test_schema.py" line="340" name="test_load_dump[True-True-False-validate-data_obj17-data_dict17-None-None]" time="0.003"></testcase><testcase classname="zdevelop.tests.test_schema.TestLoadDump" file="zdevelop/tests/test_schema.py" line="340" name="test_load_dump[True-True-False-validate-data_obj18-data_dict18-None-None]" time="0.003"></testcase><testcase classname="zdevelop.tests.test_schema.TestLoadDump" file="zdevelop/tests/test_schema.py" line="340" name="test_load_dump[True-True-False-validate-data_obj19-data_dict19-None-None]" time="0.003"></testcase><testcase classname="zdevelop.tests.test_schema.TestLoadDump" file="zdevelop/tests/test_schema.py" line="340" name="test_load_dump[True-True-False-validate-data_obj20-data_dict20-None-None]" time="0.003"></testcase><testcase classname="zdevelop.tests.test_schema.TestLoadDump" file="zdevelop/tests/test_schema.py" line="340" name="test_load_dump[True-True-False-validate-data_obj21-data_dict21-None-None]" time="0.003"></testcase><testcase classname="zdevelop.tests.test_schema.TestLoadDump" file="zdevelop/tests/test_schema.py" line="340" name="test_load_dump[True-True-False-validate-data_obj22-data_dict22-None-None]" time="0.003"></testcase><testcase classname="zdevelop.tests.test_schema.TestLoadDump" file="zdevelop/tests/test_schema.py" line="340" name="test_load_dump[True-True-False-validate-data_obj23-data_dict23-None-None]" time="0.004"></testcase><testcase classname="zdevelop.tests.test_schema.TestLoadDump" file="zdevelop/tests/test_schema.py" line="340" name="test_load_dump[True-True-False-validate-data_obj24-data_dict24-None-None]" time="0.004"></testcase><testcase classname="zdevelop.tests.test_schema.TestLoadDump" file="zdevelop/tests/test_schema.py" line="340" name="test_load_dump[True-True-False-validate-data_obj25-data_dict25-None-None]" time="0.004"></testcase><testcase classname="zdevelop.tests.test_schema.TestLoadDump" file="zdevelop/tests/test_schema.py" line="340" name="test_load_dump[True-True-False-validate-data_obj26-data_dict26-None-None]" time="0.004"></testcase><testcase classname="zdevelop.tests.test_schema.TestLoadDump" file="zdevelop/tests/test_schema.py" line="340" name="test_load_dump[True-True-False-validate-data_obj27-data_dict27-None-None]" time="0.004"></testcase><testcase classname="zdevelop.tests.test_schema.TestLoadDump" file="zdevelop/tests/test_schema.py" line="340" name="test_load_dump[True-True-False-validate-data_obj28-data_dict28-None-None]" time="0.004"></testcase><testcase classname="zdevelop.tests.test_schema.TestLoadDump" file="zdevelop/tests/test_schema.py" line="340" name="test_load_dump[True-True-True-load-data_obj0-data_dict0-None-None]" time="0.003"><system-out>DATA DICT: {&apos;text&apos;: &apos;value&apos;}
DATA OBJ: Simple(text=&apos;value&apos;)
</system-out></testcase><testcase classname="zdevelop.tests.test_schema.TestLoadDump" file="zdevelop/tests/test_schema.py" line="340" name="test_load_dump[True-True-True-load-data_obj1-data_dict1-None-None]" time="0.003"><system-out>DATA DICT: {&apos;text&apos;: &apos;value&apos;}
DATA OBJ: SimpleOptional(text=&apos;value&apos;)
</system-out></testcase><testcase classname="zdevelop.tests.test_schema.TestLoadDump" file="zdevelop/tests/test_schema.py" line="340" name="test_load_dump[True-True-True-load-data_obj2-data_dict2-None-None]" time="0.003"><system-out>DATA DICT: {&apos;text&apos;: None}
DATA OBJ: SimpleOptional(text=None)
</system-out></testcase><testcase classname="zdevelop.tests.test_schema.TestLoadDump" file="zdevelop/tests/test_schema.py" line="340" name="test_load_dump[True-True-True-load-data_obj3-data_dict3-None-dict_answer3]" time="0.003"><system-out>DATA DICT: {}
DATA OBJ: SimpleDefault(text=&apos;value&apos;)
</system-out></testcase><testcase classname="zdevelop.tests.test_schema.TestLoadDump" file="zdevelop/tests/test_schema.py" line="340" name="test_load_dump[True-True-True-load-data_obj4-data_dict4-None-None]" time="0.004"><system-out>DATA DICT: {&apos;text_list&apos;: [&apos;value1&apos;, &apos;value2&apos;]}
DATA OBJ: HasList(text_list=[&apos;value1&apos;, &apos;value2&apos;])
</system-out></testcase><testcase classname="zdevelop.tests.test_schema.TestLoadDump" file="zdevelop/tests/test_schema.py" line="340" name="test_load_dump[True-True-True-load-data_obj5-data_dict5-None-dict_answer5]" time="0.003"><system-out>DATA DICT: {}
DATA OBJ: HasListDefault(text_list=[])
</system-out></testcase><testcase classname="zdevelop.tests.test_schema.TestLoadDump" file="zdevelop/tests/test_schema.py" line="340" name="test_load_dump[True-True-True-load-data_obj6-data_dict6-None-None]" time="0.004"><system-out>DATA DICT: {&apos;int_mapping&apos;: {&apos;one&apos;: 1, &apos;two&apos;: 2}}
DATA OBJ: HasDict(int_mapping={&apos;one&apos;: 1, &apos;two&apos;: 2})
</system-out></testcase><testcase classname="zdevelop.tests.test_schema.TestLoadDump" file="zdevelop/tests/test_schema.py" line="340" name="test_load_dump[True-True-True-load-data_obj7-data_dict7-None-None]" time="0.003"><system-out>DATA DICT: {&apos;int_mapping&apos;: {&apos;one&apos;: 1, &apos;two&apos;: 2}}
DATA OBJ: HasBaseDict(int_mapping={&apos;one&apos;: 1, &apos;two&apos;: 2})
</system-out></testcase><testcase classname="zdevelop.tests.test_schema.TestLoadDump" file="zdevelop/tests/test_schema.py" line="340" name="test_load_dump[True-True-True-load-data_obj8-data_dict8-None-None]" time="0.005"><system-out>DATA DICT: {&apos;nested&apos;: {&apos;text&apos;: &apos;value&apos;}}
DATA OBJ: SimpleRoot(nested=SimpleNested(text=&apos;value&apos;))
</system-out></testcase><testcase classname="zdevelop.tests.test_schema.TestLoadDump" file="zdevelop/tests/test_schema.py" line="340" name="test_load_dump[True-True-True-load-data_obj9-data_dict9-None-None]" time="0.005"><system-out>DATA DICT: {&apos;nested&apos;: {&apos;text&apos;: &apos;value&apos;}}
DATA OBJ: OptionalRoot(nested=OptionalNested(text=&apos;value&apos;))
</system-out></testcase><testcase classname="zdevelop.tests.test_schema.TestLoadDump" file="zdevelop/tests/test_schema.py" line="340" name="test_load_dump[True-True-True-load-data_obj10-data_dict10-None-None]" time="0.005"><system-out>DATA DICT: {&apos;nested&apos;: {&apos;text&apos;: None}}
DATA OBJ: OptionalRoot(nested=OptionalNested(text=None))
</system-out></testcase><testcase classname="zdevelop.tests.test_schema.TestLoadDump" file="zdevelop/tests/test_schema.py" line="340" name="test_load_dump[True-True-True-load-data_obj11-data_dict11-None-None]" time="0.005"><system-out>DATA DICT: {&apos;nested&apos;: [{&apos;text&apos;: &apos;value1&apos;}, {&apos;text&apos;: &apos;value2&apos;}]}
DATA OBJ: ListRoot(nested=[ListNested(text=&apos;value1&apos;), ListNested(text=&apos;value2&apos;)])
</system-out></testcase><testcase classname="zdevelop.tests.test_schema.TestLoadDump" file="zdevelop/tests/test_schema.py" line="340" name="test_load_dump[True-True-True-load-data_obj12-data_dict12-None-None]" time="0.004"><system-out>DATA DICT: {&apos;value&apos;: &apos;answer&apos;}
DATA OBJ: ConcreteTypeVar(value=&apos;answer&apos;)
</system-out></testcase><testcase classname="zdevelop.tests.test_schema.TestLoadDump" file="zdevelop/tests/test_schema.py" line="340" name="test_load_dump[True-True-True-load-data_obj13-data_dict13-None-None]" time="0.004"><system-out>DATA DICT: {&apos;value&apos;: &apos;answer&apos;}
DATA OBJ: OptionalConcrete(value=&apos;answer&apos;)
</system-out></testcase><testcase classname="zdevelop.tests.test_schema.TestLoadDump" file="zdevelop/tests/test_schema.py" line="340" name="test_load_dump[True-True-True-load-data_obj14-data_dict14-None-None]" time="0.004"><system-out>DATA DICT: {&apos;value&apos;: None}
DATA OBJ: OptionalConcrete(value=None)
</system-out></testcase><testcase classname="zdevelop.tests.test_schema.TestLoadDump" file="zdevelop/tests/test_schema.py" line="340" name="test_load_dump[True-True-True-load-data_obj15-data_dict15-None-None]" time="0.003"><system-out>DATA DICT: {&apos;value&apos;: &apos;someone@gmail.com&apos;}
DATA OBJ: HasEmail(value=&apos;someone@gmail.com&apos;)
</system-out></testcase><testcase classname="zdevelop.tests.test_schema.TestLoadDump" file="zdevelop/tests/test_schema.py" line="340" name="test_load_dump[True-True-True-load-data_obj16-data_dict16-None-None]" time="0.003"><system-out>DATA DICT: {&apos;value&apos;: &apos;https://www.google.com&apos;}
DATA OBJ: HasURL(value=&apos;https://www.google.com&apos;)
</system-out></testcase><testcase classname="zdevelop.tests.test_schema.TestLoadDump" file="zdevelop/tests/test_schema.py" line="340" name="test_load_dump[True-True-True-load-data_obj17-data_dict17-None-None]" time="0.005"><system-out>DATA DICT: {&apos;value&apos;: &apos;05281639-498a-40db-a2c9-629b10f9cc52&apos;}
DATA OBJ: HasUUID(value=UUID(&apos;05281639-498a-40db-a2c9-629b10f9cc52&apos;))
</system-out></testcase><testcase classname="zdevelop.tests.test_schema.TestLoadDump" file="zdevelop/tests/test_schema.py" line="340" name="test_load_dump[True-True-True-load-data_obj18-data_dict18-None-None]" time="0.004"><system-out>DATA DICT: {&apos;value&apos;: &apos;2020-02-25T19:02:20.115180+00:00&apos;}
DATA OBJ: HasDateTime(value=datetime.datetime(2020, 2, 25, 19, 2, 20, 115180, tzinfo=&lt;UTC&gt;))
</system-out></testcase><testcase classname="zdevelop.tests.test_schema.TestLoadDump" file="zdevelop/tests/test_schema.py" line="340" name="test_load_dump[True-True-True-load-data_obj19-data_dict19-None-None]" time="0.003"><system-out>DATA DICT: {&apos;value&apos;: &apos;2020-02-25&apos;}
DATA OBJ: HasDate(value=datetime.date(2020, 2, 25))
</system-out></testcase><testcase classname="zdevelop.tests.test_schema.TestLoadDump" file="zdevelop/tests/test_schema.py" line="340" name="test_load_dump[True-True-True-load-data_obj20-data_dict20-None-None]" time="0.003"><system-out>DATA DICT: {&apos;value&apos;: &apos;12:00:00&apos;}
DATA OBJ: HasTime(value=datetime.time(12, 0))
</system-out></testcase><testcase classname="zdevelop.tests.test_schema.TestLoadDump" file="zdevelop/tests/test_schema.py" line="340" name="test_load_dump[True-True-True-load-data_obj21-data_dict21-None-None]" time="0.003"><system-out>DATA DICT: {&apos;value&apos;: True}
DATA OBJ: HasBool(value=True)
</system-out></testcase><testcase classname="zdevelop.tests.test_schema.TestLoadDump" file="zdevelop/tests/test_schema.py" line="340" name="test_load_dump[True-True-True-load-data_obj22-data_dict22-None-None]" time="0.003"><system-out>DATA DICT: {&apos;value&apos;: False}
DATA OBJ: HasBool(value=False)
</system-out></testcase><testcase classname="zdevelop.tests.test_schema.TestLoadDump" file="zdevelop/tests/test_schema.py" line="340" name="test_load_dump[True-True-True-load-data_obj23-data_dict23-None-None]" time="0.005"><system-out>DATA DICT: {&apos;simple_list&apos;: [{&apos;text&apos;: &apos;value&apos;}, None]}
DATA OBJ: HasOptionalListItems(simple_list=[Simple(text=&apos;value&apos;), None])
</system-out></testcase><testcase classname="zdevelop.tests.test_schema.TestLoadDump" file="zdevelop/tests/test_schema.py" line="340" name="test_load_dump[True-True-True-load-data_obj24-data_dict24-None-None]" time="0.005"><system-out>DATA DICT: {&apos;simple_list&apos;: [None, {&apos;text&apos;: &apos;value&apos;}, None]}
DATA OBJ: HasOptionalListItems(simple_list=[None, Simple(text=&apos;value&apos;), None])
</system-out></testcase><testcase classname="zdevelop.tests.test_schema.TestLoadDump" file="zdevelop/tests/test_schema.py" line="340" name="test_load_dump[True-True-True-load-data_obj25-data_dict25-None-None]" time="0.005"><system-out>DATA DICT: {&apos;simple_list&apos;: [None, {&apos;text&apos;: &apos;value&apos;}]}
DATA OBJ: HasOptionalListItems(simple_list=[None, Simple(text=&apos;value&apos;)])
</system-out></testcase><testcase classname="zdevelop.tests.test_schema.TestLoadDump" file="zdevelop/tests/test_schema.py" line="340" name="test_load_dump[True-True-True-load-data_obj26-data_dict26-None-None]" time="0.005"><system-out>DATA DICT: {&apos;simple_list&apos;: [None, {&apos;text&apos;: &apos;value&apos;}, {&apos;text&apos;: &apos;value&apos;}, None, {&apos;text&apos;: &apos;value&apos;}]}
DATA OBJ: HasOptionalListItems(simple_list=[None, Simple(text=&apos;value&apos;), Simple(text=&apos;value&apos;), None, Simple(text=&apos;value&apos;)])
</system-out></testcase><testcase classname="zdevelop.tests.test_schema.TestLoadDump" file="zdevelop/tests/test_schema.py" line="340" name="test_load_dump[True-True-True-load-data_obj27-data_dict27-None-None]" time="0.004"><system-out>DATA DICT: {&apos;simple&apos;: None}
DATA OBJ: HasOptionalDataclass(simple=None)
</system-out></testcase><testcase classname="zdevelop.tests.test_schema.TestLoadDump" file="zdevelop/tests/test_schema.py" line="340" name="test_load_dump[True-True-True-load-data_obj28-data_dict28-None-None]" time="0.004"><system-out>DATA DICT: {&apos;key&apos;: &apos;value&apos;}
DATA OBJ: FrozenPostInit(key=&apos;value&apos;)
</system-out></testcase><testcase classname="zdevelop.tests.test_schema.TestLoadDump" file="zdevelop/tests/test_schema.py" line="340" name="test_load_dump[True-True-True-dump-data_obj0-data_dict0-None-None]" time="0.003"></testcase><testcase classname="zdevelop.tests.test_schema.TestLoadDump" file="zdevelop/tests/test_schema.py" line="340" name="test_load_dump[True-True-True-dump-data_obj1-data_dict1-None-None]" time="0.003"></testcase><testcase classname="zdevelop.tests.test_schema.TestLoadDump" file="zdevelop/tests/test_schema.py" line="340" name="test_load_dump[True-True-True-dump-data_obj2-data_dict2-None-None]" time="0.003"></testcase><testcase classname="zdevelop.tests.test_schema.TestLoadDump" file="zdevelop/tests/test_schema.py" line="340" name="test_load_dump[True-True-True-dump-data_obj3-data_dict3-None-dict_answer3]" time="0.004"></testcase><testcase classname="zdevelop.tests.test_schema.TestLoadDump" file="zdevelop/tests/test_schema.py" line="340" name="test_load_dump[True-True-True-dump-data_obj4-data_dict4-None-None]" time="0.003"></testcase><testcase classname="zdevelop.tests.test_schema.TestLoadDump" file="zdevelop/tests/test_schema.py" line="340" name="test_load_dump[True-True-True-dump-data_obj5-data_dict5-None-dict_answer5]" time="0.003"></testcase><testcase classname="zdevelop.tests.test_schema.TestLoadDump" file="zdevelop/tests/test_schema.py" line="340" name="test_load_dump[True-True-True-dump-data_obj6-data_dict6-None-None]" time="0.004"></testcase><testcase classname="zdevelop.tests.test_schema.TestLoadDump" file="zdevelop/tests/test_schema.py" line="340" name="test_load_dump[True-True-True-dump-data_obj7-data_dict7-None-None]" time="0.003"></testcase><testcase classname="zdevelop.tests.test_schema.TestLoadDump" file="zdevelop/tests/test_schema.py" line="340" name="test_load_dump[True-True-True-dump-data_obj8-data_dict8-None-None]" time="0.004"></testcase><testcase classname="zdevelop.tests.test_schema.TestLoadDump" file="zdevelop/tests/test_schema.py" line="340" name="test_load_dump[True-True-True-dump-data_obj9-data_dict9-None-None]" time="0.005"></testcase><testcase classname="zdevelop.tests.test_schema.TestLoadDump" file="zdevelop/tests/test_schema.py" line="340" name="test_load_dump[True-True-True-dump-data_obj10-data_dict10-None-None]" time="0.004"></testcase><testcase classname="zdevelop.tests.test_schema.TestLoadDump" file="zdevelop/tests/test_schema.py" line="340" name="test_load_dump[True-True-True-dump-data_obj11-data_dict11-None-None]" time="0.004"></testcase><testcase classname="zdevelop.tests.test_schema.TestLoadDump" file="zdevelop/tests/test_schema.py" line="340" name="test_load_dump[True-True-True-dump-data_obj12-data_dict12-None-None]" time="0.004"></testcase><testcase classname="zdevelop.tests.test_schema.TestLoadDump" file="zdevelop/tests/test_schema.py" line="340" name="test_load_dump[True-True-True-dump-data_obj13-data_dict13-None-None]" time="0.004"></testcase><testcase classname="zdevelop.tests.test_schema.TestLoadDump" file="zdevelop/tests/test_schema.py" line="340" name="test_load_dump[True-True-True-dump-data_obj14-data_dict14-None-None]" time="0.004"></testcase><testcase classname="zdevelop.tests.test_schema.TestLoadDump" file="zdevelop/tests/test_schema.py" line="340" name="test_load_dump[True-True-True-dump-data_obj15-data_dict15-None-None]" time="0.003"></testcase><testcase classname="zdevelop.tests.test_schema.TestLoadDump" file="zdevelop/tests/test_schema.py" line="340" name="test_load_dump[True-True-True-dump-data_obj16-data_dict16-None-None]" time="0.003"></testcase><testcase classname="zdevelop.tests.test_schema.TestLoadDump" file="zdevelop/tests/test_schema.py" line="340" name="test_load_dump[True-True-True-dump-data_obj17-data_dict17-None-None]" time="0.003"></testcase><testcase classname="zdevelop.tests.test_schema.TestLoadDump" file="zdevelop/tests/test_schema.py" line="340" name="test_load_dump[True-True-True-dump-data_obj18-data_dict18-None-None]" time="0.003"></testcase><testcase classname="zdevelop.tests.test_schema.TestLoadDump" file="zdevelop/tests/test_schema.py" line="340" name="test_load_dump[True-True-True-dump-data_obj19-data_dict19-None-None]" time="0.003"></testcase><testcase classname="zdevelop.tests.test_schema.TestLoadDump" file="zdevelop/tests/test_schema.py" line="340" name="test_load_dump[True-True-True-dump-data_obj20-data_dict20-None-None]" time="0.003"></testcase><testcase classname="zdevelop.tests.test_schema.TestLoadDump" file="zdevelop/tests/test_schema.py" line="340" name="test_load_dump[True-True-True-dump-data_obj21-data_dict21-None-None]" time="0.003"></testcase><testcase classname="zdevelop.tests.test_schema.TestLoadDump" file="zdevelop/tests/test_schema.py" line="340" name="test_load_dump[True-True-True-dump-data_obj22-data_dict22-None-None]" time="0.003"></testcase><testcase classname="zdevelop.tests.test_schema.TestLoadDump" file="zdevelop/tests/test_schema.py" line="340" name="test_load_dump[True-True-True-dump-data_obj23-data_dict23-None-None]" time="0.005"></testcase><testcase classname="zdevelop.tests.test_schema.TestLoadDump" file="zdevelop/tests/test_schema.py" line="340" name="test_load_dump[True-True-True-dump-data_obj24-data_dict24-None-None]" time="0.004"></testcase><testcase classname="zdevelop.tests.test_schema.TestLoadDump" file="zdevelop/tests/test_schema.py" line="340" name="test_load_dump[True-True-True-dump-data_obj25-data_dict25-None-None]" time="0.005"></testcase><testcase classname="zdevelop.tests.test_schema.TestLoadDump" file="zdevelop/tests/test_schema.py" line="340" name="test_load_dump[True-True-True-dump-data_obj26-data_dict26-None-None]" time="0.005"></testcase><testcase classname="zdevelop.tests.test_schema.TestLoadDump" file="zdevelop/tests/test_schema.py" line="340" name="test_load_dump[True-True-True-dump-data_obj27-data_dict27-None-None]" time="0.004"></testcase><testcase classname="zdevelop.tests.test_schema.TestLoadDump" file="zdevelop/tests/test_schema.py" line="340" name="test_load_dump[True-True-True-dump-data_obj28-data_dict28-None-None]" time="0.004"></testcase><testcase classname="zdevelop.tests.test_schema.TestLoadDump" file="zdevelop/tests/test_schema.py" line="340" name="test_load_dump[True-True-True-validate-data_obj0-data_dict0-None-None]" time="0.003"></testcase><testcase classname="zdevelop.tests.test_schema.TestLoadDump" file="zdevelop/tests/test_schema.py" line="340" name="test_load_dump[True-True-True-validate-data_obj1-data_dict1-None-None]" time="0.004"></testcase><testcase classname="zdevelop.tests.test_schema.TestLoadDump" file="zdevelop/tests/test_schema.py" line="340" name="test_load_dump[True-True-True-validate-data_obj2-data_dict2-None-None]" time="0.003"></testcase><testcase classname="zdevelop.tests.test_schema.TestLoadDump" file="zdevelop/tests/test_schema.py" line="340" name="test_load_dump[True-True-True-validate-data_obj3-data_dict3-None-dict_answer3]" time="0.003"></testcase><testcase classname="zdevelop.tests.test_schema.TestLoadDump" file="zdevelop/tests/test_schema.py" line="340" name="test_load_dump[True-True-True-validate-data_obj4-data_dict4-None-None]" time="0.003"></testcase><testcase classname="zdevelop.tests.test_schema.TestLoadDump" file="zdevelop/tests/test_schema.py" line="340" name="test_load_dump[True-True-True-validate-data_obj5-data_dict5-None-dict_answer5]" time="0.003"></testcase><testcase classname="zdevelop.tests.test_schema.TestLoadDump" file="zdevelop/tests/test_schema.py" line="340" name="test_load_dump[True-True-True-validate-data_obj6-data_dict6-None-None]" time="0.003"></testcase><testcase classname="zdevelop.tests.test_schema.TestLoadDump" file="zdevelop/tests/test_schema.py" line="340" name="test_load_dump[True-True-True-validate-data_obj7-data_dict7-None-None]" time="0.004"></testcase><testcase classname="zdevelop.tests.test_schema.TestLoadDump" file="zdevelop/tests/test_schema.py" line="340" name="test_load_dump[True-True-True-validate-data_obj8-data_dict8-None-None]" time="0.004"></testcase><testcase classname="zdevelop.tests.test_schema.TestLoadDump" file="zdevelop/tests/test_schema.py" line="340" name="test_load_dump[True-True-True-validate-data_obj9-data_dict9-None-None]" time="0.004"></testcase><testcase classname="zdevelop.tests.test_schema.TestLoadDump" file="zdevelop/tests/test_schema.py" line="340" name="test_load_dump[True-True-True-validate-data_obj10-data_dict10-None-None]" time="0.004"></testcase><testcase classname="zdevelop.tests.test_schema.TestLoadDump" file="zdevelop/tests/test_schema.py" line="340" name="test_load_dump[True-True-True-validate-data_obj11-data_dict11-None-None]" time="0.005"></testcase><testcase classname="zdevelop.tests.test_schema.TestLoadDump" file="zdevelop/tests/test_schema.py" line="340" name="test_load_dump[True-True-True-validate-data_obj12-data_dict12-None-None]" time="0.004"></testcase><testcase classname="zdevelop.tests.test_schema.TestLoadDump" file="zdevelop/tests/test_schema.py" line="340" name="test_load_dump[True-True-True-validate-data_obj13-data_dict13-None-None]" time="0.004"></testcase><testcase classname="zdevelop.tests.test_schema.TestLoadDump" file="zdevelop/tests/test_schema.py" line="340" name="test_load_dump[True-True-True-validate-data_obj14-data_dict14-None-None]" time="0.004"></testcase><testcase classname="zdevelop.tests.test_schema.TestLoadDump" file="zdevelop/tests/test_schema.py" line="340" name="test_load_dump[True-True-True-validate-data_obj15-data_dict15-None-None]" time="0.003"></testcase><testcase classname="zdevelop.tests.test_schema.TestLoadDump" file="zdevelop/tests/test_schema.py" line="340" name="test_load_dump[True-True-True-validate-data_obj16-data_dict16-None-None]" time="0.003"></testcase><testcase classname="zdevelop.tests.test_schema.TestLoadDump" file="zdevelop/tests/test_schema.py" line="340" name="test_load_dump[True-True-True-validate-data_obj17-data_dict17-None-None]" time="0.003"></testcase><testcase classname="zdevelop.tests.test_schema.TestLoadDump" file="zdevelop/tests/test_schema.py" line="340" name="test_load_dump[True-True-True-validate-data_obj18-data_dict18-None-None]" time="0.003"></testcase><testcase classname="zdevelop.tests.test_schema.TestLoadDump" file="zdevelop/tests/test_schema.py" line="340" name="test_load_dump[True-True-True-validate-data_obj19-data_dict19-None-None]" time="0.003"></testcase><testcase classname="zdevelop.tests.test_schema.TestLoadDump" file="zdevelop/tests/test_schema.py" line="340" name="test_load_dump[True-True-True-validate-data_obj20-data_dict20-None-None]" time="0.003"></testcase><testcase classname="zdevelop.tests.test_schema.TestLoadDump" file="zdevelop/tests/test_schema.py" line="340" name="test_load_dump[True-True-True-validate-data_obj21-data_dict21-None-None]" time="0.003"></testcase><testcase classname="zdevelop.tests.test_schema.TestLoadDump" file="zdevelop/tests/test_schema.py" line="340" name="test_load_dump[True-True-True-validate-data_obj22-data_dict22-None-None]" time="0.003"></testcase><testcase classname="zdevelop.tests.test_schema.TestLoadDump" file="zdevelop/tests/test_schema.py" line="340" name="test_load_dump[True-True-True-validate-data_obj23-data_dict23-None-None]" time="0.005"></testcase><testcase classname="zdevelop.tests.test_schema.TestLoadDump" file="zdevelop/tests/test_schema.py" line="340" name="test_load_dump[True-True-True-validate-data_obj24-data_dict24-None-None]" time="0.005"></testcase><testcase classname="zdevelop.tests.test_schema.TestLoadDump" file="zdevelop/tests/test_schema.py" line="340" name="test_load_dump[True-True-True-validate-data_obj25-data_dict25-None-None]" time="0.005"></testcase><testcase classname="zdevelop.tests.test_schema.TestLoadDump" file="zdevelop/tests/test_schema.py" line="340" name="test_load_dump[True-True-True-validate-data_obj26-data_dict26-None-None]" time="0.005"></testcase><testcase classname="zdevelop.tests.test_schema.TestLoadDump" file="zdevelop/tests/test_schema.py" line="340" name="test_load_dump[True-True-True-validate-data_obj27-data_dict27-None-None]" time="0.004"></testcase><testcase classname="zdevelop.tests.test_schema.TestLoadDump" file="zdevelop/tests/test_schema.py" line="340" name="test_load_dump[True-True-True-validate-data_obj28-data_dict28-None-None]" time="0.004"></testcase><testcase classname="zdevelop.tests.test_schema.TestLoadDump" file="zdevelop/tests/test_schema.py" line="398" name="test_dump_from_non_dict" time="0.002"></testcase><testcase classname="zdevelop.tests.test_schema.TestPartial" file="zdevelop/tests/test_schema.py" line="424" name="test_partial" time="0.006"></testcase><testcase classname="zdevelop.tests.test_schema.TestPartial" file="zdevelop/tests/test_schema.py" line="436" name="test_partial_raises" time="0.004"></testcase><testcase classname="zdevelop.tests.test_schema.TestPartial" file="zdevelop/tests/test_schema.py" line="446" name="test_load_partial_generic" time="0.004"></testcase><testcase classname="zdevelop.tests.test_schema.TestPartial" file="zdevelop/tests/test_schema.py" line="455" name="test_load_partial_default" time="0.003"></testcase><testcase classname="zdevelop.tests.test_schema.TestPartial" file="zdevelop/tests/test_schema.py" line="464" name="test_load_partial_default_factory" time="0.003"></testcase><testcase classname="zdevelop.tests.test_schema.TestPartial" file="zdevelop/tests/test_schema.py" line="473" name="test_exclude_nested" time="0.006"></testcase><testcase classname="zdevelop.tests.test_schema.TestPartial" file="zdevelop/tests/test_schema.py" line="489" name="test_exclude_nested_root" time="0.006"></testcase><testcase classname="zdevelop.tests.test_schema.TestPartial" file="zdevelop/tests/test_schema.py" line="509" name="test_load_partial_missing" time="0.003"></testcase><testcase classname="zdevelop.tests.test_schema.TestPartial" file="zdevelop/tests/test_schema.py" line="521" name="test_datetime_missing" time="0.007"></testcase><testcase classname="zdevelop.tests.test_schema.TestOtherSchemas" file="zdevelop/tests/test_schema.py" line="545" name="test_load_with_type_schema" time="0.003"><system-out>{&apos;denominator&apos;: 4, &apos;numerator&apos;: 3}
loaded: HasFractions(frac=Fraction(3, 4))
</system-out></testcase><testcase classname="zdevelop.tests.test_schema.TestOtherSchemas" file="zdevelop/tests/test_schema.py" line="559" name="test_dump_with_type_schema" time="0.002"><system-out>dumped: {&apos;frac&apos;: {&apos;denominator&apos;: 4, &apos;numerator&apos;: 3}}
</system-out></testcase><testcase classname="zdevelop.tests.test_schema.TestOtherSchemas" file="zdevelop/tests/test_schema.py" line="573" name="test_load_with_type_field" time="0.003"><system-out>loaded: HasFractions(frac=Fraction(3, 4))
</system-out></testcase><testcase classname="zdevelop.tests.test_schema.TestOtherSchemas" file="zdevelop/tests/test_schema.py" line="585" name="test_dump_with_type_field" time="0.002"><system-out>dumped: {&apos;frac&apos;: &apos;3/4&apos;}
</system-out></testcase><testcase classname="zdevelop.tests.test_schema.TestOtherSchemas" file="zdevelop/tests/test_schema.py" line="597" name="test_dataclass_field_handler" time="0.004"></testcase><testcase classname="zdevelop.tests.test_schema.TestOtherSchemas" file="zdevelop/tests/test_schema.py" line="618" name="test_exclude_field" time="0.004"><system-out>loaded: TestOtherSchemas.test_exclude_field.&lt;locals&gt;.X(field1=&lt;VALUE MISSING&gt;, field2=&apos;value2&apos;)
dumped: {&apos;field2&apos;: &apos;value2&apos;}
dumped: {&apos;field2&apos;: &apos;value2&apos;}
</system-out></testcase><testcase classname="zdevelop.tests.test_schema.TestOtherSchemas" file="zdevelop/tests/test_schema.py" line="645" name="test_normalize_many_load" time="0.003"></testcase><testcase classname="zdevelop.tests.test_schema.TestGarams" file="zdevelop/tests/test_schema.py" line="664" name="test_validator_passes" time="0.003"></testcase><testcase classname="zdevelop.tests.test_schema.TestGarams" file="zdevelop/tests/test_schema.py" line="670" name="test_validator_fails" time="0.002"></testcase><testcase classname="zdevelop.tests.test_schema.TestGarams" file="zdevelop/tests/test_schema.py" line="680" name="test_field_required" time="0.003"></testcase><testcase classname="zdevelop.tests.test_schema.TestGarams" file="zdevelop/tests/test_schema.py" line="693" name="test_field_required_garams" time="0.003"></testcase><testcase classname="zdevelop.tests.test_schema.TestGarams" file="zdevelop/tests/test_schema.py" line="704" name="test_schema_does_not_inherit_validators" time="0.007"></testcase><testcase classname="zdevelop.tests.test_schema.TestGarams" file="zdevelop/tests/test_schema.py" line="729" name="test_schema_write_protection" time="0.004"></testcase><testcase classname="zdevelop.tests.test_schema.TestGarams" file="zdevelop/tests/test_schema.py" line="747" name="test_schema_write_protection_data_schema_typed" time="0.004"></testcase><testcase classname="zdevelop.tests.test_schema.TestLoadDefaults" file="zdevelop/tests/test_schema.py" line="770" name="test_regular_default" time="0.003"></testcase><testcase classname="zdevelop.tests.test_schema.TestLoadDefaults" file="zdevelop/tests/test_schema.py" line="782" name="test_factory_default" time="0.005"></testcase><testcase classname="zdevelop.tests.test_schema.TestLoadDefaults" file="zdevelop/tests/test_schema.py" line="794" name="test_no_default_still_missing" time="0.003"></testcase><testcase classname="zdevelop.tests.test_schema.TestTypeHandlers" file="zdevelop/tests/test_schema.py" line="808" name="test_type_handler_add_func" time="0.003"></testcase><testcase classname="zdevelop.tests.test_schema.TestTypeHandlers" file="zdevelop/tests/test_schema.py" line="819" name="test_type_handler_add_func_false" time="0.003"></testcase><testcase classname="zdevelop.tests.test_schema.TestTypeHandlers" file="zdevelop/tests/test_schema.py" line="830" name="test_type_handler_add_decorator" time="0.003"></testcase><testcase classname="zdevelop.tests.test_schema.TestTypeHandlers" file="zdevelop/tests/test_schema.py" line="843" name="test_type_handler_add_decorator_false" time="0.003"></testcase><testcase classname="zdevelop.tests.test_schema.TestTypeHandlers" file="zdevelop/tests/test_schema.py" line="856" name="test_nested_handler" time="0.006"></testcase><testcase classname="zdevelop.tests.test_schema.TestTypeHandlers" file="zdevelop/tests/test_schema.py" line="872" name="test_nested_handler_decorator" time="0.006"></testcase><testcase classname="zdevelop.tests.test_schema.TestTypeHandlers" file="zdevelop/tests/test_schema.py" line="890" name="test_nested_handler_custom" time="0.006"></testcase><testcase classname="zdevelop.tests.test_schema.TestTypeHandlers" file="zdevelop/tests/test_schema.py" line="909" name="test_nested_handler_custom_decorator" time="0.006"></testcase><testcase classname="zdevelop.tests.test_schema.TestTypeHandlers" file="zdevelop/tests/test_schema.py" line="933" name="test_custom_type_converter" time="0.004"></testcase><testcase classname="zdevelop.tests.test_schema" file="zdevelop/tests/test_schema.py" line="956" name="test_marshmallow_method_validators" time="0.002"><system-out>{&apos;text&apos;: [&quot;&apos;text&apos; must be &apos;value&apos;&quot;]}
{}
</system-out></testcase></testsuite></testsuites>